[ 2018-11-30T22:07:59+08:00 ] 123.185.17.54 /Public/exitLogon
INFO: [ app_init ] --START--
INFO: Run Behavior\BuildLiteBehavior [ RunTime:0.001018s ]
INFO: [ app_init ] --END-- [ RunTime:0.014047s ]
INFO: [ app_begin ] --START--
INFO: Run Behavior\ReadHtmlCacheBehavior [ RunTime:0.001360s ]
INFO: [ app_begin ] --END-- [ RunTime:0.001391s ]
SQL: SHOW COLUMNS FROM `db_store_seller` [ RunTime:0.0080s ]
SQL: show  FULL columns from db_store_seller [ RunTime:0.0008s ]

[ 2018-11-30T22:08:04+08:00 ] 123.185.17.54 /Public/login
INFO: [ app_init ] --START--
INFO: Run Behavior\BuildLiteBehavior [ RunTime:0.000008s ]
INFO: [ app_init ] --END-- [ RunTime:0.000280s ]
INFO: [ app_begin ] --START--
INFO: Run Behavior\ReadHtmlCacheBehavior [ RunTime:0.000348s ]
INFO: [ app_begin ] --END-- [ RunTime:0.000371s ]
SQL: SHOW COLUMNS FROM `db_store_seller` [ RunTime:0.0009s ]
SQL: show  FULL columns from db_store_seller [ RunTime:0.0007s ]
SQL: SELECT `id`,`user_id`,`store_id`,`login_num`,`password`,`last_login_time`,`last_login_ip`,`group_id` FROM `db_store_seller` WHERE `seller_name` = 'firefly' LIMIT 1   [ RunTime:0.0005s ]
NOTIC: [8] Undefined index: HTTP_VIA /www/wwwroot/sapi.yizehuitong.com/Application/Common/Logic/StoreSellerLogic.class.php 第 174 行.
SQL: UPDATE `db_store_seller` SET `last_login_time`='1543586884',`login_num`='640',`last_login_ip`='123.185.17.54' WHERE `id` = 2 [ RunTime:0.0022s ]

[ 2018-11-30T22:08:04+08:00 ] 123.185.17.54 /Approval/getApproval
INFO: [ app_init ] --START--
INFO: Run Behavior\BuildLiteBehavior [ RunTime:0.000010s ]
INFO: [ app_init ] --END-- [ RunTime:0.000318s ]
INFO: [ app_begin ] --START--
INFO: Run Behavior\ReadHtmlCacheBehavior [ RunTime:0.000427s ]
INFO: [ app_begin ] --END-- [ RunTime:0.000450s ]
SQL: SHOW COLUMNS FROM `db_store_auth_group_access` [ RunTime:0.0007s ]
SQL: show  FULL columns from db_store_auth_group_access [ RunTime:0.0005s ]
SQL: SHOW COLUMNS FROM `db_store_auth_group` [ RunTime:0.0006s ]
SQL: show  FULL columns from db_store_auth_group [ RunTime:0.0006s ]
SQL: SHOW COLUMNS FROM `db_store_auth_menu` [ RunTime:0.0006s ]
SQL: show  FULL columns from db_store_auth_menu [ RunTime:0.0007s ]

[ 2018-11-30T22:08:10+08:00 ] 123.185.17.54 /Public/login
INFO: [ app_init ] --START--
INFO: Run Behavior\BuildLiteBehavior [ RunTime:0.000009s ]
INFO: [ app_init ] --END-- [ RunTime:0.000264s ]
INFO: [ app_begin ] --START--
INFO: Run Behavior\ReadHtmlCacheBehavior [ RunTime:0.000355s ]
INFO: [ app_begin ] --END-- [ RunTime:0.000392s ]
SQL: SHOW COLUMNS FROM `db_store_seller` [ RunTime:0.0013s ]
SQL: show  FULL columns from db_store_seller [ RunTime:0.0007s ]
SQL: SELECT `id`,`user_id`,`store_id`,`login_num`,`password`,`last_login_time`,`last_login_ip`,`group_id` FROM `db_store_seller` WHERE `seller_name` = 'firefly' LIMIT 1   [ RunTime:0.0006s ]
NOTIC: [8] Undefined index: HTTP_VIA /www/wwwroot/sapi.yizehuitong.com/Application/Common/Logic/StoreSellerLogic.class.php 第 174 行.
SQL: UPDATE `db_store_seller` SET `last_login_time`='1543586890',`login_num`='641',`last_login_ip`='123.185.17.54' WHERE `id` = 2 [ RunTime:0.0014s ]

[ 2018-11-30T22:08:10+08:00 ] 123.185.17.54 /Approval/getApproval
INFO: [ app_init ] --START--
INFO: Run Behavior\BuildLiteBehavior [ RunTime:0.000012s ]
INFO: [ app_init ] --END-- [ RunTime:0.000355s ]
INFO: [ app_begin ] --START--
INFO: Run Behavior\ReadHtmlCacheBehavior [ RunTime:0.000347s ]
INFO: [ app_begin ] --END-- [ RunTime:0.000370s ]
SQL: SHOW COLUMNS FROM `db_store_auth_group_access` [ RunTime:0.0007s ]
SQL: show  FULL columns from db_store_auth_group_access [ RunTime:0.0005s ]
SQL: SHOW COLUMNS FROM `db_store_auth_group` [ RunTime:0.0009s ]
SQL: show  FULL columns from db_store_auth_group [ RunTime:0.0007s ]
SQL: SHOW COLUMNS FROM `db_store_auth_menu` [ RunTime:0.0006s ]
SQL: show  FULL columns from db_store_auth_menu [ RunTime:0.0006s ]

[ 2018-11-30T22:08:26+08:00 ] 123.185.17.54 /Public/login
INFO: [ app_init ] --START--
INFO: Run Behavior\BuildLiteBehavior [ RunTime:0.000011s ]
INFO: [ app_init ] --END-- [ RunTime:0.000936s ]
INFO: [ app_begin ] --START--
INFO: Run Behavior\ReadHtmlCacheBehavior [ RunTime:0.001079s ]
INFO: [ app_begin ] --END-- [ RunTime:0.001112s ]
SQL: SHOW COLUMNS FROM `db_store_seller` [ RunTime:0.0009s ]
SQL: show  FULL columns from db_store_seller [ RunTime:0.0007s ]
SQL: SELECT `id`,`user_id`,`store_id`,`login_num`,`password`,`last_login_time`,`last_login_ip`,`group_id` FROM `db_store_seller` WHERE `seller_name` = 'eiie' LIMIT 1   [ RunTime:0.0005s ]
NOTIC: [8] Undefined index: HTTP_VIA /www/wwwroot/sapi.yizehuitong.com/Application/Common/Logic/StoreSellerLogic.class.php 第 174 行.
SQL: UPDATE `db_store_seller` SET `last_login_time`='1543586906',`login_num`='4',`last_login_ip`='123.185.17.54' WHERE `id` = 4 [ RunTime:0.0020s ]

[ 2018-11-30T22:08:26+08:00 ] 123.185.17.54 /Approval/getApproval
INFO: [ app_init ] --START--
INFO: Run Behavior\BuildLiteBehavior [ RunTime:0.000008s ]
INFO: [ app_init ] --END-- [ RunTime:0.000263s ]
INFO: [ app_begin ] --START--
INFO: Run Behavior\ReadHtmlCacheBehavior [ RunTime:0.000359s ]
INFO: [ app_begin ] --END-- [ RunTime:0.000383s ]
SQL: SHOW COLUMNS FROM `db_store_auth_group_access` [ RunTime:0.0007s ]
SQL: show  FULL columns from db_store_auth_group_access [ RunTime:0.0005s ]
SQL: SHOW COLUMNS FROM `db_store_auth_group` [ RunTime:0.0006s ]
SQL: show  FULL columns from db_store_auth_group [ RunTime:0.0006s ]
SQL: SHOW COLUMNS FROM `db_store_auth_menu` [ RunTime:0.0011s ]
SQL: show  FULL columns from db_store_auth_menu [ RunTime:0.0006s ]

[ 2018-11-30T22:15:06+08:00 ] 123.185.17.54 /Account/accountList
INFO: [ app_init ] --START--
INFO: Run Behavior\BuildLiteBehavior [ RunTime:0.000012s ]
INFO: [ app_init ] --END-- [ RunTime:0.002520s ]
INFO: [ app_begin ] --START--
INFO: Run Behavior\ReadHtmlCacheBehavior [ RunTime:0.001476s ]
INFO: [ app_begin ] --END-- [ RunTime:0.001501s ]
SQL: SHOW COLUMNS FROM `db_store_seller` [ RunTime:0.0010s ]
SQL: show  FULL columns from db_store_seller [ RunTime:0.0008s ]
SQL: SELECT `id`,`user_id`,`seller_name`,`group_id`,`last_login_time`,`last_login_ip`,`login_num`,`create_time`,`status` FROM `db_store_seller` WHERE `store_id` = 2 ORDER BY create_time DESC LIMIT 0,10   [ RunTime:0.0006s ]
SQL: SHOW COLUMNS FROM `db_store_auth_group` [ RunTime:0.0006s ]
SQL: SELECT `title` FROM `db_store_auth_group` WHERE `id` = 73 LIMIT 1   [ RunTime:0.0004s ]
SQL: SELECT `title` FROM `db_store_auth_group` WHERE `id` = 73 LIMIT 1   [ RunTime:0.0004s ]
SQL: SELECT `title` FROM `db_store_auth_group` WHERE `id` = 71 LIMIT 1   [ RunTime:0.0004s ]
SQL: SELECT `title` FROM `db_store_auth_group` WHERE `id` = 71 LIMIT 1   [ RunTime:0.0004s ]
SQL: SELECT `title` FROM `db_store_auth_group` WHERE `id` = 71 LIMIT 1   [ RunTime:0.0004s ]
SQL: SELECT COUNT(*) AS tp_count FROM `db_store_seller` WHERE `store_id` = 2 LIMIT 1   [ RunTime:0.0004s ]
NOTIC: [8] Undefined index: header /www/wwwroot/sapi.yizehuitong.com/Core/Library/Think/Page.class.php 第 141 行.

[ 2018-11-30T22:31:40+08:00 ] 123.185.17.54 /Account/accountList
INFO: [ app_init ] --START--
INFO: Run Behavior\BuildLiteBehavior [ RunTime:0.000011s ]
INFO: [ app_init ] --END-- [ RunTime:0.000949s ]
INFO: [ app_begin ] --START--
INFO: Run Behavior\ReadHtmlCacheBehavior [ RunTime:0.001079s ]
INFO: [ app_begin ] --END-- [ RunTime:0.001104s ]
SQL: SHOW COLUMNS FROM `db_store_seller` [ RunTime:0.0008s ]
SQL: show  FULL columns from db_store_seller [ RunTime:0.0007s ]
SQL: SELECT `id`,`user_id`,`seller_name`,`group_id`,`last_login_time`,`last_login_ip`,`login_num`,`create_time`,`status` FROM `db_store_seller` WHERE `store_id` = 2 ORDER BY create_time DESC LIMIT 0,10   [ RunTime:0.0005s ]
SQL: SHOW COLUMNS FROM `db_store_auth_group` [ RunTime:0.0005s ]
SQL: SELECT `title` FROM `db_store_auth_group` WHERE `id` = 73 LIMIT 1   [ RunTime:0.0004s ]
SQL: SELECT `title` FROM `db_store_auth_group` WHERE `id` = 73 LIMIT 1   [ RunTime:0.0004s ]
SQL: SELECT `title` FROM `db_store_auth_group` WHERE `id` = 71 LIMIT 1   [ RunTime:0.0004s ]
SQL: SELECT `title` FROM `db_store_auth_group` WHERE `id` = 71 LIMIT 1   [ RunTime:0.0003s ]
SQL: SELECT `title` FROM `db_store_auth_group` WHERE `id` = 71 LIMIT 1   [ RunTime:0.0003s ]
SQL: SELECT COUNT(*) AS tp_count FROM `db_store_seller` WHERE `store_id` = 2 LIMIT 1   [ RunTime:0.0004s ]
NOTIC: [8] Undefined index: header /www/wwwroot/sapi.yizehuitong.com/Core/Library/Think/Page.class.php 第 141 行.

[ 2018-11-30T22:31:48+08:00 ] 123.185.17.54 /Account/getRoleById
INFO: [ app_init ] --START--
INFO: Run Behavior\BuildLiteBehavior [ RunTime:0.000012s ]
INFO: [ app_init ] --END-- [ RunTime:0.000995s ]
INFO: [ app_begin ] --START--
INFO: Run Behavior\ReadHtmlCacheBehavior [ RunTime:0.001195s ]
INFO: [ app_begin ] --END-- [ RunTime:0.001234s ]
SQL: SHOW COLUMNS FROM `db_store_seller` [ RunTime:0.0008s ]
SQL: show  FULL columns from db_store_seller [ RunTime:0.0006s ]
SQL: SHOW COLUMNS FROM `db_store_auth_group` [ RunTime:0.0005s ]
SQL: SELECT `id`,`title`,`explain`,`rules` FROM `db_store_auth_group` WHERE `id` = 71 ORDER BY create_time DESC LIMIT 1   [ RunTime:0.0004s ]
SQL: SHOW COLUMNS FROM `db_store_auth_menu` [ RunTime:0.0005s ]
SQL: SELECT `id`,`remark`,`fid` FROM `db_store_auth_menu` WHERE `status` = 1  [ RunTime:0.0004s ]

[ 2018-11-30T22:31:54+08:00 ] 123.185.17.54 /Account/accountList
INFO: [ app_init ] --START--
INFO: Run Behavior\BuildLiteBehavior [ RunTime:0.000009s ]
INFO: [ app_init ] --END-- [ RunTime:0.000271s ]
INFO: [ app_begin ] --START--
INFO: Run Behavior\ReadHtmlCacheBehavior [ RunTime:0.000386s ]
INFO: [ app_begin ] --END-- [ RunTime:0.000411s ]
SQL: SHOW COLUMNS FROM `db_store_seller` [ RunTime:0.0010s ]
SQL: show  FULL columns from db_store_seller [ RunTime:0.0008s ]
SQL: SELECT `id`,`user_id`,`seller_name`,`group_id`,`last_login_time`,`last_login_ip`,`login_num`,`create_time`,`status` FROM `db_store_seller` WHERE `store_id` = 2 ORDER BY create_time DESC LIMIT 0,10   [ RunTime:0.0006s ]
SQL: SHOW COLUMNS FROM `db_store_auth_group` [ RunTime:0.0006s ]
SQL: SELECT `title` FROM `db_store_auth_group` WHERE `id` = 73 LIMIT 1   [ RunTime:0.0005s ]
SQL: SELECT `title` FROM `db_store_auth_group` WHERE `id` = 73 LIMIT 1   [ RunTime:0.0004s ]
SQL: SELECT `title` FROM `db_store_auth_group` WHERE `id` = 71 LIMIT 1   [ RunTime:0.0004s ]
SQL: SELECT `title` FROM `db_store_auth_group` WHERE `id` = 71 LIMIT 1   [ RunTime:0.0004s ]
SQL: SELECT `title` FROM `db_store_auth_group` WHERE `id` = 71 LIMIT 1   [ RunTime:0.0004s ]
SQL: SELECT COUNT(*) AS tp_count FROM `db_store_seller` WHERE `store_id` = 2 LIMIT 1   [ RunTime:0.0004s ]
NOTIC: [8] Undefined index: header /www/wwwroot/sapi.yizehuitong.com/Core/Library/Think/Page.class.php 第 141 行.

[ 2018-11-30T22:32:06+08:00 ] 123.185.17.54 /Account/getRoleById
INFO: [ app_init ] --START--
INFO: Run Behavior\BuildLiteBehavior [ RunTime:0.000013s ]
INFO: [ app_init ] --END-- [ RunTime:0.000317s ]
INFO: [ app_begin ] --START--
INFO: Run Behavior\ReadHtmlCacheBehavior [ RunTime:0.000386s ]
INFO: [ app_begin ] --END-- [ RunTime:0.000410s ]
SQL: SHOW COLUMNS FROM `db_store_seller` [ RunTime:0.0008s ]
SQL: show  FULL columns from db_store_seller [ RunTime:0.0006s ]
SQL: SHOW COLUMNS FROM `db_store_auth_group` [ RunTime:0.0006s ]
SQL: SELECT `id`,`title`,`explain`,`rules` FROM `db_store_auth_group` WHERE `id` = 71 ORDER BY create_time DESC LIMIT 1   [ RunTime:0.0005s ]
SQL: SHOW COLUMNS FROM `db_store_auth_menu` [ RunTime:0.0006s ]
SQL: SELECT `id`,`remark`,`fid` FROM `db_store_auth_menu` WHERE `status` = 1  [ RunTime:0.0006s ]

[ 2018-11-30T22:32:09+08:00 ] 123.185.17.54 /Account/accountList
INFO: [ app_init ] --START--
INFO: Run Behavior\BuildLiteBehavior [ RunTime:0.000011s ]
INFO: [ app_init ] --END-- [ RunTime:0.000288s ]
INFO: [ app_begin ] --START--
INFO: Run Behavior\ReadHtmlCacheBehavior [ RunTime:0.000389s ]
INFO: [ app_begin ] --END-- [ RunTime:0.000414s ]
SQL: SHOW COLUMNS FROM `db_store_seller` [ RunTime:0.0009s ]
SQL: show  FULL columns from db_store_seller [ RunTime:0.0007s ]
SQL: SELECT `id`,`user_id`,`seller_name`,`group_id`,`last_login_time`,`last_login_ip`,`login_num`,`create_time`,`status` FROM `db_store_seller` WHERE `store_id` = 2 ORDER BY create_time DESC LIMIT 0,10   [ RunTime:0.0006s ]
SQL: SHOW COLUMNS FROM `db_store_auth_group` [ RunTime:0.0006s ]
SQL: SELECT `title` FROM `db_store_auth_group` WHERE `id` = 73 LIMIT 1   [ RunTime:0.0004s ]
SQL: SELECT `title` FROM `db_store_auth_group` WHERE `id` = 73 LIMIT 1   [ RunTime:0.0005s ]
SQL: SELECT `title` FROM `db_store_auth_group` WHERE `id` = 71 LIMIT 1   [ RunTime:0.0004s ]
SQL: SELECT `title` FROM `db_store_auth_group` WHERE `id` = 71 LIMIT 1   [ RunTime:0.0003s ]
SQL: SELECT `title` FROM `db_store_auth_group` WHERE `id` = 71 LIMIT 1   [ RunTime:0.0004s ]
SQL: SELECT COUNT(*) AS tp_count FROM `db_store_seller` WHERE `store_id` = 2 LIMIT 1   [ RunTime:0.0004s ]
NOTIC: [8] Undefined index: header /www/wwwroot/sapi.yizehuitong.com/Core/Library/Think/Page.class.php 第 141 行.

[ 2018-11-30T22:32:15+08:00 ] 123.185.17.54 /Account/roleList
INFO: [ app_init ] --START--
INFO: Run Behavior\BuildLiteBehavior [ RunTime:0.000014s ]
INFO: [ app_init ] --END-- [ RunTime:0.000354s ]
INFO: [ app_begin ] --START--
INFO: Run Behavior\ReadHtmlCacheBehavior [ RunTime:0.000387s ]
INFO: [ app_begin ] --END-- [ RunTime:0.000409s ]
SQL: SHOW COLUMNS FROM `db_store_seller` [ RunTime:0.0008s ]
SQL: show  FULL columns from db_store_seller [ RunTime:0.0006s ]
NOTIC: [8] Undefined index: page /www/wwwroot/sapi.yizehuitong.com/Application/Common/Logic/StoreSellerLogic.class.php 第 221 行.
SQL: SHOW COLUMNS FROM `db_store_auth_group` [ RunTime:0.0007s ]
NOTIC: [8] Undefined index: limit /www/wwwroot/sapi.yizehuitong.com/Core/Library/Think/Db/Driver.class.php 第 955 行.
SQL: SELECT `id`,`title`,`explain` FROM `db_store_auth_group` ORDER BY create_time DESC LIMIT 0,20   [ RunTime:0.0005s ]
SQL: SELECT COUNT(*) AS tp_count FROM `db_store_auth_group` LIMIT 1   [ RunTime:0.0003s ]
NOTIC: [8] Undefined index: header /www/wwwroot/sapi.yizehuitong.com/Core/Library/Think/Page.class.php 第 141 行.

[ 2018-11-30T22:32:15+08:00 ] 123.185.17.54 /Account/getAccountInfo
INFO: [ app_init ] --START--
INFO: Run Behavior\BuildLiteBehavior [ RunTime:0.000007s ]
INFO: [ app_init ] --END-- [ RunTime:0.000256s ]
INFO: [ app_begin ] --START--
INFO: Run Behavior\ReadHtmlCacheBehavior [ RunTime:0.000363s ]
INFO: [ app_begin ] --END-- [ RunTime:0.000386s ]
SQL: SHOW COLUMNS FROM `db_store_seller` [ RunTime:0.0007s ]
SQL: show  FULL columns from db_store_seller [ RunTime:0.0007s ]
SQL: SELECT `id`,`seller_name`,`user_id`,`status`,`group_id` FROM `db_store_seller` WHERE `id` = 2 LIMIT 1   [ RunTime:0.0005s ]
NOTIC: [8] Undefined index: message /www/wwwroot/sapi.yizehuitong.com/Application/Common/Logic/StoreSellerLogic.class.php 第 395 行.
NOTIC: [8] Undefined index: data /www/wwwroot/sapi.yizehuitong.com/Application/Common/Logic/StoreSellerLogic.class.php 第 395 行.

[ 2018-11-30T22:32:56+08:00 ] 123.185.17.54 /Account/saveAccount
INFO: [ app_init ] --START--
INFO: Run Behavior\BuildLiteBehavior [ RunTime:0.000011s ]
INFO: [ app_init ] --END-- [ RunTime:0.001035s ]
INFO: [ app_begin ] --START--
INFO: Run Behavior\ReadHtmlCacheBehavior [ RunTime:0.001163s ]
INFO: [ app_begin ] --END-- [ RunTime:0.001189s ]
SQL: SHOW COLUMNS FROM `db_store_seller` [ RunTime:0.0008s ]
SQL: show  FULL columns from db_store_seller [ RunTime:0.0006s ]
ERR: Call to undefined method Common\Logic\StoreSellerLogic::checkParam()

[ 2018-11-30T22:32:59+08:00 ] 123.185.17.54 /Account/saveAccount
INFO: [ app_init ] --START--
INFO: Run Behavior\BuildLiteBehavior [ RunTime:0.000010s ]
INFO: [ app_init ] --END-- [ RunTime:0.000927s ]
INFO: [ app_begin ] --START--
INFO: Run Behavior\ReadHtmlCacheBehavior [ RunTime:0.001193s ]
INFO: [ app_begin ] --END-- [ RunTime:0.001223s ]
SQL: SHOW COLUMNS FROM `db_store_seller` [ RunTime:0.0008s ]
SQL: show  FULL columns from db_store_seller [ RunTime:0.0006s ]
ERR: Call to undefined method Common\Logic\StoreSellerLogic::checkParam()

[ 2018-11-30T22:33:12+08:00 ] 123.185.17.54 /Account/saveAccount
INFO: [ app_init ] --START--
INFO: Run Behavior\BuildLiteBehavior [ RunTime:0.000018s ]
INFO: [ app_init ] --END-- [ RunTime:0.000926s ]
INFO: [ app_begin ] --START--
INFO: Run Behavior\ReadHtmlCacheBehavior [ RunTime:0.001044s ]
INFO: [ app_begin ] --END-- [ RunTime:0.001067s ]
SQL: SHOW COLUMNS FROM `db_store_seller` [ RunTime:0.0008s ]
SQL: show  FULL columns from db_store_seller [ RunTime:0.0008s ]
ERR: Call to undefined method Common\Logic\StoreSellerLogic::checkParam()

[ 2018-11-30T22:33:37+08:00 ] 123.185.17.54 /Account/saveAccount
INFO: [ app_init ] --START--
INFO: Run Behavior\BuildLiteBehavior [ RunTime:0.000012s ]
INFO: [ app_init ] --END-- [ RunTime:0.000944s ]
INFO: [ app_begin ] --START--
INFO: Run Behavior\ReadHtmlCacheBehavior [ RunTime:0.001040s ]
INFO: [ app_begin ] --END-- [ RunTime:0.001066s ]
SQL: SHOW COLUMNS FROM `db_store_seller` [ RunTime:0.0008s ]
SQL: show  FULL columns from db_store_seller [ RunTime:0.0006s ]
ERR: Call to undefined method Common\Logic\StoreSellerLogic::checkParam()

[ 2018-11-30T22:33:42+08:00 ] 123.185.17.54 /Account/accountList
INFO: [ app_init ] --START--
INFO: Run Behavior\BuildLiteBehavior [ RunTime:0.000012s ]
INFO: [ app_init ] --END-- [ RunTime:0.000367s ]
INFO: [ app_begin ] --START--
INFO: Run Behavior\ReadHtmlCacheBehavior [ RunTime:0.000499s ]
INFO: [ app_begin ] --END-- [ RunTime:0.000528s ]
SQL: SHOW COLUMNS FROM `db_store_seller` [ RunTime:0.0009s ]
SQL: show  FULL columns from db_store_seller [ RunTime:0.0007s ]
SQL: SELECT `id`,`user_id`,`seller_name`,`group_id`,`last_login_time`,`last_login_ip`,`login_num`,`create_time`,`status` FROM `db_store_seller` WHERE `store_id` = 2 ORDER BY create_time DESC LIMIT 0,10   [ RunTime:0.0005s ]
SQL: SHOW COLUMNS FROM `db_store_auth_group` [ RunTime:0.0006s ]
SQL: SELECT `title` FROM `db_store_auth_group` WHERE `id` = 73 LIMIT 1   [ RunTime:0.0004s ]
SQL: SELECT `title` FROM `db_store_auth_group` WHERE `id` = 73 LIMIT 1   [ RunTime:0.0004s ]
SQL: SELECT `title` FROM `db_store_auth_group` WHERE `id` = 71 LIMIT 1   [ RunTime:0.0004s ]
SQL: SELECT `title` FROM `db_store_auth_group` WHERE `id` = 71 LIMIT 1   [ RunTime:0.0004s ]
SQL: SELECT `title` FROM `db_store_auth_group` WHERE `id` = 71 LIMIT 1   [ RunTime:0.0004s ]
SQL: SELECT COUNT(*) AS tp_count FROM `db_store_seller` WHERE `store_id` = 2 LIMIT 1   [ RunTime:0.0004s ]
NOTIC: [8] Undefined index: header /www/wwwroot/sapi.yizehuitong.com/Core/Library/Think/Page.class.php 第 141 行.

[ 2018-11-30T22:33:49+08:00 ] 123.185.17.54 /Public/exitLogon
INFO: [ app_init ] --START--
INFO: Run Behavior\BuildLiteBehavior [ RunTime:0.000008s ]
INFO: [ app_init ] --END-- [ RunTime:0.000255s ]
INFO: [ app_begin ] --START--
INFO: Run Behavior\ReadHtmlCacheBehavior [ RunTime:0.000323s ]
INFO: [ app_begin ] --END-- [ RunTime:0.000346s ]
SQL: SHOW COLUMNS FROM `db_store_seller` [ RunTime:0.0008s ]
SQL: show  FULL columns from db_store_seller [ RunTime:0.0006s ]

[ 2018-11-30T22:33:56+08:00 ] 123.185.17.54 /Public/login
INFO: [ app_init ] --START--
INFO: Run Behavior\BuildLiteBehavior [ RunTime:0.000014s ]
INFO: [ app_init ] --END-- [ RunTime:0.000971s ]
INFO: [ app_begin ] --START--
INFO: Run Behavior\ReadHtmlCacheBehavior [ RunTime:0.001087s ]
INFO: [ app_begin ] --END-- [ RunTime:0.001114s ]
SQL: SHOW COLUMNS FROM `db_store_seller` [ RunTime:0.0008s ]
SQL: show  FULL columns from db_store_seller [ RunTime:0.0006s ]
SQL: SELECT `id`,`user_id`,`store_id`,`login_num`,`password`,`last_login_time`,`last_login_ip`,`group_id` FROM `db_store_seller` WHERE `seller_name` = 'firefly' LIMIT 1   [ RunTime:0.0006s ]
NOTIC: [8] Undefined index: HTTP_VIA /www/wwwroot/sapi.yizehuitong.com/Application/Common/Logic/StoreSellerLogic.class.php 第 174 行.
SQL: UPDATE `db_store_seller` SET `last_login_time`='1543588436',`login_num`='642',`last_login_ip`='123.185.17.54' WHERE `id` = 2 [ RunTime:0.0025s ]

[ 2018-11-30T22:33:56+08:00 ] 123.185.17.54 /Approval/getApproval
INFO: [ app_init ] --START--
INFO: Run Behavior\BuildLiteBehavior [ RunTime:0.000008s ]
INFO: [ app_init ] --END-- [ RunTime:0.000261s ]
INFO: [ app_begin ] --START--
INFO: Run Behavior\ReadHtmlCacheBehavior [ RunTime:0.000489s ]
INFO: [ app_begin ] --END-- [ RunTime:0.000512s ]
SQL: SHOW COLUMNS FROM `db_store_auth_group_access` [ RunTime:0.0007s ]
SQL: show  FULL columns from db_store_auth_group_access [ RunTime:0.0006s ]
SQL: SELECT `uid`,`group_id` FROM `db_store_auth_group_access` WHERE ( uid = '2' )  [ RunTime:0.0006s ]
SQL: SHOW COLUMNS FROM `db_store_auth_group` [ RunTime:0.0007s ]
SQL: show  FULL columns from db_store_auth_group [ RunTime:0.0006s ]
SQL: SELECT `id`,`rules` FROM `db_store_auth_group` WHERE ( id in(30) and status = 1 )  [ RunTime:0.0005s ]
SQL: SHOW COLUMNS FROM `db_store_auth_menu` [ RunTime:0.0007s ]
SQL: show  FULL columns from db_store_auth_menu [ RunTime:0.0007s ]
SQL: SELECT `id`,`redirect`,`remark`,`name`,`path`,`condition`,`component`,`fid` FROM `db_store_auth_menu` WHERE ( id in(1,3,4,18,27,32,46,51,62,68,71,91,5,6,7,8,9,10,12,13,14,15,16,17,19,20,21,22,23,24,25,26,28,29,30,31,33,34,35,36,37,38,39,47,48,49,50,52,53,59,60,61,63,64,65,66,67,69,70,72,73,74,75,76,77,78,79,81,82,83,84,85,86,87,88,89,90,91,92,93,94,95,96,97,99,100,101) and status = 1 )  [ RunTime:0.0008s ]

[ 2018-11-30T22:33:59+08:00 ] 123.185.17.54 /Public/login
INFO: [ app_init ] --START--
INFO: Run Behavior\BuildLiteBehavior [ RunTime:0.000009s ]
INFO: [ app_init ] --END-- [ RunTime:0.000287s ]
INFO: [ app_begin ] --START--
INFO: Run Behavior\ReadHtmlCacheBehavior [ RunTime:0.000446s ]
INFO: [ app_begin ] --END-- [ RunTime:0.000470s ]
SQL: SHOW COLUMNS FROM `db_store_seller` [ RunTime:0.0011s ]
SQL: show  FULL columns from db_store_seller [ RunTime:0.0008s ]
SQL: SELECT `id`,`user_id`,`store_id`,`login_num`,`password`,`last_login_time`,`last_login_ip`,`group_id` FROM `db_store_seller` WHERE `seller_name` = 'firefly' LIMIT 1   [ RunTime:0.0006s ]
NOTIC: [8] Undefined index: HTTP_VIA /www/wwwroot/sapi.yizehuitong.com/Application/Common/Logic/StoreSellerLogic.class.php 第 174 行.
SQL: UPDATE `db_store_seller` SET `last_login_time`='1543588439',`login_num`='643',`last_login_ip`='123.185.17.54' WHERE `id` = 2 [ RunTime:0.0015s ]

[ 2018-11-30T22:34:00+08:00 ] 123.185.17.54 /Approval/getApproval
INFO: [ app_init ] --START--
INFO: Run Behavior\BuildLiteBehavior [ RunTime:0.000013s ]
INFO: [ app_init ] --END-- [ RunTime:0.000387s ]
INFO: [ app_begin ] --START--
INFO: Run Behavior\ReadHtmlCacheBehavior [ RunTime:0.000523s ]
INFO: [ app_begin ] --END-- [ RunTime:0.000553s ]
SQL: SHOW COLUMNS FROM `db_store_auth_group_access` [ RunTime:0.0008s ]
SQL: show  FULL columns from db_store_auth_group_access [ RunTime:0.0007s ]
SQL: SHOW COLUMNS FROM `db_store_auth_group` [ RunTime:0.0009s ]
SQL: show  FULL columns from db_store_auth_group [ RunTime:0.0007s ]
SQL: SHOW COLUMNS FROM `db_store_auth_menu` [ RunTime:0.0006s ]
SQL: show  FULL columns from db_store_auth_menu [ RunTime:0.0018s ]

[ 2018-11-30T22:35:02+08:00 ] 123.185.17.54 /Public/login
INFO: [ app_init ] --START--
INFO: Run Behavior\BuildLiteBehavior [ RunTime:0.000010s ]
INFO: [ app_init ] --END-- [ RunTime:0.000975s ]
INFO: [ app_begin ] --START--
INFO: Run Behavior\ReadHtmlCacheBehavior [ RunTime:0.001031s ]
INFO: [ app_begin ] --END-- [ RunTime:0.001064s ]
SQL: SHOW COLUMNS FROM `db_store_seller` [ RunTime:0.0010s ]
SQL: show  FULL columns from db_store_seller [ RunTime:0.0008s ]
SQL: SELECT `id`,`user_id`,`store_id`,`login_num`,`password`,`last_login_time`,`last_login_ip`,`group_id` FROM `db_store_seller` WHERE `seller_name` = 'eiie' LIMIT 1   [ RunTime:0.0007s ]
NOTIC: [8] Undefined index: HTTP_VIA /www/wwwroot/sapi.yizehuitong.com/Application/Common/Logic/StoreSellerLogic.class.php 第 174 行.
SQL: UPDATE `db_store_seller` SET `last_login_time`='1543588502',`login_num`='5',`last_login_ip`='123.185.17.54' WHERE `id` = 4 [ RunTime:0.0018s ]

[ 2018-11-30T22:35:02+08:00 ] 123.185.17.54 /Approval/getApproval
INFO: [ app_init ] --START--
INFO: Run Behavior\BuildLiteBehavior [ RunTime:0.000114s ]
INFO: [ app_init ] --END-- [ RunTime:0.000372s ]
INFO: [ app_begin ] --START--
INFO: Run Behavior\ReadHtmlCacheBehavior [ RunTime:0.000390s ]
INFO: [ app_begin ] --END-- [ RunTime:0.000415s ]
SQL: SHOW COLUMNS FROM `db_store_auth_group_access` [ RunTime:0.0007s ]
SQL: show  FULL columns from db_store_auth_group_access [ RunTime:0.0005s ]
SQL: SELECT `uid`,`group_id` FROM `db_store_auth_group_access` WHERE ( uid = '4' )  [ RunTime:0.0006s ]
SQL: SHOW COLUMNS FROM `db_store_auth_group` [ RunTime:0.0008s ]
SQL: show  FULL columns from db_store_auth_group [ RunTime:0.0006s ]
SQL: SELECT `id`,`rules` FROM `db_store_auth_group` WHERE ( id in(71) and status = 1 )  [ RunTime:0.0005s ]
SQL: SHOW COLUMNS FROM `db_store_auth_menu` [ RunTime:0.0008s ]
SQL: show  FULL columns from db_store_auth_menu [ RunTime:0.0007s ]
SQL: SELECT `id`,`redirect`,`remark`,`name`,`path`,`condition`,`component`,`fid` FROM `db_store_auth_menu` WHERE ( id in(0,1,18,27,46,51,62,68,71,91,5,6,7,8,9,10,12,13,14,17,19,20,21,22,23,24,25,26,28,29,30,31,33,35,36,37,38,39,47,48,49,50,52,53,59,60,61,63,64,65,66,67,69,70,72) and status = 1 )  [ RunTime:0.0008s ]

[ 2018-11-30T22:35:05+08:00 ] 123.185.17.54 /Account/accountList
INFO: [ app_init ] --START--
INFO: Run Behavior\BuildLiteBehavior [ RunTime:0.000009s ]
INFO: [ app_init ] --END-- [ RunTime:0.000313s ]
INFO: [ app_begin ] --START--
INFO: Run Behavior\ReadHtmlCacheBehavior [ RunTime:0.000362s ]
INFO: [ app_begin ] --END-- [ RunTime:0.000386s ]
SQL: SHOW COLUMNS FROM `db_store_seller` [ RunTime:0.0010s ]
SQL: show  FULL columns from db_store_seller [ RunTime:0.0007s ]
SQL: SELECT `id`,`user_id`,`seller_name`,`group_id`,`last_login_time`,`last_login_ip`,`login_num`,`create_time`,`status` FROM `db_store_seller` WHERE `store_id` = 2 ORDER BY create_time DESC LIMIT 0,10   [ RunTime:0.0005s ]
SQL: SHOW COLUMNS FROM `db_store_auth_group` [ RunTime:0.0018s ]
SQL: SELECT `title` FROM `db_store_auth_group` WHERE `id` = 73 LIMIT 1   [ RunTime:0.0042s ]
SQL: SELECT `title` FROM `db_store_auth_group` WHERE `id` = 73 LIMIT 1   [ RunTime:0.0014s ]
SQL: SELECT `title` FROM `db_store_auth_group` WHERE `id` = 71 LIMIT 1   [ RunTime:0.0042s ]
SQL: SELECT `title` FROM `db_store_auth_group` WHERE `id` = 71 LIMIT 1   [ RunTime:0.0004s ]
SQL: SELECT `title` FROM `db_store_auth_group` WHERE `id` = 71 LIMIT 1   [ RunTime:0.0004s ]
SQL: SELECT COUNT(*) AS tp_count FROM `db_store_seller` WHERE `store_id` = 2 LIMIT 1   [ RunTime:0.0004s ]
NOTIC: [8] Undefined index: header /www/wwwroot/sapi.yizehuitong.com/Core/Library/Think/Page.class.php 第 141 行.

[ 2018-11-30T22:35:11+08:00 ] 123.185.17.54 /Logistics/shippingAddressList
INFO: [ app_init ] --START--
INFO: Run Behavior\BuildLiteBehavior [ RunTime:0.000010s ]
INFO: [ app_init ] --END-- [ RunTime:0.000369s ]
INFO: [ app_begin ] --START--
INFO: Run Behavior\ReadHtmlCacheBehavior [ RunTime:0.000355s ]
INFO: [ app_begin ] --END-- [ RunTime:0.000379s ]
SQL: SHOW COLUMNS FROM `db_send_address` [ RunTime:0.0009s ]
SQL: show  FULL columns from db_send_address [ RunTime:0.0007s ]
SQL: SELECT * FROM `db_send_address` WHERE `store_id` = 2  [ RunTime:0.0005s ]
SQL: SHOW COLUMNS FROM `db_region` [ RunTime:0.0007s ]
SQL: show  FULL columns from db_region [ RunTime:0.0006s ]
SQL: SELECT `name` FROM `db_region` WHERE `id` = 30 LIMIT 1   [ RunTime:0.0004s ]
SQL: SELECT `name` FROM `db_region` WHERE `id` = 470 LIMIT 1   [ RunTime:0.0004s ]
SQL: SELECT `name` FROM `db_region` WHERE `id` = 4906 LIMIT 1   [ RunTime:0.0004s ]
SQL: SELECT `name` FROM `db_region` WHERE `id` = 11 LIMIT 1   [ RunTime:0.0004s ]
SQL: SELECT `name` FROM `db_region` WHERE `id` = 175 LIMIT 1   [ RunTime:0.0004s ]
SQL: SELECT `name` FROM `db_region` WHERE `id` = 2134 LIMIT 1   [ RunTime:0.0003s ]
SQL: SELECT `name` FROM `db_region` WHERE `id` = 13 LIMIT 1   [ RunTime:0.0004s ]
SQL: SELECT `name` FROM `db_region` WHERE `id` = 204 LIMIT 1   [ RunTime:0.0003s ]
SQL: SELECT `name` FROM `db_region` WHERE `id` = 2342 LIMIT 1   [ RunTime:0.0003s ]
SQL: SELECT `name` FROM `db_region` WHERE `id` = 11 LIMIT 1   [ RunTime:0.0003s ]
SQL: SELECT `name` FROM `db_region` WHERE `id` = 176 LIMIT 1   [ RunTime:0.0004s ]
SQL: SELECT `name` FROM `db_region` WHERE `id` = 2148 LIMIT 1   [ RunTime:0.0003s ]
SQL: SELECT `name` FROM `db_region` WHERE `id` = 11 LIMIT 1   [ RunTime:0.0003s ]
SQL: SELECT `name` FROM `db_region` WHERE `id` = 175 LIMIT 1   [ RunTime:0.0003s ]
SQL: SELECT `name` FROM `db_region` WHERE `id` = 2136 LIMIT 1   [ RunTime:0.0003s ]
SQL: SELECT `name` FROM `db_region` WHERE `id` = 11 LIMIT 1   [ RunTime:0.0003s ]
SQL: SELECT `name` FROM `db_region` WHERE `id` = 176 LIMIT 1   [ RunTime:0.0003s ]
SQL: SELECT `name` FROM `db_region` WHERE `id` = 2147 LIMIT 1   [ RunTime:0.0003s ]
SQL: SELECT `name` FROM `db_region` WHERE `id` = 11 LIMIT 1   [ RunTime:0.0004s ]
SQL: SELECT `name` FROM `db_region` WHERE `id` = 175 LIMIT 1   [ RunTime:0.0004s ]
SQL: SELECT `name` FROM `db_region` WHERE `id` = 2134 LIMIT 1   [ RunTime:0.0004s ]
SQL: SELECT `name` FROM `db_region` WHERE `id` = 30 LIMIT 1   [ RunTime:0.0004s ]
SQL: SELECT `name` FROM `db_region` WHERE `id` = 472 LIMIT 1   [ RunTime:0.0004s ]
SQL: SELECT `name` FROM `db_region` WHERE `id` = 4917 LIMIT 1   [ RunTime:0.0004s ]

[ 2018-11-30T22:35:12+08:00 ] 123.185.17.54 /Logistics/shippingAddressList
INFO: [ app_init ] --START--
INFO: Run Behavior\BuildLiteBehavior [ RunTime:0.000008s ]
INFO: [ app_init ] --END-- [ RunTime:0.000259s ]
INFO: [ app_begin ] --START--
INFO: Run Behavior\ReadHtmlCacheBehavior [ RunTime:0.000345s ]
INFO: [ app_begin ] --END-- [ RunTime:0.000368s ]
SQL: SHOW COLUMNS FROM `db_send_address` [ RunTime:0.0013s ]
SQL: show  FULL columns from db_send_address [ RunTime:0.0007s ]
SQL: SELECT * FROM `db_send_address` WHERE `store_id` = 2  [ RunTime:0.0005s ]
SQL: SHOW COLUMNS FROM `db_region` [ RunTime:0.0008s ]
SQL: show  FULL columns from db_region [ RunTime:0.0005s ]
SQL: SELECT `name` FROM `db_region` WHERE `id` = 30 LIMIT 1   [ RunTime:0.0004s ]
SQL: SELECT `name` FROM `db_region` WHERE `id` = 470 LIMIT 1   [ RunTime:0.0005s ]
SQL: SELECT `name` FROM `db_region` WHERE `id` = 4906 LIMIT 1   [ RunTime:0.0003s ]
SQL: SELECT `name` FROM `db_region` WHERE `id` = 11 LIMIT 1   [ RunTime:0.0003s ]
SQL: SELECT `name` FROM `db_region` WHERE `id` = 175 LIMIT 1   [ RunTime:0.0005s ]
SQL: SELECT `name` FROM `db_region` WHERE `id` = 2134 LIMIT 1   [ RunTime:0.0004s ]
SQL: SELECT `name` FROM `db_region` WHERE `id` = 13 LIMIT 1   [ RunTime:0.0003s ]
SQL: SELECT `name` FROM `db_region` WHERE `id` = 204 LIMIT 1   [ RunTime:0.0013s ]
SQL: SELECT `name` FROM `db_region` WHERE `id` = 2342 LIMIT 1   [ RunTime:0.0004s ]
SQL: SELECT `name` FROM `db_region` WHERE `id` = 11 LIMIT 1   [ RunTime:0.0013s ]
SQL: SELECT `name` FROM `db_region` WHERE `id` = 176 LIMIT 1   [ RunTime:0.0003s ]
SQL: SELECT `name` FROM `db_region` WHERE `id` = 2148 LIMIT 1   [ RunTime:0.0003s ]
SQL: SELECT `name` FROM `db_region` WHERE `id` = 11 LIMIT 1   [ RunTime:0.0004s ]
SQL: SELECT `name` FROM `db_region` WHERE `id` = 175 LIMIT 1   [ RunTime:0.0004s ]
SQL: SELECT `name` FROM `db_region` WHERE `id` = 2136 LIMIT 1   [ RunTime:0.0004s ]
SQL: SELECT `name` FROM `db_region` WHERE `id` = 11 LIMIT 1   [ RunTime:0.0006s ]
SQL: SELECT `name` FROM `db_region` WHERE `id` = 176 LIMIT 1   [ RunTime:0.0004s ]
SQL: SELECT `name` FROM `db_region` WHERE `id` = 2147 LIMIT 1   [ RunTime:0.0004s ]
SQL: SELECT `name` FROM `db_region` WHERE `id` = 11 LIMIT 1   [ RunTime:0.0003s ]
SQL: SELECT `name` FROM `db_region` WHERE `id` = 175 LIMIT 1   [ RunTime:0.0004s ]
SQL: SELECT `name` FROM `db_region` WHERE `id` = 2134 LIMIT 1   [ RunTime:0.0012s ]
SQL: SELECT `name` FROM `db_region` WHERE `id` = 30 LIMIT 1   [ RunTime:0.0004s ]
SQL: SELECT `name` FROM `db_region` WHERE `id` = 472 LIMIT 1   [ RunTime:0.0004s ]
SQL: SELECT `name` FROM `db_region` WHERE `id` = 4917 LIMIT 1   [ RunTime:0.0004s ]

[ 2018-11-30T22:36:41+08:00 ] 123.185.17.54 /Public/login
INFO: [ app_init ] --START--
INFO: Run Behavior\BuildLiteBehavior [ RunTime:0.000010s ]
INFO: [ app_init ] --END-- [ RunTime:0.000911s ]
INFO: [ app_begin ] --START--
INFO: Run Behavior\ReadHtmlCacheBehavior [ RunTime:0.001054s ]
INFO: [ app_begin ] --END-- [ RunTime:0.001077s ]
SQL: SHOW COLUMNS FROM `db_store_seller` [ RunTime:0.0009s ]
SQL: show  FULL columns from db_store_seller [ RunTime:0.0008s ]
SQL: SELECT `id`,`user_id`,`store_id`,`login_num`,`password`,`last_login_time`,`last_login_ip`,`group_id` FROM `db_store_seller` WHERE `seller_name` = 'eiie' LIMIT 1   [ RunTime:0.0005s ]
NOTIC: [8] Undefined index: HTTP_VIA /www/wwwroot/sapi.yizehuitong.com/Application/Common/Logic/StoreSellerLogic.class.php 第 174 行.
SQL: UPDATE `db_store_seller` SET `last_login_time`='1543588601',`login_num`='6',`last_login_ip`='123.185.17.54' WHERE `id` = 4 [ RunTime:0.0014s ]

[ 2018-11-30T22:36:41+08:00 ] 123.185.17.54 /Approval/getApproval
INFO: [ app_init ] --START--
INFO: Run Behavior\BuildLiteBehavior [ RunTime:0.000014s ]
INFO: [ app_init ] --END-- [ RunTime:0.001147s ]
INFO: [ app_begin ] --START--
INFO: Run Behavior\ReadHtmlCacheBehavior [ RunTime:0.001132s ]
INFO: [ app_begin ] --END-- [ RunTime:0.001156s ]
SQL: SHOW COLUMNS FROM `db_store_auth_group_access` [ RunTime:0.0020s ]
SQL: show  FULL columns from db_store_auth_group_access [ RunTime:0.0020s ]
SQL: SHOW COLUMNS FROM `db_store_auth_group` [ RunTime:0.0016s ]
SQL: show  FULL columns from db_store_auth_group [ RunTime:0.0039s ]
SQL: SHOW COLUMNS FROM `db_store_auth_menu` [ RunTime:0.0010s ]
SQL: show  FULL columns from db_store_auth_menu [ RunTime:0.0030s ]

[ 2018-11-30T23:01:26+08:00 ] 175.167.146.10 /Public/login
INFO: [ app_init ] --START--
INFO: Run Behavior\BuildLiteBehavior [ RunTime:0.000013s ]
INFO: [ app_init ] --END-- [ RunTime:0.002335s ]
INFO: [ app_begin ] --START--
INFO: Run Behavior\ReadHtmlCacheBehavior [ RunTime:0.001299s ]
INFO: [ app_begin ] --END-- [ RunTime:0.001332s ]
SQL: SHOW COLUMNS FROM `db_store_seller` [ RunTime:0.0008s ]
SQL: show  FULL columns from db_store_seller [ RunTime:0.0007s ]
SQL: SELECT `id`,`user_id`,`store_id`,`login_num`,`password`,`last_login_time`,`last_login_ip`,`group_id` FROM `db_store_seller` WHERE `seller_name` = 'firefly' LIMIT 1   [ RunTime:0.0005s ]
NOTIC: [8] Undefined index: HTTP_VIA /www/wwwroot/sapi.yizehuitong.com/Application/Common/Logic/StoreSellerLogic.class.php 第 174 行.
SQL: UPDATE `db_store_seller` SET `last_login_time`='1543590086',`login_num`='644',`last_login_ip`='175.167.146.10' WHERE `id` = 2 [ RunTime:0.0013s ]

[ 2018-11-30T23:01:27+08:00 ] 175.167.146.10 /Approval/getApproval
INFO: [ app_init ] --START--
INFO: Run Behavior\BuildLiteBehavior [ RunTime:0.000016s ]
INFO: [ app_init ] --END-- [ RunTime:0.008362s ]
INFO: [ app_begin ] --START--
INFO: Run Behavior\ReadHtmlCacheBehavior [ RunTime:0.001121s ]
INFO: [ app_begin ] --END-- [ RunTime:0.001147s ]
SQL: SHOW COLUMNS FROM `db_store_auth_group_access` [ RunTime:0.0008s ]
SQL: show  FULL columns from db_store_auth_group_access [ RunTime:0.0009s ]
SQL: SELECT `uid`,`group_id` FROM `db_store_auth_group_access` WHERE ( uid = '2' )  [ RunTime:0.0017s ]
SQL: SHOW COLUMNS FROM `db_store_auth_group` [ RunTime:0.0007s ]
SQL: show  FULL columns from db_store_auth_group [ RunTime:0.0006s ]
SQL: SELECT `id`,`rules` FROM `db_store_auth_group` WHERE ( id in(30) and status = 1 )  [ RunTime:0.0005s ]
SQL: SHOW COLUMNS FROM `db_store_auth_menu` [ RunTime:0.0007s ]
SQL: show  FULL columns from db_store_auth_menu [ RunTime:0.0007s ]
SQL: SELECT `id`,`redirect`,`remark`,`name`,`path`,`condition`,`component`,`fid` FROM `db_store_auth_menu` WHERE ( id in(1,3,4,18,27,32,46,51,62,68,71,91,5,6,7,8,9,10,12,13,14,15,16,17,19,20,21,22,23,24,25,26,28,29,30,31,33,34,35,36,37,38,39,47,48,49,50,52,53,59,60,61,63,64,65,66,67,69,70,72,73,74,75,76,77,78,79,81,82,83,84,85,86,87,88,89,90,91,92,93,94,95,96,97,99,100,101) and status = 1 )  [ RunTime:0.0009s ]

[ 2018-11-30T23:01:39+08:00 ] 175.167.146.10 /Public/login
INFO: [ app_init ] --START--
INFO: Run Behavior\BuildLiteBehavior [ RunTime:0.000015s ]
INFO: [ app_init ] --END-- [ RunTime:0.002752s ]
INFO: [ app_begin ] --START--
INFO: Run Behavior\ReadHtmlCacheBehavior [ RunTime:0.001240s ]
INFO: [ app_begin ] --END-- [ RunTime:0.001269s ]
SQL: SHOW COLUMNS FROM `db_store_seller` [ RunTime:0.0009s ]
SQL: show  FULL columns from db_store_seller [ RunTime:0.0009s ]
SQL: SELECT `id`,`user_id`,`store_id`,`login_num`,`password`,`last_login_time`,`last_login_ip`,`group_id` FROM `db_store_seller` WHERE `seller_name` = 'firefly' LIMIT 1   [ RunTime:0.0005s ]
NOTIC: [8] Undefined index: HTTP_VIA /www/wwwroot/sapi.yizehuitong.com/Application/Common/Logic/StoreSellerLogic.class.php 第 174 行.
SQL: UPDATE `db_store_seller` SET `last_login_time`='1543590099',`login_num`='645',`last_login_ip`='175.167.146.10' WHERE `id` = 2 [ RunTime:0.0015s ]

[ 2018-11-30T23:01:41+08:00 ] 175.167.146.10 /Approval/getApproval
INFO: [ app_init ] --START--
INFO: Run Behavior\BuildLiteBehavior [ RunTime:0.000018s ]
INFO: [ app_init ] --END-- [ RunTime:0.056610s ]
INFO: [ app_begin ] --START--
INFO: Run Behavior\ReadHtmlCacheBehavior [ RunTime:0.001559s ]
INFO: [ app_begin ] --END-- [ RunTime:0.001612s ]
SQL: SHOW COLUMNS FROM `db_store_auth_group_access` [ RunTime:0.0007s ]
SQL: show  FULL columns from db_store_auth_group_access [ RunTime:0.0008s ]
SQL: SHOW COLUMNS FROM `db_store_auth_group` [ RunTime:0.0009s ]
SQL: show  FULL columns from db_store_auth_group [ RunTime:0.0005s ]
SQL: SHOW COLUMNS FROM `db_store_auth_menu` [ RunTime:0.0007s ]
SQL: show  FULL columns from db_store_auth_menu [ RunTime:0.0006s ]

[ 2018-11-30T23:01:48+08:00 ] 175.167.146.10 /Public/login
INFO: [ app_init ] --START--
INFO: Run Behavior\BuildLiteBehavior [ RunTime:0.000015s ]
INFO: [ app_init ] --END-- [ RunTime:0.002462s ]
INFO: [ app_begin ] --START--
INFO: Run Behavior\ReadHtmlCacheBehavior [ RunTime:0.001203s ]
INFO: [ app_begin ] --END-- [ RunTime:0.001232s ]
SQL: SHOW COLUMNS FROM `db_store_seller` [ RunTime:0.0011s ]
SQL: show  FULL columns from db_store_seller [ RunTime:0.0010s ]
SQL: SELECT `id`,`user_id`,`store_id`,`login_num`,`password`,`last_login_time`,`last_login_ip`,`group_id` FROM `db_store_seller` WHERE `seller_name` = 'firefly' LIMIT 1   [ RunTime:0.0006s ]
NOTIC: [8] Undefined index: HTTP_VIA /www/wwwroot/sapi.yizehuitong.com/Application/Common/Logic/StoreSellerLogic.class.php 第 174 行.
SQL: UPDATE `db_store_seller` SET `last_login_time`='1543590108',`login_num`='646',`last_login_ip`='175.167.146.10' WHERE `id` = 2 [ RunTime:0.0027s ]

[ 2018-11-30T23:01:49+08:00 ] 175.167.146.10 /Approval/getApproval
INFO: [ app_init ] --START--
INFO: Run Behavior\BuildLiteBehavior [ RunTime:0.002759s ]
INFO: [ app_init ] --END-- [ RunTime:0.048097s ]
INFO: [ app_begin ] --START--
INFO: Run Behavior\ReadHtmlCacheBehavior [ RunTime:0.007901s ]
INFO: [ app_begin ] --END-- [ RunTime:0.007971s ]
SQL: SHOW COLUMNS FROM `db_store_auth_group_access` [ RunTime:0.0007s ]
SQL: show  FULL columns from db_store_auth_group_access [ RunTime:0.0005s ]
SQL: SHOW COLUMNS FROM `db_store_auth_group` [ RunTime:0.0010s ]
SQL: show  FULL columns from db_store_auth_group [ RunTime:0.0006s ]
SQL: SHOW COLUMNS FROM `db_store_auth_menu` [ RunTime:0.0007s ]
SQL: show  FULL columns from db_store_auth_menu [ RunTime:0.0007s ]

[ 2018-11-30T23:02:38+08:00 ] 175.167.146.10 /Public/login
INFO: [ app_init ] --START--
INFO: Run Behavior\BuildLiteBehavior [ RunTime:0.000012s ]
INFO: [ app_init ] --END-- [ RunTime:0.020581s ]
INFO: [ app_begin ] --START--
INFO: Run Behavior\ReadHtmlCacheBehavior [ RunTime:0.002686s ]
INFO: [ app_begin ] --END-- [ RunTime:0.002733s ]
SQL: SHOW COLUMNS FROM `db_store_seller` [ RunTime:0.0009s ]
SQL: show  FULL columns from db_store_seller [ RunTime:0.0007s ]
SQL: SELECT `id`,`user_id`,`store_id`,`login_num`,`password`,`last_login_time`,`last_login_ip`,`group_id` FROM `db_store_seller` WHERE `seller_name` = 'firefly' LIMIT 1   [ RunTime:0.0006s ]
NOTIC: [8] Undefined index: HTTP_VIA /www/wwwroot/sapi.yizehuitong.com/Application/Common/Logic/StoreSellerLogic.class.php 第 174 行.
SQL: UPDATE `db_store_seller` SET `last_login_time`='1543590158',`login_num`='647',`last_login_ip`='175.167.146.10' WHERE `id` = 2 [ RunTime:0.0144s ]

[ 2018-11-30T23:02:39+08:00 ] 175.167.146.10 /Approval/getApproval
INFO: [ app_init ] --START--
INFO: Run Behavior\BuildLiteBehavior [ RunTime:0.000018s ]
INFO: [ app_init ] --END-- [ RunTime:0.010542s ]
INFO: [ app_begin ] --START--
INFO: Run Behavior\ReadHtmlCacheBehavior [ RunTime:0.001540s ]
INFO: [ app_begin ] --END-- [ RunTime:0.001574s ]
SQL: SHOW COLUMNS FROM `db_store_auth_group_access` [ RunTime:0.0063s ]
SQL: show  FULL columns from db_store_auth_group_access [ RunTime:0.0033s ]
SQL: SHOW COLUMNS FROM `db_store_auth_group` [ RunTime:0.0009s ]
SQL: show  FULL columns from db_store_auth_group [ RunTime:0.0006s ]
SQL: SHOW COLUMNS FROM `db_store_auth_menu` [ RunTime:0.0006s ]
SQL: show  FULL columns from db_store_auth_menu [ RunTime:0.0006s ]

[ 2018-11-30T23:03:59+08:00 ] 175.167.146.10 /Public/login
INFO: [ app_init ] --START--
INFO: Run Behavior\BuildLiteBehavior [ RunTime:0.000012s ]
INFO: [ app_init ] --END-- [ RunTime:0.005691s ]
INFO: [ app_begin ] --START--
INFO: Run Behavior\ReadHtmlCacheBehavior [ RunTime:0.004572s ]
INFO: [ app_begin ] --END-- [ RunTime:0.004622s ]
SQL: SHOW COLUMNS FROM `db_store_seller` [ RunTime:2.6004s ]
SQL: show  FULL columns from db_store_seller [ RunTime:12.4037s ]
SQL: SELECT `id`,`user_id`,`store_id`,`login_num`,`password`,`last_login_time`,`last_login_ip`,`group_id` FROM `db_store_seller` WHERE `seller_name` = 'eiie' LIMIT 1   [ RunTime:8.5139s ]
NOTIC: [8] Undefined index: HTTP_VIA /www/wwwroot/sapi.yizehuitong.com/Application/Common/Logic/StoreSellerLogic.class.php 第 174 行.
SQL: UPDATE `db_store_seller` SET `last_login_time`='1543590232',`login_num`='7',`last_login_ip`='175.167.146.10' WHERE `id` = 4 [ RunTime:0.4579s ]

[ 2018-11-30T23:03:59+08:00 ] 175.167.146.10 /Public/login
INFO: [ app_init ] --START--
INFO: Run Behavior\BuildLiteBehavior [ RunTime:0.000626s ]
INFO: [ app_init ] --END-- [ RunTime:0.002575s ]
INFO: [ app_begin ] --START--
INFO: Run Behavior\ReadHtmlCacheBehavior [ RunTime:0.101780s ]
INFO: [ app_begin ] --END-- [ RunTime:0.101843s ]
SQL: SHOW COLUMNS FROM `db_store_seller` [ RunTime:0.0763s ]
SQL: show  FULL columns from db_store_seller [ RunTime:0.0008s ]
SQL: SELECT `id`,`user_id`,`store_id`,`login_num`,`password`,`last_login_time`,`last_login_ip`,`group_id` FROM `db_store_seller` WHERE `seller_name` = 'eiie' LIMIT 1   [ RunTime:0.0005s ]
NOTIC: [8] Undefined index: HTTP_VIA /www/wwwroot/sapi.yizehuitong.com/Application/Common/Logic/StoreSellerLogic.class.php 第 174 行.
SQL: UPDATE `db_store_seller` SET `last_login_time`='1543590239',`login_num`='8',`last_login_ip`='175.167.146.10' WHERE `id` = 4 [ RunTime:0.0025s ]

[ 2018-11-30T23:04:00+08:00 ] 175.167.146.10 /Public/login
INFO: [ app_init ] --START--
INFO: Run Behavior\BuildLiteBehavior [ RunTime:0.000875s ]
INFO: [ app_init ] --END-- [ RunTime:0.002464s ]
INFO: [ app_begin ] --START--
INFO: Run Behavior\ReadHtmlCacheBehavior [ RunTime:0.101030s ]
INFO: [ app_begin ] --END-- [ RunTime:0.101097s ]
SQL: SHOW COLUMNS FROM `db_store_seller` [ RunTime:0.0008s ]
SQL: show  FULL columns from db_store_seller [ RunTime:0.0007s ]
SQL: SELECT `id`,`user_id`,`store_id`,`login_num`,`password`,`last_login_time`,`last_login_ip`,`group_id` FROM `db_store_seller` WHERE `seller_name` = 'eiie' LIMIT 1   [ RunTime:0.0005s ]
NOTIC: [8] Undefined index: HTTP_VIA /www/wwwroot/sapi.yizehuitong.com/Application/Common/Logic/StoreSellerLogic.class.php 第 174 行.
SQL: UPDATE `db_store_seller` SET `last_login_time`='1543590240',`login_num`='9',`last_login_ip`='175.167.146.10' WHERE `id` = 4 [ RunTime:0.0052s ]

[ 2018-11-30T23:04:01+08:00 ] 175.167.146.10 /Approval/getApproval
INFO: [ app_init ] --START--
INFO: Run Behavior\BuildLiteBehavior [ RunTime:0.000008s ]
INFO: [ app_init ] --END-- [ RunTime:0.003667s ]
INFO: [ app_begin ] --START--
INFO: Run Behavior\ReadHtmlCacheBehavior [ RunTime:0.007427s ]
INFO: [ app_begin ] --END-- [ RunTime:0.007485s ]
SQL: SHOW COLUMNS FROM `db_store_auth_group_access` [ RunTime:0.0008s ]
SQL: show  FULL columns from db_store_auth_group_access [ RunTime:0.0005s ]
SQL: SELECT `uid`,`group_id` FROM `db_store_auth_group_access` WHERE ( uid = '4' )  [ RunTime:0.0033s ]
SQL: SHOW COLUMNS FROM `db_store_auth_group` [ RunTime:0.0011s ]
SQL: show  FULL columns from db_store_auth_group [ RunTime:0.0008s ]
SQL: SELECT `id`,`rules` FROM `db_store_auth_group` WHERE ( id in(71) and status = 1 )  [ RunTime:0.0007s ]
SQL: SHOW COLUMNS FROM `db_store_auth_menu` [ RunTime:0.0021s ]
SQL: show  FULL columns from db_store_auth_menu [ RunTime:0.0006s ]
SQL: SELECT `id`,`redirect`,`remark`,`name`,`path`,`condition`,`component`,`fid` FROM `db_store_auth_menu` WHERE ( id in(0,1,18,27,46,51,62,68,71,91,5,6,7,8,9,10,12,13,14,17,19,20,21,22,23,24,25,26,28,29,30,31,33,35,36,37,38,39,47,48,49,50,52,53,59,60,61,63,64,65,66,67,69,70,72) and status = 1 )  [ RunTime:0.0007s ]

[ 2018-11-30T23:04:01+08:00 ] 175.167.146.10 /Approval/getApproval
INFO: [ app_init ] --START--
INFO: Run Behavior\BuildLiteBehavior [ RunTime:0.000009s ]
INFO: [ app_init ] --END-- [ RunTime:0.003744s ]
INFO: [ app_begin ] --START--
INFO: Run Behavior\ReadHtmlCacheBehavior [ RunTime:0.000686s ]
INFO: [ app_begin ] --END-- [ RunTime:0.000746s ]
SQL: SHOW COLUMNS FROM `db_store_auth_group_access` [ RunTime:0.0015s ]
SQL: show  FULL columns from db_store_auth_group_access [ RunTime:0.0006s ]
SQL: SHOW COLUMNS FROM `db_store_auth_group` [ RunTime:0.0009s ]
SQL: show  FULL columns from db_store_auth_group [ RunTime:0.0006s ]
SQL: SHOW COLUMNS FROM `db_store_auth_menu` [ RunTime:0.0006s ]
SQL: show  FULL columns from db_store_auth_menu [ RunTime:0.0007s ]

[ 2018-11-30T23:04:01+08:00 ] 175.167.146.10 /Approval/getApproval
INFO: [ app_init ] --START--
INFO: Run Behavior\BuildLiteBehavior [ RunTime:0.000012s ]
INFO: [ app_init ] --END-- [ RunTime:0.000393s ]
INFO: [ app_begin ] --START--
INFO: Run Behavior\ReadHtmlCacheBehavior [ RunTime:0.000565s ]
INFO: [ app_begin ] --END-- [ RunTime:0.000645s ]
SQL: SHOW COLUMNS FROM `db_store_auth_group_access` [ RunTime:0.0018s ]
SQL: show  FULL columns from db_store_auth_group_access [ RunTime:0.0008s ]
SQL: SHOW COLUMNS FROM `db_store_auth_group` [ RunTime:0.0020s ]
SQL: show  FULL columns from db_store_auth_group [ RunTime:0.0035s ]
SQL: SHOW COLUMNS FROM `db_store_auth_menu` [ RunTime:0.0015s ]
SQL: show  FULL columns from db_store_auth_menu [ RunTime:0.0035s ]

[ 2018-11-30T23:11:15+08:00 ] 175.167.146.10 /Public/login
INFO: [ app_init ] --START--
INFO: Run Behavior\BuildLiteBehavior [ RunTime:0.000012s ]
INFO: [ app_init ] --END-- [ RunTime:0.001355s ]
INFO: [ app_begin ] --START--
INFO: Run Behavior\ReadHtmlCacheBehavior [ RunTime:0.001211s ]
INFO: [ app_begin ] --END-- [ RunTime:0.001253s ]
SQL: SHOW COLUMNS FROM `db_store_seller` [ RunTime:0.0008s ]
SQL: show  FULL columns from db_store_seller [ RunTime:0.0009s ]
SQL: SELECT `id`,`user_id`,`store_id`,`login_num`,`password`,`last_login_time`,`last_login_ip`,`group_id` FROM `db_store_seller` WHERE `seller_name` = 'eiie' LIMIT 1   [ RunTime:0.0005s ]
NOTIC: [8] Undefined index: HTTP_VIA /www/wwwroot/sapi.yizehuitong.com/Application/Common/Logic/StoreSellerLogic.class.php 第 174 行.
SQL: UPDATE `db_store_seller` SET `last_login_time`='1543590675',`login_num`='10',`last_login_ip`='175.167.146.10' WHERE `id` = 4 [ RunTime:0.0012s ]

[ 2018-11-30T23:11:15+08:00 ] 175.167.146.10 /Approval/getApproval
INFO: [ app_init ] --START--
INFO: Run Behavior\BuildLiteBehavior [ RunTime:0.000027s ]
INFO: [ app_init ] --END-- [ RunTime:0.001003s ]
INFO: [ app_begin ] --START--
INFO: Run Behavior\ReadHtmlCacheBehavior [ RunTime:0.001137s ]
INFO: [ app_begin ] --END-- [ RunTime:0.001161s ]
SQL: SHOW COLUMNS FROM `db_store_auth_group_access` [ RunTime:0.0009s ]
SQL: show  FULL columns from db_store_auth_group_access [ RunTime:0.0006s ]
SQL: SHOW COLUMNS FROM `db_store_auth_group` [ RunTime:0.0007s ]
SQL: show  FULL columns from db_store_auth_group [ RunTime:0.0005s ]
SQL: SHOW COLUMNS FROM `db_store_auth_menu` [ RunTime:0.0006s ]
SQL: show  FULL columns from db_store_auth_menu [ RunTime:0.0006s ]

[ 2018-11-30T23:51:15+08:00 ] 123.185.17.54 /Public/login
INFO: [ app_init ] --START--
INFO: Run Behavior\BuildLiteBehavior [ RunTime:0.000037s ]
INFO: [ app_init ] --END-- [ RunTime:0.018793s ]
INFO: [ app_begin ] --START--
INFO: Run Behavior\ReadHtmlCacheBehavior [ RunTime:0.020055s ]
INFO: [ app_begin ] --END-- [ RunTime:0.052860s ]
SQL: SHOW COLUMNS FROM `db_store_seller` [ RunTime:0.0010s ]
SQL: show  FULL columns from db_store_seller [ RunTime:0.0007s ]
SQL: SELECT `id`,`user_id`,`store_id`,`login_num`,`password`,`last_login_time`,`last_login_ip`,`group_id` FROM `db_store_seller` WHERE `seller_name` = 'firefly' LIMIT 1   [ RunTime:0.0006s ]
NOTIC: [8] Undefined index: HTTP_VIA /www/wwwroot/sapi.yizehuitong.com/Application/Common/Logic/StoreSellerLogic.class.php 第 174 行.
SQL: UPDATE `db_store_seller` SET `last_login_time`='1543593075',`login_num`='648',`last_login_ip`='123.185.17.54' WHERE `id` = 2 [ RunTime:0.0122s ]

[ 2018-11-30T23:51:15+08:00 ] 123.185.17.54 /Public/login
INFO: [ app_init ] --START--
INFO: Run Behavior\BuildLiteBehavior [ RunTime:0.000014s ]
INFO: [ app_init ] --END-- [ RunTime:0.018914s ]
INFO: [ app_begin ] --START--
INFO: Run Behavior\ReadHtmlCacheBehavior [ RunTime:0.020466s ]
INFO: [ app_begin ] --END-- [ RunTime:0.053030s ]
SQL: SHOW COLUMNS FROM `db_store_seller` [ RunTime:0.0014s ]
SQL: show  FULL columns from db_store_seller [ RunTime:0.0008s ]
SQL: SELECT `id`,`user_id`,`store_id`,`login_num`,`password`,`last_login_time`,`last_login_ip`,`group_id` FROM `db_store_seller` WHERE `seller_name` = 'firefly' LIMIT 1   [ RunTime:0.0007s ]
NOTIC: [8] Undefined index: HTTP_VIA /www/wwwroot/sapi.yizehuitong.com/Application/Common/Logic/StoreSellerLogic.class.php 第 174 行.
SQL: UPDATE `db_store_seller` SET `last_login_time`='1543593075',`login_num`='648',`last_login_ip`='123.185.17.54' WHERE `id` = 2 [ RunTime:0.0086s ]

[ 2018-11-30T23:51:15+08:00 ] 123.185.17.54 /Public/login
INFO: [ app_init ] --START--
INFO: Run Behavior\BuildLiteBehavior [ RunTime:0.000014s ]
INFO: [ app_init ] --END-- [ RunTime:0.019158s ]
INFO: [ app_begin ] --START--
INFO: Run Behavior\ReadHtmlCacheBehavior [ RunTime:0.020256s ]
INFO: [ app_begin ] --END-- [ RunTime:0.053053s ]
SQL: SHOW COLUMNS FROM `db_store_seller` [ RunTime:0.0011s ]
SQL: show  FULL columns from db_store_seller [ RunTime:0.0008s ]
SQL: SELECT `id`,`user_id`,`store_id`,`login_num`,`password`,`last_login_time`,`last_login_ip`,`group_id` FROM `db_store_seller` WHERE `seller_name` = 'firefly' LIMIT 1   [ RunTime:0.0005s ]
NOTIC: [8] Undefined index: HTTP_VIA /www/wwwroot/sapi.yizehuitong.com/Application/Common/Logic/StoreSellerLogic.class.php 第 174 行.
SQL: UPDATE `db_store_seller` SET `last_login_time`='1543593075',`login_num`='648',`last_login_ip`='123.185.17.54' WHERE `id` = 2 [ RunTime:0.0135s ]

[ 2018-11-30T23:51:27+08:00 ] 123.185.17.54 /Public/login
INFO: [ app_init ] --START--
INFO: Run Behavior\BuildLiteBehavior [ RunTime:0.000012s ]
INFO: [ app_init ] --END-- [ RunTime:0.008132s ]
INFO: [ app_begin ] --START--
INFO: Run Behavior\ReadHtmlCacheBehavior [ RunTime:0.007575s ]
INFO: [ app_begin ] --END-- [ RunTime:0.007625s ]
SQL: SHOW COLUMNS FROM `db_store_seller` [ RunTime:0.0009s ]
SQL: show  FULL columns from db_store_seller [ RunTime:0.0008s ]
SQL: SELECT `id`,`user_id`,`store_id`,`login_num`,`password`,`last_login_time`,`last_login_ip`,`group_id` FROM `db_store_seller` WHERE `seller_name` = 'firefly' LIMIT 1   [ RunTime:0.0006s ]
NOTIC: [8] Undefined index: HTTP_VIA /www/wwwroot/sapi.yizehuitong.com/Application/Common/Logic/StoreSellerLogic.class.php 第 174 行.
SQL: UPDATE `db_store_seller` SET `last_login_time`='1543593087',`login_num`='649',`last_login_ip`='123.185.17.54' WHERE `id` = 2 [ RunTime:0.0014s ]

[ 2018-11-30T23:54:28+08:00 ] 123.185.17.54 /Public/login
INFO: [ app_init ] --START--
INFO: Run Behavior\BuildLiteBehavior [ RunTime:0.000015s ]
INFO: [ app_init ] --END-- [ RunTime:0.013273s ]
INFO: [ app_begin ] --START--
INFO: Run Behavior\ReadHtmlCacheBehavior [ RunTime:0.001264s ]
INFO: [ app_begin ] --END-- [ RunTime:0.001288s ]
SQL: SHOW COLUMNS FROM `db_store_seller` [ RunTime:0.0009s ]
SQL: show  FULL columns from db_store_seller [ RunTime:0.0009s ]
SQL: SELECT `id`,`user_id`,`store_id`,`login_num`,`password`,`last_login_time`,`last_login_ip`,`group_id` FROM `db_store_seller` WHERE `seller_name` = 'firefly' LIMIT 1   [ RunTime:0.0005s ]
NOTIC: [8] Undefined index: HTTP_VIA /www/wwwroot/sapi.yizehuitong.com/Application/Common/Logic/StoreSellerLogic.class.php 第 174 行.
SQL: UPDATE `db_store_seller` SET `last_login_time`='1543593268',`login_num`='650',`last_login_ip`='123.185.17.54' WHERE `id` = 2 [ RunTime:0.0027s ]

[ 2018-11-30T23:54:29+08:00 ] 123.185.17.54 /Approval/getApproval
INFO: [ app_init ] --START--
INFO: Run Behavior\BuildLiteBehavior [ RunTime:0.000017s ]
INFO: [ app_init ] --END-- [ RunTime:0.012117s ]
INFO: [ app_begin ] --START--
INFO: Run Behavior\ReadHtmlCacheBehavior [ RunTime:0.001343s ]
INFO: [ app_begin ] --END-- [ RunTime:0.001384s ]
SQL: SHOW COLUMNS FROM `db_store_auth_group_access` [ RunTime:0.0007s ]
SQL: show  FULL columns from db_store_auth_group_access [ RunTime:0.0007s ]
SQL: SELECT `uid`,`group_id` FROM `db_store_auth_group_access` WHERE ( uid = '2' )  [ RunTime:0.0007s ]
SQL: SHOW COLUMNS FROM `db_store_auth_group` [ RunTime:0.0008s ]
SQL: show  FULL columns from db_store_auth_group [ RunTime:0.0006s ]
SQL: SELECT `id`,`rules` FROM `db_store_auth_group` WHERE ( id in(30) and status = 1 )  [ RunTime:0.0050s ]
SQL: SHOW COLUMNS FROM `db_store_auth_menu` [ RunTime:0.0007s ]
SQL: show  FULL columns from db_store_auth_menu [ RunTime:0.0007s ]
SQL: SELECT `id`,`redirect`,`remark`,`name`,`path`,`condition`,`component`,`fid` FROM `db_store_auth_menu` WHERE ( id in(1,3,4,18,27,32,46,51,62,68,71,91,5,6,7,8,9,10,12,13,14,15,16,17,19,20,21,22,23,24,25,26,28,29,30,31,33,34,35,36,37,38,39,47,48,49,50,52,53,59,60,61,63,64,65,66,67,69,70,72,73,74,75,76,77,78,79,81,82,83,84,85,86,87,88,89,90,91,92,93,94,95,96,97,99,100,101) and status = 1 )  [ RunTime:0.0009s ]

[ 2018-11-30T23:54:34+08:00 ] 123.185.17.54 /Public/login
INFO: [ app_init ] --START--
INFO: Run Behavior\BuildLiteBehavior [ RunTime:0.000017s ]
INFO: [ app_init ] --END-- [ RunTime:0.010229s ]
INFO: [ app_begin ] --START--
INFO: Run Behavior\ReadHtmlCacheBehavior [ RunTime:0.010224s ]
INFO: [ app_begin ] --END-- [ RunTime:0.010288s ]
SQL: SHOW COLUMNS FROM `db_store_seller` [ RunTime:0.0009s ]
SQL: show  FULL columns from db_store_seller [ RunTime:0.0008s ]
SQL: SELECT `id`,`user_id`,`store_id`,`login_num`,`password`,`last_login_time`,`last_login_ip`,`group_id` FROM `db_store_seller` WHERE `seller_name` = 'eiie' LIMIT 1   [ RunTime:0.0005s ]
NOTIC: [8] Undefined index: HTTP_VIA /www/wwwroot/sapi.yizehuitong.com/Application/Common/Logic/StoreSellerLogic.class.php 第 174 行.
SQL: UPDATE `db_store_seller` SET `last_login_time`='1543593274',`login_num`='11',`last_login_ip`='123.185.17.54' WHERE `id` = 4 [ RunTime:0.0015s ]

[ 2018-11-30T23:54:35+08:00 ] 123.185.17.54 /Approval/getApproval
INFO: [ app_init ] --START--
INFO: Run Behavior\BuildLiteBehavior [ RunTime:0.000017s ]
INFO: [ app_init ] --END-- [ RunTime:0.013362s ]
INFO: [ app_begin ] --START--
INFO: Run Behavior\ReadHtmlCacheBehavior [ RunTime:0.001339s ]
INFO: [ app_begin ] --END-- [ RunTime:0.001374s ]
SQL: SHOW COLUMNS FROM `db_store_auth_group_access` [ RunTime:0.0022s ]
SQL: show  FULL columns from db_store_auth_group_access [ RunTime:0.0021s ]
SQL: SELECT `uid`,`group_id` FROM `db_store_auth_group_access` WHERE ( uid = '4' )  [ RunTime:0.0069s ]
SQL: SHOW COLUMNS FROM `db_store_auth_group` [ RunTime:0.0008s ]
SQL: show  FULL columns from db_store_auth_group [ RunTime:0.0006s ]
SQL: SELECT `id`,`rules` FROM `db_store_auth_group` WHERE ( id in(71) and status = 1 )  [ RunTime:0.0005s ]
SQL: SHOW COLUMNS FROM `db_store_auth_menu` [ RunTime:0.0030s ]
SQL: show  FULL columns from db_store_auth_menu [ RunTime:0.0011s ]
SQL: SELECT `id`,`redirect`,`remark`,`name`,`path`,`condition`,`component`,`fid` FROM `db_store_auth_menu` WHERE ( id in(0,1,18,27,46,51,62,68,71,91,5,6,7,8,9,10,12,13,14,17,19,20,21,22,23,24,25,26,28,29,30,31,33,35,36,37,38,39,47,48,49,50,52,53,59,60,61,63,64,65,66,67,69,70,72) and status = 1 )  [ RunTime:0.0028s ]

[ 2018-11-30T23:55:43+08:00 ] 123.185.17.54 /Logistics/shippingAddressList
INFO: [ app_init ] --START--
INFO: Run Behavior\BuildLiteBehavior [ RunTime:0.000011s ]
INFO: [ app_init ] --END-- [ RunTime:0.002961s ]
INFO: [ app_begin ] --START--
INFO: Run Behavior\ReadHtmlCacheBehavior [ RunTime:0.001361s ]
INFO: [ app_begin ] --END-- [ RunTime:0.001421s ]
SQL: SHOW COLUMNS FROM `db_send_address` [ RunTime:0.0008s ]
SQL: show  FULL columns from db_send_address [ RunTime:0.0007s ]
SQL: SELECT * FROM `db_send_address` WHERE `store_id` = 2  [ RunTime:0.0005s ]
SQL: SHOW COLUMNS FROM `db_region` [ RunTime:0.0006s ]
SQL: show  FULL columns from db_region [ RunTime:0.0006s ]
SQL: SELECT `name` FROM `db_region` WHERE `id` = 30 LIMIT 1   [ RunTime:0.0004s ]
SQL: SELECT `name` FROM `db_region` WHERE `id` = 470 LIMIT 1   [ RunTime:0.0004s ]
SQL: SELECT `name` FROM `db_region` WHERE `id` = 4906 LIMIT 1   [ RunTime:0.0004s ]
SQL: SELECT `name` FROM `db_region` WHERE `id` = 11 LIMIT 1   [ RunTime:0.0004s ]
SQL: SELECT `name` FROM `db_region` WHERE `id` = 175 LIMIT 1   [ RunTime:0.0004s ]
SQL: SELECT `name` FROM `db_region` WHERE `id` = 2134 LIMIT 1   [ RunTime:0.0004s ]
SQL: SELECT `name` FROM `db_region` WHERE `id` = 13 LIMIT 1   [ RunTime:0.0004s ]
SQL: SELECT `name` FROM `db_region` WHERE `id` = 204 LIMIT 1   [ RunTime:0.0004s ]
SQL: SELECT `name` FROM `db_region` WHERE `id` = 2342 LIMIT 1   [ RunTime:0.0004s ]
SQL: SELECT `name` FROM `db_region` WHERE `id` = 11 LIMIT 1   [ RunTime:0.0004s ]
SQL: SELECT `name` FROM `db_region` WHERE `id` = 176 LIMIT 1   [ RunTime:0.0004s ]
SQL: SELECT `name` FROM `db_region` WHERE `id` = 2148 LIMIT 1   [ RunTime:0.0004s ]
SQL: SELECT `name` FROM `db_region` WHERE `id` = 11 LIMIT 1   [ RunTime:0.0003s ]
SQL: SELECT `name` FROM `db_region` WHERE `id` = 175 LIMIT 1   [ RunTime:0.0003s ]
SQL: SELECT `name` FROM `db_region` WHERE `id` = 2136 LIMIT 1   [ RunTime:0.0004s ]
SQL: SELECT `name` FROM `db_region` WHERE `id` = 11 LIMIT 1   [ RunTime:0.0004s ]
SQL: SELECT `name` FROM `db_region` WHERE `id` = 176 LIMIT 1   [ RunTime:0.0003s ]
SQL: SELECT `name` FROM `db_region` WHERE `id` = 2147 LIMIT 1   [ RunTime:0.0003s ]
SQL: SELECT `name` FROM `db_region` WHERE `id` = 11 LIMIT 1   [ RunTime:0.0003s ]
SQL: SELECT `name` FROM `db_region` WHERE `id` = 175 LIMIT 1   [ RunTime:0.0003s ]
SQL: SELECT `name` FROM `db_region` WHERE `id` = 2134 LIMIT 1   [ RunTime:0.0004s ]
SQL: SELECT `name` FROM `db_region` WHERE `id` = 30 LIMIT 1   [ RunTime:0.0004s ]
SQL: SELECT `name` FROM `db_region` WHERE `id` = 472 LIMIT 1   [ RunTime:0.0004s ]
SQL: SELECT `name` FROM `db_region` WHERE `id` = 4917 LIMIT 1   [ RunTime:0.0003s ]

[ 2018-11-30T23:55:48+08:00 ] 123.185.17.54 /OrderStatus/getOrderAllStatus
INFO: [ app_init ] --START--
INFO: Run Behavior\BuildLiteBehavior [ RunTime:0.000015s ]
INFO: [ app_init ] --END-- [ RunTime:0.014204s ]
INFO: [ app_begin ] --START--
INFO: Run Behavior\ReadHtmlCacheBehavior [ RunTime:0.001844s ]
INFO: [ app_begin ] --END-- [ RunTime:0.001872s ]

[ 2018-11-30T23:55:48+08:00 ] 123.185.17.54 /Order/orderList/p/1
INFO: [ app_init ] --START--
INFO: Run Behavior\BuildLiteBehavior [ RunTime:0.000012s ]
INFO: [ app_init ] --END-- [ RunTime:0.014161s ]
INFO: [ app_begin ] --START--
INFO: Run Behavior\ReadHtmlCacheBehavior [ RunTime:0.000433s ]
INFO: [ app_begin ] --END-- [ RunTime:0.000486s ]
SQL: SHOW COLUMNS FROM `db_order` [ RunTime:0.0024s ]
SQL: show  FULL columns from db_order [ RunTime:0.0008s ]
SQL: SHOW COLUMNS FROM `db_user` [ RunTime:0.0008s ]
SQL: show  FULL columns from db_user [ RunTime:0.0007s ]
SQL: SELECT COUNT(*) AS tp_count FROM `db_order` WHERE `store_id` = 2 LIMIT 1   [ RunTime:0.0062s ]
INFO: [ Search ] --START--
INFO: Run Common\Behavior\SearParamBehavior [ RunTime:0.003865s ]
INFO: [ Search ] --END-- [ RunTime:0.003920s ]
SQL: SELECT `id`,`order_sn_id`,`create_time`,`order_status`,`user_id`,`price_sum`,`address_id`,`pay_type`,`platform`,`remarks`,`pay_time`,`shipping_monery`,`express_id`,`coupon_deductible`,`exp_id`,`delivery_time` FROM `db_order` WHERE `store_id` = 2 ORDER BY create_time DESC, pay_time DESC LIMIT 0,10   [ RunTime:0.0010s ]
SQL: SHOW COLUMNS FROM `db_order_goods` [ RunTime:0.0007s ]
SQL: show  FULL columns from db_order_goods [ RunTime:0.0006s ]
SQL: SELECT `goods_id`,`goods_num`,`order_id`,`goods_price` FROM `db_order_goods` WHERE ( order_id in (331,330,329,327,326,325,324,323,322,321) and store_id=2 )  [ RunTime:0.0006s ]
SQL: SHOW COLUMNS FROM `db_goods` [ RunTime:0.0009s ]
SQL: show  FULL columns from db_goods [ RunTime:0.0008s ]
SQL: SELECT `id`,`title`,`p_id` FROM `db_goods` WHERE ( id in (114) )  [ RunTime:0.0004s ]
SQL: SHOW COLUMNS FROM `db_goods_images` [ RunTime:0.0007s ]
SQL: show  FULL columns from db_goods_images [ RunTime:0.0006s ]
SQL: SELECT `goods_id`,`pic_url` FROM `db_goods_images` WHERE ( goods_id in (113) and is_thumb = 1 )  [ RunTime:0.0005s ]
SQL: SELECT `id`,`user_name` FROM `db_user` WHERE ( id in (1) )  [ RunTime:0.0004s ]

[ 2018-11-30T23:55:52+08:00 ] 123.185.17.54 /OrderStatus/getOrderAllStatus
INFO: [ app_init ] --START--
INFO: Run Behavior\BuildLiteBehavior [ RunTime:0.000011s ]
INFO: [ app_init ] --END-- [ RunTime:0.015447s ]
INFO: [ app_begin ] --START--
INFO: Run Behavior\ReadHtmlCacheBehavior [ RunTime:0.001219s ]
INFO: [ app_begin ] --END-- [ RunTime:0.001248s ]

[ 2018-11-30T23:55:52+08:00 ] 123.185.17.54 /Order/orderDetail
INFO: [ app_init ] --START--
INFO: Run Behavior\BuildLiteBehavior [ RunTime:0.000016s ]
INFO: [ app_init ] --END-- [ RunTime:0.015092s ]
INFO: [ app_begin ] --START--
INFO: Run Behavior\ReadHtmlCacheBehavior [ RunTime:0.001946s ]
INFO: [ app_begin ] --END-- [ RunTime:0.001977s ]
SQL: SHOW COLUMNS FROM `db_order` [ RunTime:0.0039s ]
SQL: show  FULL columns from db_order [ RunTime:0.0009s ]
ERR: Think\Controller:errorArrayNotice方法不存在！

[ 2018-11-30T23:57:02+08:00 ] 123.185.17.54 /Public/login
INFO: [ app_init ] --START--
INFO: Run Behavior\BuildLiteBehavior [ RunTime:0.000016s ]
INFO: [ app_init ] --END-- [ RunTime:0.001153s ]
INFO: [ app_begin ] --START--
INFO: Run Behavior\ReadHtmlCacheBehavior [ RunTime:0.001249s ]
INFO: [ app_begin ] --END-- [ RunTime:0.001288s ]
SQL: SHOW COLUMNS FROM `db_store_seller` [ RunTime:0.0021s ]
SQL: show  FULL columns from db_store_seller [ RunTime:0.0006s ]
SQL: SELECT `id`,`user_id`,`store_id`,`login_num`,`password`,`last_login_time`,`last_login_ip`,`group_id` FROM `db_store_seller` WHERE `seller_name` = 'eiie' LIMIT 1   [ RunTime:0.0005s ]
NOTIC: [8] Undefined index: HTTP_VIA /www/wwwroot/sapi.yizehuitong.com/Application/Common/Logic/StoreSellerLogic.class.php 第 174 行.
SQL: UPDATE `db_store_seller` SET `last_login_time`='1543593422',`login_num`='12',`last_login_ip`='123.185.17.54' WHERE `id` = 4 [ RunTime:0.0063s ]

[ 2018-11-30T23:57:03+08:00 ] 123.185.17.54 /Approval/getApproval
INFO: [ app_init ] --START--
INFO: Run Behavior\BuildLiteBehavior [ RunTime:0.002410s ]
INFO: [ app_init ] --END-- [ RunTime:0.007406s ]
INFO: [ app_begin ] --START--
INFO: Run Behavior\ReadHtmlCacheBehavior [ RunTime:0.001133s ]
INFO: [ app_begin ] --END-- [ RunTime:0.001164s ]
SQL: SHOW COLUMNS FROM `db_store_auth_group_access` [ RunTime:0.0007s ]
SQL: show  FULL columns from db_store_auth_group_access [ RunTime:0.0006s ]
SQL: SHOW COLUMNS FROM `db_store_auth_group` [ RunTime:0.0006s ]
SQL: show  FULL columns from db_store_auth_group [ RunTime:0.0006s ]
SQL: SHOW COLUMNS FROM `db_store_auth_menu` [ RunTime:0.0006s ]
SQL: show  FULL columns from db_store_auth_menu [ RunTime:0.0006s ]

