[ 2018-11-08T13:47:08+08:00 ] 123.185.17.221 /Public/login
INFO: [ app_init ] --START--
INFO: Run Behavior\BuildLiteBehavior [ RunTime:0.000015s ]
INFO: [ app_init ] --END-- [ RunTime:0.001224s ]
INFO: [ app_begin ] --START--
INFO: Run Behavior\ReadHtmlCacheBehavior [ RunTime:0.001169s ]
INFO: [ app_begin ] --END-- [ RunTime:0.001206s ]
SQL: SHOW COLUMNS FROM `db_store_seller` [ RunTime:0.0015s ]
SQL: show  FULL columns from db_store_seller [ RunTime:0.0012s ]
SQL: SELECT `id`,`user_id`,`store_id`,`login_num`,`password`,`last_login_time`,`last_login_ip`,`group_id` FROM `db_store_seller` WHERE `seller_name` = 'admin' LIMIT 1   [ RunTime:0.0010s ]

[ 2018-11-08T13:58:06+08:00 ] 123.185.17.221 /Public/login
INFO: [ app_init ] --START--
INFO: Run Behavior\BuildLiteBehavior [ RunTime:0.000011s ]
INFO: [ app_init ] --END-- [ RunTime:0.000315s ]
INFO: [ app_begin ] --START--
INFO: Run Behavior\ReadHtmlCacheBehavior [ RunTime:0.000413s ]
INFO: [ app_begin ] --END-- [ RunTime:0.000441s ]
SQL: SHOW COLUMNS FROM `db_store_seller` [ RunTime:0.0013s ]
SQL: show  FULL columns from db_store_seller [ RunTime:0.0012s ]
SQL: SELECT `id`,`user_id`,`store_id`,`login_num`,`password`,`last_login_time`,`last_login_ip`,`group_id` FROM `db_store_seller` WHERE `seller_name` = 'firefly' LIMIT 1   [ RunTime:0.0010s ]
NOTIC: [8] Undefined index: HTTP_VIA /www/wwwroot/sapi.yizehuitong.com/Application/Common/Logic/StoreSellerLogic.class.php 第 174 行.
SQL: UPDATE `db_store_seller` SET `last_login_time`='1541656686',`login_num`='482',`last_login_ip`='123.185.17.221' WHERE `id` = 2 [ RunTime:0.0128s ]

[ 2018-11-08T13:58:06+08:00 ] 123.185.17.221 /Approval/getApproval
INFO: [ app_init ] --START--
INFO: Run Behavior\BuildLiteBehavior [ RunTime:0.000012s ]
INFO: [ app_init ] --END-- [ RunTime:0.000311s ]
INFO: [ app_begin ] --START--
INFO: Run Behavior\ReadHtmlCacheBehavior [ RunTime:0.000373s ]
INFO: [ app_begin ] --END-- [ RunTime:0.000401s ]
SQL: SHOW COLUMNS FROM `db_store_auth_group_access` [ RunTime:0.0012s ]
SQL: show  FULL columns from db_store_auth_group_access [ RunTime:0.0010s ]
SQL: SELECT `uid`,`group_id` FROM `db_store_auth_group_access` WHERE ( uid = '2' )  [ RunTime:0.0011s ]
SQL: SHOW COLUMNS FROM `db_store_auth_group` [ RunTime:0.0011s ]
SQL: show  FULL columns from db_store_auth_group [ RunTime:0.0012s ]
SQL: SELECT `id`,`rules` FROM `db_store_auth_group` WHERE ( id in(30) and status = 1 )  [ RunTime:0.0010s ]
SQL: SHOW COLUMNS FROM `db_store_auth_menu` [ RunTime:0.0011s ]
SQL: show  FULL columns from db_store_auth_menu [ RunTime:0.0011s ]
SQL: SELECT `id`,`redirect`,`remark`,`name`,`path`,`condition`,`component`,`fid` FROM `db_store_auth_menu` WHERE ( id in(1,3,4,18,27,32,46,51,62,68,71,91,5,6,7,8,9,10,12,13,14,15,16,17,19,20,21,22,23,24,25,26,28,29,30,31,33,34,35,36,37,38,39,47,48,49,50,52,53,59,60,61,63,64,65,66,67,69,70,72,73,74,75,76,77,78,79,81,82,83,84,85,86,87,88,89,90,91,92,93,94,95,96,97,98,99,100) and status = 1 )  [ RunTime:0.0012s ]

[ 2018-11-08T13:58:08+08:00 ] 123.185.17.221 /Index/index
INFO: [ app_init ] --START--
INFO: Run Behavior\BuildLiteBehavior [ RunTime:0.000011s ]
INFO: [ app_init ] --END-- [ RunTime:0.000295s ]
INFO: [ app_begin ] --START--
INFO: Run Behavior\ReadHtmlCacheBehavior [ RunTime:0.000359s ]
INFO: [ app_begin ] --END-- [ RunTime:0.000386s ]
SQL: SHOW COLUMNS FROM `db_store` [ RunTime:0.0017s ]
SQL: show  FULL columns from db_store [ RunTime:0.0014s ]
SQL: SHOW COLUMNS FROM `db_store_evaluate` [ RunTime:0.0011s ]
SQL: show  FULL columns from db_store_evaluate [ RunTime:0.0010s ]
SQL: SELECT AVG(desccredit) AS tp_avg FROM `db_store_evaluate` WHERE `store_id` = 2 LIMIT 1   [ RunTime:0.0010s ]
SQL: SELECT AVG(servicecredit) AS tp_avg FROM `db_store_evaluate` WHERE `store_id` = 2 LIMIT 1   [ RunTime:0.0009s ]
SQL: SELECT AVG(deliverycredit) AS tp_avg FROM `db_store_evaluate` WHERE `store_id` = 2 LIMIT 1   [ RunTime:0.0009s ]
SQL: SELECT `id`,`shop_name`,`store_logo`,`user_id`,`create_time` FROM `db_store` WHERE `id` = 2 LIMIT 1   [ RunTime:0.0009s ]
SQL: SHOW COLUMNS FROM `db_store_information` [ RunTime:0.0012s ]
SQL: show  FULL columns from db_store_information [ RunTime:0.0011s ]
SQL: SELECT `shop_long` FROM `db_store_information` WHERE `shop_name` = '一家店' LIMIT 1   [ RunTime:0.0009s ]
NOTIC: [2] Illegal string offset 'shop_long' /www/wwwroot/sapi.yizehuitong.com/Application/Common/Logic/StoreLogic.class.php 第 242 行.
NOTIC: [8] Uninitialized string offset: 0 /www/wwwroot/sapi.yizehuitong.com/Application/Common/Logic/StoreLogic.class.php 第 242 行.
NOTIC: [2] Illegal string offset 'shop_long' /www/wwwroot/sapi.yizehuitong.com/Application/Common/Logic/StoreLogic.class.php 第 244 行.
NOTIC: [8] Uninitialized string offset: 0 /www/wwwroot/sapi.yizehuitong.com/Application/Common/Logic/StoreLogic.class.php 第 244 行.
SQL: SHOW COLUMNS FROM `db_user` [ RunTime:0.0012s ]
SQL: SELECT `user_name` FROM `db_user` WHERE `id` = 1 LIMIT 1   [ RunTime:0.0009s ]
SQL: SHOW COLUMNS FROM `db_order` [ RunTime:0.0012s ]
SQL: show  FULL columns from db_order [ RunTime:0.0013s ]
SQL: SELECT COUNT(*) AS tp_count FROM `db_order` WHERE `store_id` = 2 AND `order_status` = 0 LIMIT 1   [ RunTime:0.0010s ]
SQL: SELECT COUNT(*) AS tp_count FROM `db_order` WHERE `store_id` = 2 AND `order_status` = 1 LIMIT 1   [ RunTime:0.0011s ]
SQL: SELECT COUNT(*) AS tp_count FROM `db_order` WHERE `store_id` = 2 AND `order_status` = 4 AND `comment_status` = 0 LIMIT 1   [ RunTime:0.0010s ]
SQL: SELECT COUNT(*) AS tp_count FROM `db_order` WHERE `store_id` = 2 AND `order_status` = 8 LIMIT 1   [ RunTime:0.0010s ]
SQL: SHOW COLUMNS FROM `db_goods` [ RunTime:0.0014s ]
SQL: show  FULL columns from db_goods [ RunTime:0.0014s ]
SQL: SELECT COUNT(*) AS tp_count FROM `db_goods` WHERE `store_id` = 2 AND `shelves` = 1 LIMIT 1   [ RunTime:0.0010s ]
SQL: SELECT COUNT(*) AS tp_count FROM `db_goods` WHERE `store_id` = 2 LIMIT 1   [ RunTime:0.0010s ]
SQL: SELECT COUNT(*) AS tp_count FROM `db_goods` WHERE `store_id` = 2 AND `approval_status` = 0 LIMIT 1   [ RunTime:0.0010s ]
SQL: SELECT COUNT(*) AS tp_count FROM `db_goods` WHERE `store_id` = 2 AND `shelves` = 0 LIMIT 1   [ RunTime:0.0010s ]
SQL: SHOW COLUMNS FROM `db_complain` [ RunTime:0.0119s ]
SQL: show  FULL columns from db_complain [ RunTime:0.0012s ]
SQL: SELECT COUNT(*) AS tp_count FROM `db_complain` WHERE `accused_id` = 2 AND `complain_state` = 0 LIMIT 1   [ RunTime:0.0010s ]
SQL: SELECT COUNT(*) AS tp_count FROM `db_order` WHERE `store_id` = 2 AND `create_time` BETWEEN 1541606400 AND 1541692799 LIMIT 1   [ RunTime:0.0009s ]
SQL: SHOW COLUMNS FROM `db_user` [ RunTime:0.0011s ]
SQL: show  FULL columns from db_user [ RunTime:0.0011s ]
SQL: SELECT COUNT(*) AS tp_count FROM `db_user` WHERE `create_time` BETWEEN 1541606400 AND 1541692799 LIMIT 1   [ RunTime:0.0009s ]
SQL: SELECT SUM(price_sum) AS tp_sum FROM `db_order` WHERE `order_status` > 1 AND `store_id` = 2 AND `pay_time` BETWEEN 1541606400 AND 1541692799 LIMIT 1   [ RunTime:0.0010s ]
SQL: SHOW COLUMNS FROM `db_system_config` [ RunTime:0.0011s ]
SQL: show  FULL columns from db_system_config [ RunTime:0.0010s ]
SQL: SELECT `id`,`key`,`config_value` FROM `db_system_config` WHERE `class_id` = 66  [ RunTime:0.0009s ]
SQL: SHOW COLUMNS FROM `db_announcement` [ RunTime:0.0011s ]
SQL: SELECT `id`,`title`,`create_time` FROM `db_announcement` WHERE `status` = 1 ORDER BY create_time DESC LIMIT 5   [ RunTime:0.0010s ]
SQL: SELECT SUM(price_sum) AS tp_sum FROM `db_order` WHERE `order_status` > 1 AND `store_id` = 2 AND `pay_time` BETWEEN 1541606400 AND 1541692799 LIMIT 1   [ RunTime:0.0011s ]
SQL: SELECT SUM(price_sum) AS tp_sum FROM `db_order` WHERE `order_status` > 1 AND `store_id` = 2 AND `pay_time` BETWEEN 1541520000 AND 1541606399 LIMIT 1   [ RunTime:0.0010s ]
SQL: SELECT SUM(price_sum) AS tp_sum FROM `db_order` WHERE `order_status` > 1 AND `store_id` = 2 AND `pay_time` BETWEEN 1541433600 AND 1541519999 LIMIT 1   [ RunTime:0.0010s ]
SQL: SELECT SUM(price_sum) AS tp_sum FROM `db_order` WHERE `order_status` > 1 AND `store_id` = 2 AND `pay_time` BETWEEN 1541347200 AND 1541433599 LIMIT 1   [ RunTime:0.0010s ]
SQL: SELECT SUM(price_sum) AS tp_sum FROM `db_order` WHERE `order_status` > 1 AND `store_id` = 2 AND `pay_time` BETWEEN 1541260800 AND 1541347199 LIMIT 1   [ RunTime:0.0010s ]
SQL: SELECT SUM(price_sum) AS tp_sum FROM `db_order` WHERE `order_status` > 1 AND `store_id` = 2 AND `pay_time` BETWEEN 1541174400 AND 1541260799 LIMIT 1   [ RunTime:0.0010s ]
SQL: SELECT SUM(price_sum) AS tp_sum FROM `db_order` WHERE `order_status` > 1 AND `store_id` = 2 AND `pay_time` BETWEEN 1541088000 AND 1541174399 LIMIT 1   [ RunTime:0.0010s ]
SQL: SELECT SUM(price_sum) AS tp_sum FROM `db_order` WHERE `order_status` > 1 AND `store_id` = 2 AND `pay_time` BETWEEN 1541001600 AND 1541087999 LIMIT 1   [ RunTime:0.0010s ]
SQL: SELECT SUM(price_sum) AS tp_sum FROM `db_order` WHERE `order_status` > 1 AND `store_id` = 2 AND `pay_time` BETWEEN 1540915200 AND 1541001599 LIMIT 1   [ RunTime:0.0010s ]
SQL: SELECT SUM(price_sum) AS tp_sum FROM `db_order` WHERE `order_status` > 1 AND `store_id` = 2 AND `pay_time` BETWEEN 1540828800 AND 1540915199 LIMIT 1   [ RunTime:0.0010s ]
SQL: SELECT SUM(price_sum) AS tp_sum FROM `db_order` WHERE `order_status` > 1 AND `store_id` = 2 AND `pay_time` BETWEEN 1540742400 AND 1540828799 LIMIT 1   [ RunTime:0.0010s ]
SQL: SHOW COLUMNS FROM `db_store_member` [ RunTime:0.0012s ]
SQL: show  FULL columns from db_store_member [ RunTime:0.0012s ]
SQL: SHOW COLUMNS FROM `db_store_member_level` [ RunTime:0.0011s ]
SQL: SELECT `id`,`level_id`,`money_big`,`money_small`,`condition_num` FROM `db_store_member_level` WHERE `store_id` = 2  [ RunTime:0.0010s ]
SQL: SHOW COLUMNS FROM `db_store_level_by_platform` [ RunTime:0.0010s ]
SQL: SELECT `level_name` FROM `db_store_level_by_platform` WHERE `id` = 1 LIMIT 1   [ RunTime:0.0009s ]
SQL: SHOW COLUMNS FROM `db_store_member` [ RunTime:0.0011s ]
SQL: SELECT COUNT(*) AS tp_count FROM `db_store_member` WHERE `store_id` = 2 AND `total_transaction` BETWEEN '0' AND '0' LIMIT 1   [ RunTime:0.0009s ]

[ 2018-11-08T13:58:55+08:00 ] 123.185.17.221 /PersonalAdmission/getProv
INFO: [ app_init ] --START--
INFO: Run Behavior\BuildLiteBehavior [ RunTime:0.000011s ]
INFO: [ app_init ] --END-- [ RunTime:0.022863s ]
INFO: [ app_begin ] --START--
INFO: Run Behavior\ReadHtmlCacheBehavior [ RunTime:0.000376s ]
INFO: [ app_begin ] --END-- [ RunTime:0.000408s ]
SQL: SHOW COLUMNS FROM `db_region` [ RunTime:0.0012s ]
SQL: show  FULL columns from db_region [ RunTime:0.0011s ]
SQL: SELECT `id`,`parentid`,`name` FROM `db_region` WHERE `parentid` = 0 ORDER BY displayorder  [ RunTime:0.0012s ]

[ 2018-11-08T13:58:55+08:00 ] 123.185.17.221 /Store/StoreInfo
INFO: [ app_init ] --START--
INFO: Run Behavior\BuildLiteBehavior [ RunTime:0.000011s ]
INFO: [ app_init ] --END-- [ RunTime:0.000293s ]
INFO: [ app_begin ] --START--
INFO: Run Behavior\ReadHtmlCacheBehavior [ RunTime:0.000356s ]
INFO: [ app_begin ] --END-- [ RunTime:0.000383s ]
SQL: SHOW COLUMNS FROM `db_store` [ RunTime:0.0015s ]
SQL: show  FULL columns from db_store [ RunTime:0.0013s ]
SQL: SELECT `id`,`shop_name`,`class_id`,`grade_id`,`store_address`,`user_id`,`store_state`,`store_sort`,`start_time`,`end_time`,`status`,`theme_id`,`store_collect`,`store_sales`,`free_price`,`decoration_switch`,`decoration_only`,`image_count`,`is_own`,`build_all`,`bar_type`,`is_distribution`,`create_time`,`update_time`,`type`,`store_logo`,`commission`,`description`,`wx_accout`,`alipay_account`,`bank_account`,`credibility`,`mobile`,`person_name` FROM `db_store` WHERE `id` = 2 LIMIT 1   [ RunTime:0.0011s ]
SQL: SHOW COLUMNS FROM `db_store_address` [ RunTime:0.0011s ]
SQL: show  FULL columns from db_store_address [ RunTime:0.0011s ]
SQL: SELECT `prov_id`,`city`,`dist`,`store_zip`,`address` FROM `db_store_address` WHERE `store_id` = 2 LIMIT 1   [ RunTime:0.0009s ]
SQL: SHOW COLUMNS FROM `db_region` [ RunTime:0.0010s ]
SQL: show  FULL columns from db_region [ RunTime:0.0010s ]
SQL: SELECT `name` FROM `db_region` WHERE `id` = 11 LIMIT 1   [ RunTime:0.0009s ]
SQL: SELECT `name` FROM `db_region` WHERE `id` = 177 LIMIT 1   [ RunTime:0.0009s ]
SQL: SELECT `name` FROM `db_region` WHERE `id` = 2164 LIMIT 1   [ RunTime:0.0009s ]

[ 2018-11-08T13:58:55+08:00 ] 123.185.17.221 /Region/lowerlevelArea
INFO: [ app_init ] --START--
INFO: Run Behavior\BuildLiteBehavior [ RunTime:0.000006s ]
INFO: [ app_init ] --END-- [ RunTime:0.000241s ]
INFO: [ app_begin ] --START--
INFO: Run Behavior\ReadHtmlCacheBehavior [ RunTime:0.002279s ]
INFO: [ app_begin ] --END-- [ RunTime:0.002307s ]
SQL: SHOW COLUMNS FROM `db_region` [ RunTime:0.0012s ]
SQL: show  FULL columns from db_region [ RunTime:0.0011s ]
SQL: SELECT `id`,`name`,`parentid` FROM `db_region` WHERE ( parentid= 11 )  [ RunTime:0.0011s ]

[ 2018-11-08T13:58:55+08:00 ] 123.185.17.221 /Region/lowerlevelArea
INFO: [ app_init ] --START--
INFO: Run Behavior\BuildLiteBehavior [ RunTime:0.000008s ]
INFO: [ app_init ] --END-- [ RunTime:0.000239s ]
INFO: [ app_begin ] --START--
INFO: Run Behavior\ReadHtmlCacheBehavior [ RunTime:0.000380s ]
INFO: [ app_begin ] --END-- [ RunTime:0.000408s ]
SQL: SHOW COLUMNS FROM `db_region` [ RunTime:0.0013s ]
SQL: show  FULL columns from db_region [ RunTime:0.0011s ]
SQL: SELECT `id`,`name`,`parentid` FROM `db_region` WHERE ( parentid= 177 )  [ RunTime:0.0010s ]

[ 2018-11-08T13:59:02+08:00 ] 123.185.17.221 /Account/accountList
INFO: [ app_init ] --START--
INFO: Run Behavior\BuildLiteBehavior [ RunTime:0.000008s ]
INFO: [ app_init ] --END-- [ RunTime:0.000248s ]
INFO: [ app_begin ] --START--
INFO: Run Behavior\ReadHtmlCacheBehavior [ RunTime:0.000347s ]
INFO: [ app_begin ] --END-- [ RunTime:0.000374s ]
SQL: SHOW COLUMNS FROM `db_store_seller` [ RunTime:0.0014s ]
SQL: show  FULL columns from db_store_seller [ RunTime:0.0019s ]
SQL: SELECT `id`,`user_id`,`seller_name`,`group_id`,`last_login_time`,`last_login_ip`,`login_num`,`create_time`,`status` FROM `db_store_seller` WHERE `store_id` = 2 ORDER BY create_time DESC LIMIT 0,10   [ RunTime:0.0011s ]
SQL: SHOW COLUMNS FROM `db_store_auth_group` [ RunTime:0.0012s ]
SQL: SELECT `title` FROM `db_store_auth_group` WHERE `id` = 73 LIMIT 1   [ RunTime:0.0009s ]
SQL: SELECT `title` FROM `db_store_auth_group` WHERE `id` = 73 LIMIT 1   [ RunTime:0.0009s ]
SQL: SELECT `title` FROM `db_store_auth_group` WHERE `id` = 71 LIMIT 1   [ RunTime:0.0009s ]
SQL: SELECT `title` FROM `db_store_auth_group` WHERE `id` = 71 LIMIT 1   [ RunTime:0.0009s ]
SQL: SELECT `title` FROM `db_store_auth_group` WHERE `id` = null LIMIT 1   [ RunTime:0.0009s ]
SQL: SELECT COUNT(*) AS tp_count FROM `db_store_seller` WHERE `store_id` = 2 LIMIT 1   [ RunTime:0.0009s ]
NOTIC: [8] Undefined index: header /www/wwwroot/sapi.yizehuitong.com/Core/Library/Think/Page.class.php 第 141 行.

[ 2018-11-08T13:59:06+08:00 ] 123.185.17.221 /StoreAdv/adSearch
INFO: [ app_init ] --START--
INFO: Run Behavior\BuildLiteBehavior [ RunTime:0.000008s ]
INFO: [ app_init ] --END-- [ RunTime:0.000285s ]
INFO: [ app_begin ] --START--
INFO: Run Behavior\ReadHtmlCacheBehavior [ RunTime:0.000374s ]
INFO: [ app_begin ] --END-- [ RunTime:0.000406s ]
SQL: SHOW COLUMNS FROM `db_store_adv` [ RunTime:0.0014s ]
SQL: show  FULL columns from db_store_adv [ RunTime:0.0012s ]
SQL: SHOW COLUMNS FROM `db_store_adv_postion` [ RunTime:0.0012s ]
SQL: show  FULL columns from db_store_adv_postion [ RunTime:0.0011s ]
SQL: SELECT `id`,`ap_id`,`adv_title`,`adv_content`,`ad_url`,`slide_sort`,`status` FROM `db_store_adv` WHERE `store_id` = 2 ORDER BY slide_sort LIMIT 0,10   [ RunTime:0.0010s ]
SQL: SELECT COUNT(*) AS tp_count FROM `db_store_adv` WHERE `store_id` = 2 LIMIT 1   [ RunTime:0.0010s ]
NOTIC: [8] Undefined index: header /www/wwwroot/sapi.yizehuitong.com/Core/Library/Think/Page.class.php 第 141 行.
SQL: SELECT `ap_name`,`ap_class` FROM `db_store_adv_postion` WHERE `id` = 9 LIMIT 1   [ RunTime:0.0009s ]

[ 2018-11-08T13:59:06+08:00 ] 123.185.17.221 /StoreAdvPostion/adPostion
INFO: [ app_init ] --START--
INFO: Run Behavior\BuildLiteBehavior [ RunTime:0.000008s ]
INFO: [ app_init ] --END-- [ RunTime:0.000239s ]
INFO: [ app_begin ] --START--
INFO: Run Behavior\ReadHtmlCacheBehavior [ RunTime:0.002567s ]
INFO: [ app_begin ] --END-- [ RunTime:0.002597s ]
SQL: SHOW COLUMNS FROM `db_store_adv_postion` [ RunTime:0.0014s ]
SQL: show  FULL columns from db_store_adv_postion [ RunTime:0.0012s ]
SQL: SELECT `id`,`ap_name`,`is_use`,`ap_width`,`ap_height`,`max_height`,`max_width` FROM `db_store_adv_postion` WHERE `is_use` = 1 ORDER BY create_time DESC  [ RunTime:0.0011s ]

[ 2018-11-08T13:59:11+08:00 ] 123.185.17.221 /Settlement/listBySettlement
INFO: [ app_init ] --START--
INFO: Run Behavior\BuildLiteBehavior [ RunTime:0.000009s ]
INFO: [ app_init ] --END-- [ RunTime:0.000286s ]
INFO: [ app_begin ] --START--
INFO: Run Behavior\ReadHtmlCacheBehavior [ RunTime:0.000357s ]
INFO: [ app_begin ] --END-- [ RunTime:0.000385s ]
SQL: SHOW COLUMNS FROM `db_store_bill` [ RunTime:0.0013s ]
SQL: show  FULL columns from db_store_bill [ RunTime:0.0012s ]
NOTIC: [8] Undefined index:  /www/wwwroot/sapi.yizehuitong.com/Application/Common/Logic/AbstractGetDataLogic.class.php 第 173 行.
SQL: SELECT COUNT(*) AS tp_count FROM `db_store_bill` WHERE `store_id` = 2 LIMIT 1   [ RunTime:0.0010s ]
INFO: [ Search ] --START--
INFO: Run Common\Behavior\SearParamBehavior [ RunTime:0.002504s ]
INFO: [ Search ] --END-- [ RunTime:0.002537s ]
SQL: SELECT `id`,`stment_sn`,`start_time`,`end_time`,`status`,`order_price`,`pay_remarks`,`platform_percentage`,`total_shipping`,`pay_time` FROM `db_store_bill` WHERE `store_id` = 2 ORDER BY id DESC  LIMIT 0,10   [ RunTime:0.0010s ]

[ 2018-11-08T13:59:13+08:00 ] 123.185.17.221 /OrderStatus/getOrderAllStatus
INFO: [ app_init ] --START--
INFO: Run Behavior\BuildLiteBehavior [ RunTime:0.000009s ]
INFO: [ app_init ] --END-- [ RunTime:0.011486s ]
INFO: [ app_begin ] --START--
INFO: Run Behavior\ReadHtmlCacheBehavior [ RunTime:0.000402s ]
INFO: [ app_begin ] --END-- [ RunTime:0.000447s ]

[ 2018-11-08T13:59:14+08:00 ] 123.185.17.221 /Order/orderList/p/1
INFO: [ app_init ] --START--
INFO: Run Behavior\BuildLiteBehavior [ RunTime:0.000010s ]
INFO: [ app_init ] --END-- [ RunTime:0.000261s ]
INFO: [ app_begin ] --START--
INFO: Run Behavior\ReadHtmlCacheBehavior [ RunTime:0.000405s ]
INFO: [ app_begin ] --END-- [ RunTime:0.000451s ]
SQL: SHOW COLUMNS FROM `db_order` [ RunTime:0.0014s ]
SQL: show  FULL columns from db_order [ RunTime:0.0013s ]
SQL: SHOW COLUMNS FROM `db_user` [ RunTime:0.0012s ]
SQL: show  FULL columns from db_user [ RunTime:0.0013s ]
ERR: Return value of Admin\Controller\OrderController::parseWhere() must be an instance of Common\TraitClass\void, none returned

[ 2018-11-08T14:10:46+08:00 ] 123.185.17.221 /Logistics/shippingAddressList
INFO: [ app_init ] --START--
INFO: Run Behavior\BuildLiteBehavior [ RunTime:0.000010s ]
INFO: [ app_init ] --END-- [ RunTime:0.000377s ]
INFO: [ app_begin ] --START--
INFO: Run Behavior\ReadHtmlCacheBehavior [ RunTime:0.000424s ]
INFO: [ app_begin ] --END-- [ RunTime:0.000457s ]
SQL: SHOW COLUMNS FROM `db_send_address` [ RunTime:0.0013s ]
SQL: show  FULL columns from db_send_address [ RunTime:0.0011s ]
SQL: SELECT * FROM `db_send_address` WHERE `store_id` = 2  [ RunTime:0.0010s ]
SQL: SHOW COLUMNS FROM `db_region` [ RunTime:0.0011s ]
SQL: show  FULL columns from db_region [ RunTime:0.0011s ]
SQL: SELECT `name` FROM `db_region` WHERE `id` = 30 LIMIT 1   [ RunTime:0.0009s ]
SQL: SELECT `name` FROM `db_region` WHERE `id` = 470 LIMIT 1   [ RunTime:0.0009s ]
SQL: SELECT `name` FROM `db_region` WHERE `id` = 4906 LIMIT 1   [ RunTime:0.0009s ]
SQL: SELECT `name` FROM `db_region` WHERE `id` = 11 LIMIT 1   [ RunTime:0.0009s ]
SQL: SELECT `name` FROM `db_region` WHERE `id` = 175 LIMIT 1   [ RunTime:0.0009s ]
SQL: SELECT `name` FROM `db_region` WHERE `id` = 2134 LIMIT 1   [ RunTime:0.0009s ]
SQL: SELECT `name` FROM `db_region` WHERE `id` = 13 LIMIT 1   [ RunTime:0.0009s ]
SQL: SELECT `name` FROM `db_region` WHERE `id` = 204 LIMIT 1   [ RunTime:0.0009s ]
SQL: SELECT `name` FROM `db_region` WHERE `id` = 2342 LIMIT 1   [ RunTime:0.0009s ]
SQL: SELECT `name` FROM `db_region` WHERE `id` = 11 LIMIT 1   [ RunTime:0.0009s ]
SQL: SELECT `name` FROM `db_region` WHERE `id` = 176 LIMIT 1   [ RunTime:0.0009s ]
SQL: SELECT `name` FROM `db_region` WHERE `id` = 2148 LIMIT 1   [ RunTime:0.0009s ]
SQL: SELECT `name` FROM `db_region` WHERE `id` = 11 LIMIT 1   [ RunTime:0.0009s ]
SQL: SELECT `name` FROM `db_region` WHERE `id` = 175 LIMIT 1   [ RunTime:0.0009s ]
SQL: SELECT `name` FROM `db_region` WHERE `id` = 2136 LIMIT 1   [ RunTime:0.0009s ]
SQL: SELECT `name` FROM `db_region` WHERE `id` = 11 LIMIT 1   [ RunTime:0.0009s ]
SQL: SELECT `name` FROM `db_region` WHERE `id` = 176 LIMIT 1   [ RunTime:0.0009s ]
SQL: SELECT `name` FROM `db_region` WHERE `id` = 2147 LIMIT 1   [ RunTime:0.0009s ]
SQL: SELECT `name` FROM `db_region` WHERE `id` = 11 LIMIT 1   [ RunTime:0.0009s ]
SQL: SELECT `name` FROM `db_region` WHERE `id` = 175 LIMIT 1   [ RunTime:0.0009s ]
SQL: SELECT `name` FROM `db_region` WHERE `id` = 2134 LIMIT 1   [ RunTime:0.0009s ]

[ 2018-11-08T14:10:48+08:00 ] 123.185.17.221 /Goods/topGoodsList/p/1
INFO: [ app_init ] --START--
INFO: Run Behavior\BuildLiteBehavior [ RunTime:0.000023s ]
INFO: [ app_init ] --END-- [ RunTime:0.000273s ]
INFO: [ app_begin ] --START--
INFO: Run Behavior\ReadHtmlCacheBehavior [ RunTime:0.000319s ]
INFO: [ app_begin ] --END-- [ RunTime:0.000344s ]
SQL: SHOW COLUMNS FROM `db_goods` [ RunTime:0.0015s ]
SQL: show  FULL columns from db_goods [ RunTime:0.0012s ]
NOTIC: [8] Undefined index: title /www/wwwroot/sapi.yizehuitong.com/Application/Common/Logic/AbstractGetDataLogic.class.php 第 173 行.
SQL: SELECT COUNT(*) AS tp_count FROM `db_goods` WHERE `store_id` = 2 AND `p_id` = 0 LIMIT 1   [ RunTime:0.0010s ]
INFO: [ Search ] --START--
INFO: Run Common\Behavior\SearParamBehavior [ RunTime:0.000346s ]
INFO: [ Search ] --END-- [ RunTime:0.000372s ]
SQL: SELECT `id`,`title`,`create_time`,`approval_status`,`price_market`,`price_member`,`shelves`,`class_id`,`description`,`brand_id`,`advance_date`,`weight`,`stock`,`class_two`,`class_three`,`express_id`,`recommend` FROM `db_goods` WHERE `store_id` = 2 AND `p_id` = 0 ORDER BY id DESC  LIMIT 0,10   [ RunTime:0.0012s ]
SQL: SHOW COLUMNS FROM `db_goods_images` [ RunTime:0.0011s ]
SQL: show  FULL columns from db_goods_images [ RunTime:0.0010s ]
SQL: SELECT `goods_id`,`pic_url` FROM `db_goods_images` WHERE ( goods_id in (103,24,8,3,1) and is_thumb = 1 )  [ RunTime:0.0010s ]

