[ 2018-11-16T20:27:57+08:00 ] 123.185.17.248 /Public/login
INFO: [ app_init ] --START--
INFO: Run Behavior\BuildLiteBehavior [ RunTime:0.000014s ]
INFO: [ app_init ] --END-- [ RunTime:0.008813s ]
INFO: [ app_begin ] --START--
INFO: Run Behavior\ReadHtmlCacheBehavior [ RunTime:0.001260s ]
INFO: [ app_begin ] --END-- [ RunTime:0.001296s ]
SQL: SHOW COLUMNS FROM `db_store_seller` [ RunTime:0.0013s ]
SQL: show  FULL columns from db_store_seller [ RunTime:0.0012s ]
SQL: SELECT `id`,`user_id`,`store_id`,`login_num`,`password`,`last_login_time`,`last_login_ip`,`group_id` FROM `db_store_seller` WHERE `seller_name` = 'firefly' LIMIT 1   [ RunTime:0.0010s ]

[ 2018-11-16T20:28:05+08:00 ] 123.185.17.248 /Public/login
INFO: [ app_init ] --START--
INFO: Run Behavior\BuildLiteBehavior [ RunTime:0.000011s ]
INFO: [ app_init ] --END-- [ RunTime:0.000283s ]
INFO: [ app_begin ] --START--
INFO: Run Behavior\ReadHtmlCacheBehavior [ RunTime:0.000348s ]
INFO: [ app_begin ] --END-- [ RunTime:0.000376s ]
SQL: SHOW COLUMNS FROM `db_store_seller` [ RunTime:0.0015s ]
SQL: show  FULL columns from db_store_seller [ RunTime:0.0012s ]
SQL: SELECT `id`,`user_id`,`store_id`,`login_num`,`password`,`last_login_time`,`last_login_ip`,`group_id` FROM `db_store_seller` WHERE `seller_name` = 'firefly' LIMIT 1   [ RunTime:0.0010s ]

[ 2018-11-16T20:28:09+08:00 ] 123.185.17.248 /Public/login
INFO: [ app_init ] --START--
INFO: Run Behavior\BuildLiteBehavior [ RunTime:0.000014s ]
INFO: [ app_init ] --END-- [ RunTime:0.000278s ]
INFO: [ app_begin ] --START--
INFO: Run Behavior\ReadHtmlCacheBehavior [ RunTime:0.000343s ]
INFO: [ app_begin ] --END-- [ RunTime:0.000370s ]
SQL: SHOW COLUMNS FROM `db_store_seller` [ RunTime:0.0014s ]
SQL: show  FULL columns from db_store_seller [ RunTime:0.0012s ]
SQL: SELECT `id`,`user_id`,`store_id`,`login_num`,`password`,`last_login_time`,`last_login_ip`,`group_id` FROM `db_store_seller` WHERE `seller_name` = 'firefly' LIMIT 1   [ RunTime:0.0010s ]

[ 2018-11-16T20:28:12+08:00 ] 123.185.17.248 /Public/login
INFO: [ app_init ] --START--
INFO: Run Behavior\BuildLiteBehavior [ RunTime:0.000010s ]
INFO: [ app_init ] --END-- [ RunTime:0.000263s ]
INFO: [ app_begin ] --START--
INFO: Run Behavior\ReadHtmlCacheBehavior [ RunTime:0.000342s ]
INFO: [ app_begin ] --END-- [ RunTime:0.000370s ]
SQL: SHOW COLUMNS FROM `db_store_seller` [ RunTime:0.0013s ]
SQL: show  FULL columns from db_store_seller [ RunTime:0.0011s ]
SQL: SELECT `id`,`user_id`,`store_id`,`login_num`,`password`,`last_login_time`,`last_login_ip`,`group_id` FROM `db_store_seller` WHERE `seller_name` = 'firefly' LIMIT 1   [ RunTime:0.0010s ]
NOTIC: [8] Undefined index: HTTP_VIA /www/wwwroot/sapi.yizehuitong.com/Application/Common/Logic/StoreSellerLogic.class.php 第 174 行.
SQL: UPDATE `db_store_seller` SET `last_login_time`='1542371292',`login_num`='560',`last_login_ip`='123.185.17.248' WHERE `id` = 2 [ RunTime:0.0018s ]

[ 2018-11-16T20:28:12+08:00 ] 123.185.17.248 /Approval/getApproval
INFO: [ app_init ] --START--
INFO: Run Behavior\BuildLiteBehavior [ RunTime:0.000012s ]
INFO: [ app_init ] --END-- [ RunTime:0.000280s ]
INFO: [ app_begin ] --START--
INFO: Run Behavior\ReadHtmlCacheBehavior [ RunTime:0.000379s ]
INFO: [ app_begin ] --END-- [ RunTime:0.000407s ]
SQL: SHOW COLUMNS FROM `db_store_auth_group_access` [ RunTime:0.0012s ]
SQL: show  FULL columns from db_store_auth_group_access [ RunTime:0.0010s ]
SQL: SELECT `uid`,`group_id` FROM `db_store_auth_group_access` WHERE ( uid = '2' )  [ RunTime:0.0011s ]
SQL: SHOW COLUMNS FROM `db_store_auth_group` [ RunTime:0.0011s ]
SQL: show  FULL columns from db_store_auth_group [ RunTime:0.0010s ]
SQL: SELECT `id`,`rules` FROM `db_store_auth_group` WHERE ( id in(30) and status = 1 )  [ RunTime:0.0010s ]
SQL: SHOW COLUMNS FROM `db_store_auth_menu` [ RunTime:0.0017s ]
SQL: show  FULL columns from db_store_auth_menu [ RunTime:0.0018s ]
SQL: SELECT `id`,`redirect`,`remark`,`name`,`path`,`condition`,`component`,`fid` FROM `db_store_auth_menu` WHERE ( id in(1,3,4,18,27,32,46,51,62,68,71,91,5,6,7,8,9,10,12,13,14,15,16,17,19,20,21,22,23,24,25,26,28,29,30,31,33,34,35,36,37,38,39,47,48,49,50,52,53,59,60,61,63,64,65,66,67,69,70,72,73,74,75,76,77,78,79,81,82,83,84,85,86,87,88,89,90,91,92,93,94,95,96,97,99,100) and status = 1 )  [ RunTime:0.0014s ]

[ 2018-11-16T20:28:15+08:00 ] 123.185.17.248 /Index/index
INFO: [ app_init ] --START--
INFO: Run Behavior\BuildLiteBehavior [ RunTime:0.000011s ]
INFO: [ app_init ] --END-- [ RunTime:0.000280s ]
INFO: [ app_begin ] --START--
INFO: Run Behavior\ReadHtmlCacheBehavior [ RunTime:0.000347s ]
INFO: [ app_begin ] --END-- [ RunTime:0.000375s ]
SQL: SHOW COLUMNS FROM `db_store` [ RunTime:0.0015s ]
SQL: show  FULL columns from db_store [ RunTime:0.0012s ]
SQL: SHOW COLUMNS FROM `db_store_evaluate` [ RunTime:0.0011s ]
SQL: show  FULL columns from db_store_evaluate [ RunTime:0.0010s ]
SQL: SELECT AVG(desccredit) AS tp_avg FROM `db_store_evaluate` WHERE `store_id` = 2 LIMIT 1   [ RunTime:0.0010s ]
SQL: SELECT AVG(servicecredit) AS tp_avg FROM `db_store_evaluate` WHERE `store_id` = 2 LIMIT 1   [ RunTime:0.0009s ]
SQL: SELECT AVG(deliverycredit) AS tp_avg FROM `db_store_evaluate` WHERE `store_id` = 2 LIMIT 1   [ RunTime:0.0009s ]
SQL: SELECT `id`,`shop_name`,`store_logo`,`user_id`,`create_time` FROM `db_store` WHERE `id` = 2 LIMIT 1   [ RunTime:0.0009s ]
SQL: SHOW COLUMNS FROM `db_store_information` [ RunTime:0.0011s ]
SQL: show  FULL columns from db_store_information [ RunTime:0.0011s ]
SQL: SELECT `shop_long` FROM `db_store_information` WHERE `shop_name` = '一家店' LIMIT 1   [ RunTime:0.0009s ]
NOTIC: [2] Illegal string offset 'shop_long' /www/wwwroot/sapi.yizehuitong.com/Application/Common/Logic/StoreLogic.class.php 第 242 行.
NOTIC: [8] Uninitialized string offset: 0 /www/wwwroot/sapi.yizehuitong.com/Application/Common/Logic/StoreLogic.class.php 第 242 行.
NOTIC: [2] Illegal string offset 'shop_long' /www/wwwroot/sapi.yizehuitong.com/Application/Common/Logic/StoreLogic.class.php 第 244 行.
NOTIC: [8] Uninitialized string offset: 0 /www/wwwroot/sapi.yizehuitong.com/Application/Common/Logic/StoreLogic.class.php 第 244 行.
SQL: SHOW COLUMNS FROM `db_user` [ RunTime:0.0011s ]
SQL: SELECT `user_name` FROM `db_user` WHERE `id` = 1 LIMIT 1   [ RunTime:0.0009s ]
SQL: SHOW COLUMNS FROM `db_order` [ RunTime:0.0012s ]
SQL: show  FULL columns from db_order [ RunTime:0.0012s ]
SQL: SELECT COUNT(*) AS tp_count FROM `db_order` WHERE `store_id` = 2 AND `order_status` = 0 LIMIT 1   [ RunTime:0.0010s ]
SQL: SELECT COUNT(*) AS tp_count FROM `db_order` WHERE `store_id` = 2 AND `order_status` = 1 LIMIT 1   [ RunTime:0.0010s ]
SQL: SELECT COUNT(*) AS tp_count FROM `db_order` WHERE `store_id` = 2 AND `order_status` = 4 AND `comment_status` = 0 LIMIT 1   [ RunTime:0.0010s ]
SQL: SELECT COUNT(*) AS tp_count FROM `db_order` WHERE `store_id` = 2 AND `order_status` = 8 LIMIT 1   [ RunTime:0.0010s ]
SQL: SHOW COLUMNS FROM `db_goods` [ RunTime:0.0012s ]
SQL: show  FULL columns from db_goods [ RunTime:0.0012s ]
SQL: SELECT COUNT(*) AS tp_count FROM `db_goods` WHERE `store_id` = 2 AND `shelves` = 1 LIMIT 1   [ RunTime:0.0009s ]
SQL: SELECT COUNT(*) AS tp_count FROM `db_goods` WHERE `store_id` = 2 LIMIT 1   [ RunTime:0.0009s ]
SQL: SELECT COUNT(*) AS tp_count FROM `db_goods` WHERE `store_id` = 2 AND `approval_status` = 0 LIMIT 1   [ RunTime:0.0012s ]
SQL: SELECT COUNT(*) AS tp_count FROM `db_goods` WHERE `store_id` = 2 AND `shelves` = 0 LIMIT 1   [ RunTime:0.0009s ]
SQL: SHOW COLUMNS FROM `db_complain` [ RunTime:0.0013s ]
SQL: show  FULL columns from db_complain [ RunTime:0.0012s ]
SQL: SELECT COUNT(*) AS tp_count FROM `db_complain` WHERE `accused_id` = 2 AND `complain_state` = 0 LIMIT 1   [ RunTime:0.0009s ]
SQL: SELECT COUNT(*) AS tp_count FROM `db_order` WHERE `store_id` = 2 AND `create_time` BETWEEN 1542297600 AND 1542383999 LIMIT 1   [ RunTime:0.0010s ]
SQL: SHOW COLUMNS FROM `db_user` [ RunTime:0.0012s ]
SQL: show  FULL columns from db_user [ RunTime:0.0011s ]
SQL: SELECT COUNT(*) AS tp_count FROM `db_user` WHERE `create_time` BETWEEN 1542297600 AND 1542383999 LIMIT 1   [ RunTime:0.0009s ]
SQL: SELECT SUM(price_sum) AS tp_sum FROM `db_order` WHERE `order_status` > 1 AND `store_id` = 2 AND `pay_time` BETWEEN 1542297600 AND 1542383999 LIMIT 1   [ RunTime:0.0010s ]
SQL: SHOW COLUMNS FROM `db_system_config` [ RunTime:0.0011s ]
SQL: show  FULL columns from db_system_config [ RunTime:0.0011s ]
SQL: SELECT `id`,`key`,`config_value` FROM `db_system_config` WHERE `class_id` = 66  [ RunTime:0.0048s ]
SQL: SHOW COLUMNS FROM `db_announcement` [ RunTime:0.0011s ]
SQL: SELECT `id`,`title`,`create_time` FROM `db_announcement` WHERE `status` = 1 ORDER BY create_time DESC LIMIT 5   [ RunTime:0.0010s ]
SQL: SELECT SUM(price_sum) AS tp_sum FROM `db_order` WHERE `order_status` > 1 AND `store_id` = 2 AND `pay_time` BETWEEN 1542297600 AND 1542383999 LIMIT 1   [ RunTime:0.0011s ]
SQL: SELECT SUM(price_sum) AS tp_sum FROM `db_order` WHERE `order_status` > 1 AND `store_id` = 2 AND `pay_time` BETWEEN 1542211200 AND 1542297599 LIMIT 1   [ RunTime:0.0010s ]
SQL: SELECT SUM(price_sum) AS tp_sum FROM `db_order` WHERE `order_status` > 1 AND `store_id` = 2 AND `pay_time` BETWEEN 1542124800 AND 1542211199 LIMIT 1   [ RunTime:0.0010s ]
SQL: SELECT SUM(price_sum) AS tp_sum FROM `db_order` WHERE `order_status` > 1 AND `store_id` = 2 AND `pay_time` BETWEEN 1542038400 AND 1542124799 LIMIT 1   [ RunTime:0.0010s ]
SQL: SELECT SUM(price_sum) AS tp_sum FROM `db_order` WHERE `order_status` > 1 AND `store_id` = 2 AND `pay_time` BETWEEN 1541952000 AND 1542038399 LIMIT 1   [ RunTime:0.0010s ]
SQL: SELECT SUM(price_sum) AS tp_sum FROM `db_order` WHERE `order_status` > 1 AND `store_id` = 2 AND `pay_time` BETWEEN 1541865600 AND 1541951999 LIMIT 1   [ RunTime:0.0010s ]
SQL: SELECT SUM(price_sum) AS tp_sum FROM `db_order` WHERE `order_status` > 1 AND `store_id` = 2 AND `pay_time` BETWEEN 1541779200 AND 1541865599 LIMIT 1   [ RunTime:0.0010s ]
SQL: SELECT SUM(price_sum) AS tp_sum FROM `db_order` WHERE `order_status` > 1 AND `store_id` = 2 AND `pay_time` BETWEEN 1541692800 AND 1541779199 LIMIT 1   [ RunTime:0.0010s ]
SQL: SELECT SUM(price_sum) AS tp_sum FROM `db_order` WHERE `order_status` > 1 AND `store_id` = 2 AND `pay_time` BETWEEN 1541606400 AND 1541692799 LIMIT 1   [ RunTime:0.0010s ]
SQL: SELECT SUM(price_sum) AS tp_sum FROM `db_order` WHERE `order_status` > 1 AND `store_id` = 2 AND `pay_time` BETWEEN 1541520000 AND 1541606399 LIMIT 1   [ RunTime:0.0011s ]
SQL: SELECT SUM(price_sum) AS tp_sum FROM `db_order` WHERE `order_status` > 1 AND `store_id` = 2 AND `pay_time` BETWEEN 1541433600 AND 1541519999 LIMIT 1   [ RunTime:0.2021s ]
SQL: SHOW COLUMNS FROM `db_store_member` [ RunTime:0.0012s ]
SQL: show  FULL columns from db_store_member [ RunTime:0.0011s ]
SQL: SHOW COLUMNS FROM `db_store_member_level` [ RunTime:0.0010s ]
SQL: SELECT `id`,`level_id`,`money_big`,`money_small`,`condition_num` FROM `db_store_member_level` WHERE `store_id` = 2  [ RunTime:0.0010s ]
SQL: SHOW COLUMNS FROM `db_store_level_by_platform` [ RunTime:0.0010s ]
SQL: SELECT `level_name` FROM `db_store_level_by_platform` WHERE `id` = 1 LIMIT 1   [ RunTime:0.0009s ]
SQL: SHOW COLUMNS FROM `db_store_member` [ RunTime:0.0010s ]
SQL: SELECT COUNT(*) AS tp_count FROM `db_store_member` WHERE `store_id` = 2 AND `total_transaction` BETWEEN '0' AND '0' LIMIT 1   [ RunTime:0.0009s ]

[ 2018-11-16T20:28:25+08:00 ] 123.185.17.248 /Logistics/shippingAddressList
INFO: [ app_init ] --START--
INFO: Run Behavior\BuildLiteBehavior [ RunTime:0.000008s ]
INFO: [ app_init ] --END-- [ RunTime:0.000257s ]
INFO: [ app_begin ] --START--
INFO: Run Behavior\ReadHtmlCacheBehavior [ RunTime:0.000371s ]
INFO: [ app_begin ] --END-- [ RunTime:0.000399s ]
SQL: SHOW COLUMNS FROM `db_send_address` [ RunTime:0.0013s ]
SQL: show  FULL columns from db_send_address [ RunTime:0.0013s ]
SQL: SELECT * FROM `db_send_address` WHERE `store_id` = 2  [ RunTime:0.0010s ]
SQL: SHOW COLUMNS FROM `db_region` [ RunTime:0.0011s ]
SQL: show  FULL columns from db_region [ RunTime:0.0012s ]
SQL: SELECT `name` FROM `db_region` WHERE `id` = 30 LIMIT 1   [ RunTime:0.0009s ]
SQL: SELECT `name` FROM `db_region` WHERE `id` = 470 LIMIT 1   [ RunTime:0.0009s ]
SQL: SELECT `name` FROM `db_region` WHERE `id` = 4906 LIMIT 1   [ RunTime:0.0009s ]
SQL: SELECT `name` FROM `db_region` WHERE `id` = 11 LIMIT 1   [ RunTime:0.0009s ]
SQL: SELECT `name` FROM `db_region` WHERE `id` = 175 LIMIT 1   [ RunTime:0.0009s ]
SQL: SELECT `name` FROM `db_region` WHERE `id` = 2134 LIMIT 1   [ RunTime:0.0009s ]
SQL: SELECT `name` FROM `db_region` WHERE `id` = 13 LIMIT 1   [ RunTime:0.0009s ]
SQL: SELECT `name` FROM `db_region` WHERE `id` = 204 LIMIT 1   [ RunTime:0.0009s ]
SQL: SELECT `name` FROM `db_region` WHERE `id` = 2342 LIMIT 1   [ RunTime:0.0009s ]
SQL: SELECT `name` FROM `db_region` WHERE `id` = 11 LIMIT 1   [ RunTime:0.0009s ]
SQL: SELECT `name` FROM `db_region` WHERE `id` = 176 LIMIT 1   [ RunTime:0.0009s ]
SQL: SELECT `name` FROM `db_region` WHERE `id` = 2148 LIMIT 1   [ RunTime:0.0009s ]
SQL: SELECT `name` FROM `db_region` WHERE `id` = 11 LIMIT 1   [ RunTime:0.0009s ]
SQL: SELECT `name` FROM `db_region` WHERE `id` = 175 LIMIT 1   [ RunTime:0.0010s ]
SQL: SELECT `name` FROM `db_region` WHERE `id` = 2136 LIMIT 1   [ RunTime:0.0009s ]
SQL: SELECT `name` FROM `db_region` WHERE `id` = 11 LIMIT 1   [ RunTime:0.0009s ]
SQL: SELECT `name` FROM `db_region` WHERE `id` = 176 LIMIT 1   [ RunTime:0.0009s ]
SQL: SELECT `name` FROM `db_region` WHERE `id` = 2147 LIMIT 1   [ RunTime:0.0009s ]
SQL: SELECT `name` FROM `db_region` WHERE `id` = 11 LIMIT 1   [ RunTime:0.0010s ]
SQL: SELECT `name` FROM `db_region` WHERE `id` = 175 LIMIT 1   [ RunTime:0.0010s ]
SQL: SELECT `name` FROM `db_region` WHERE `id` = 2134 LIMIT 1   [ RunTime:0.0010s ]

[ 2018-11-16T20:28:42+08:00 ] 123.185.17.248 /Order/orderList/p/1
INFO: [ app_init ] --START--
INFO: Run Behavior\BuildLiteBehavior [ RunTime:0.000006s ]
INFO: [ app_init ] --END-- [ RunTime:0.000258s ]
INFO: [ app_begin ] --START--
INFO: Run Behavior\ReadHtmlCacheBehavior [ RunTime:0.000353s ]
INFO: [ app_begin ] --END-- [ RunTime:0.000380s ]
SQL: SHOW COLUMNS FROM `db_order` [ RunTime:0.0013s ]
SQL: show  FULL columns from db_order [ RunTime:0.0012s ]
SQL: SHOW COLUMNS FROM `db_user` [ RunTime:0.0013s ]
SQL: show  FULL columns from db_user [ RunTime:0.0012s ]
ERR: Return value of Admin\Controller\OrderController::parseWhere() must be an instance of Common\TraitClass\void, none returned

[ 2018-11-16T20:28:42+08:00 ] 123.185.17.248 /OrderStatus/getOrderAllStatus
INFO: [ app_init ] --START--
INFO: Run Behavior\BuildLiteBehavior [ RunTime:0.000007s ]
INFO: [ app_init ] --END-- [ RunTime:0.000239s ]
INFO: [ app_begin ] --START--
INFO: Run Behavior\ReadHtmlCacheBehavior [ RunTime:0.000365s ]
INFO: [ app_begin ] --END-- [ RunTime:0.000394s ]

[ 2018-11-16T20:29:08+08:00 ] 123.185.17.248 /Logistics/shippingAddressList
INFO: [ app_init ] --START--
INFO: Run Behavior\BuildLiteBehavior [ RunTime:0.000008s ]
INFO: [ app_init ] --END-- [ RunTime:0.000245s ]
INFO: [ app_begin ] --START--
INFO: Run Behavior\ReadHtmlCacheBehavior [ RunTime:0.000402s ]
INFO: [ app_begin ] --END-- [ RunTime:0.000430s ]
SQL: SHOW COLUMNS FROM `db_send_address` [ RunTime:0.0013s ]
SQL: show  FULL columns from db_send_address [ RunTime:0.0011s ]
SQL: SELECT * FROM `db_send_address` WHERE `store_id` = 2  [ RunTime:0.0010s ]
SQL: SHOW COLUMNS FROM `db_region` [ RunTime:0.0011s ]
SQL: show  FULL columns from db_region [ RunTime:0.0011s ]
SQL: SELECT `name` FROM `db_region` WHERE `id` = 30 LIMIT 1   [ RunTime:0.0009s ]
SQL: SELECT `name` FROM `db_region` WHERE `id` = 470 LIMIT 1   [ RunTime:0.0009s ]
SQL: SELECT `name` FROM `db_region` WHERE `id` = 4906 LIMIT 1   [ RunTime:0.0009s ]
SQL: SELECT `name` FROM `db_region` WHERE `id` = 11 LIMIT 1   [ RunTime:0.0009s ]
SQL: SELECT `name` FROM `db_region` WHERE `id` = 175 LIMIT 1   [ RunTime:0.0009s ]
SQL: SELECT `name` FROM `db_region` WHERE `id` = 2134 LIMIT 1   [ RunTime:0.0009s ]
SQL: SELECT `name` FROM `db_region` WHERE `id` = 13 LIMIT 1   [ RunTime:0.0009s ]
SQL: SELECT `name` FROM `db_region` WHERE `id` = 204 LIMIT 1   [ RunTime:0.0009s ]
SQL: SELECT `name` FROM `db_region` WHERE `id` = 2342 LIMIT 1   [ RunTime:0.0009s ]
SQL: SELECT `name` FROM `db_region` WHERE `id` = 11 LIMIT 1   [ RunTime:0.0009s ]
SQL: SELECT `name` FROM `db_region` WHERE `id` = 176 LIMIT 1   [ RunTime:0.0009s ]
SQL: SELECT `name` FROM `db_region` WHERE `id` = 2148 LIMIT 1   [ RunTime:0.0009s ]
SQL: SELECT `name` FROM `db_region` WHERE `id` = 11 LIMIT 1   [ RunTime:0.0009s ]
SQL: SELECT `name` FROM `db_region` WHERE `id` = 175 LIMIT 1   [ RunTime:0.0009s ]
SQL: SELECT `name` FROM `db_region` WHERE `id` = 2136 LIMIT 1   [ RunTime:0.0009s ]
SQL: SELECT `name` FROM `db_region` WHERE `id` = 11 LIMIT 1   [ RunTime:0.0009s ]
SQL: SELECT `name` FROM `db_region` WHERE `id` = 176 LIMIT 1   [ RunTime:0.0009s ]
SQL: SELECT `name` FROM `db_region` WHERE `id` = 2147 LIMIT 1   [ RunTime:0.0009s ]
SQL: SELECT `name` FROM `db_region` WHERE `id` = 11 LIMIT 1   [ RunTime:0.0009s ]
SQL: SELECT `name` FROM `db_region` WHERE `id` = 175 LIMIT 1   [ RunTime:0.0009s ]
SQL: SELECT `name` FROM `db_region` WHERE `id` = 2134 LIMIT 1   [ RunTime:0.0009s ]

[ 2018-11-16T20:29:08+08:00 ] 123.185.17.248 /Promotion/FullGift
INFO: [ app_init ] --START--
INFO: Run Behavior\BuildLiteBehavior [ RunTime:0.000024s ]
INFO: [ app_init ] --END-- [ RunTime:0.000258s ]
INFO: [ app_begin ] --START--
INFO: Run Behavior\ReadHtmlCacheBehavior [ RunTime:0.000379s ]
INFO: [ app_begin ] --END-- [ RunTime:0.000406s ]
SQL: SHOW COLUMNS FROM `db_prom_goods` [ RunTime:0.0013s ]
SQL: show  FULL columns from db_prom_goods [ RunTime:0.0012s ]
SQL: SHOW COLUMNS FROM `db_promotion_type` [ RunTime:0.0011s ]
SQL: SELECT `id` FROM `db_promotion_type` WHERE `promation_name` = '满赠' LIMIT 1   [ RunTime:0.0010s ]
SQL: SELECT `id`,`name`,`type`,`group`,`start_time`,`end_time` FROM `db_prom_goods` WHERE `store_id` = 2 AND `type` = 5 LIMIT 0,10   [ RunTime:0.0009s ]
SQL: SELECT COUNT(*) AS tp_count FROM `db_prom_goods` WHERE `store_id` = 2 AND `type` = 5 LIMIT 1   [ RunTime:0.0009s ]
SQL: SHOW COLUMNS FROM `db_store_level_by_platform` [ RunTime:0.0010s ]
SQL: SELECT `level_name` FROM `db_store_level_by_platform` WHERE `id` = 1 LIMIT 1   [ RunTime:0.0009s ]
SQL: SHOW COLUMNS FROM `db_promotion_goods` [ RunTime:0.0010s ]
SQL: SELECT b.id,`title`,`price_market`,`stock` FROM db_promotion_goods as a INNER JOIN db_goods as b on b.id=a.goods_id  WHERE `prom_id` = '3' LIMIT 1   [ RunTime:0.0010s ]
SQL: SELECT `level_name` FROM `db_store_level_by_platform` WHERE `id` = 1 LIMIT 1   [ RunTime:0.0009s ]
SQL: SELECT b.id,`title`,`price_market`,`stock` FROM db_promotion_goods as a INNER JOIN db_goods as b on b.id=a.goods_id  WHERE `prom_id` = '4' LIMIT 1   [ RunTime:0.0009s ]
SQL: SELECT `level_name` FROM `db_store_level_by_platform` WHERE `id` = 2 LIMIT 1   [ RunTime:0.0009s ]
SQL: SELECT b.id,`title`,`price_market`,`stock` FROM db_promotion_goods as a INNER JOIN db_goods as b on b.id=a.goods_id  WHERE `prom_id` = '5' LIMIT 1   [ RunTime:0.0010s ]

[ 2018-11-16T20:29:10+08:00 ] 123.185.17.248 /StoreMemberLevel/levelList
INFO: [ app_init ] --START--
INFO: Run Behavior\BuildLiteBehavior [ RunTime:0.000008s ]
INFO: [ app_init ] --END-- [ RunTime:0.000284s ]
INFO: [ app_begin ] --START--
INFO: Run Behavior\ReadHtmlCacheBehavior [ RunTime:0.000374s ]
INFO: [ app_begin ] --END-- [ RunTime:0.000402s ]
SQL: SHOW COLUMNS FROM `db_store_member_level` [ RunTime:0.0012s ]
SQL: show  FULL columns from db_store_member_level [ RunTime:0.0011s ]
SQL: SHOW COLUMNS FROM `db_store_level_by_platform` [ RunTime:0.0010s ]
SQL: show  FULL columns from db_store_level_by_platform [ RunTime:0.0011s ]
NOTIC: [8] Undefined index:  /www/wwwroot/sapi.yizehuitong.com/Application/Common/Logic/AbstractGetDataLogic.class.php 第 173 行.
NOTIC: [8] Undefined index: level_id /www/wwwroot/sapi.yizehuitong.com/Application/Common/Logic/AbstractGetDataLogic.class.php 第 173 行.
SQL: SELECT COUNT(*) AS tp_count FROM `db_store_member_level` WHERE `store_id` = 2 LIMIT 1   [ RunTime:0.0010s ]
INFO: [ Search ] --START--
INFO: Run Common\Behavior\SearParamBehavior [ RunTime:0.002728s ]
INFO: [ Search ] --END-- [ RunTime:0.002763s ]
SQL: SELECT `id`,`level_id`,`discount`,`condition_money`,`condition_num` FROM `db_store_member_level` WHERE `store_id` = 2 ORDER BY id DESC  LIMIT 0,10   [ RunTime:0.0010s ]
SQL: SELECT `id`,`level_name` FROM `db_store_level_by_platform` WHERE ( id in (1) ) ORDER BY SUBSTRING_INDEX("1",id, 1)  [ RunTime:0.0009s ]

[ 2018-11-16T20:29:11+08:00 ] 123.185.17.248 /PersonalAdmission/getProv
INFO: [ app_init ] --START--
INFO: Run Behavior\BuildLiteBehavior [ RunTime:0.000008s ]
INFO: [ app_init ] --END-- [ RunTime:0.000321s ]
INFO: [ app_begin ] --START--
INFO: Run Behavior\ReadHtmlCacheBehavior [ RunTime:0.000361s ]
INFO: [ app_begin ] --END-- [ RunTime:0.000390s ]
SQL: SHOW COLUMNS FROM `db_region` [ RunTime:0.0013s ]
SQL: show  FULL columns from db_region [ RunTime:0.0011s ]
SQL: SELECT `id`,`parentid`,`name` FROM `db_region` WHERE `parentid` = 0 ORDER BY displayorder  [ RunTime:0.0012s ]

[ 2018-11-16T20:29:11+08:00 ] 123.185.17.248 /Store/StoreInfo
INFO: [ app_init ] --START--
INFO: Run Behavior\BuildLiteBehavior [ RunTime:0.000010s ]
INFO: [ app_init ] --END-- [ RunTime:0.000318s ]
INFO: [ app_begin ] --START--
INFO: Run Behavior\ReadHtmlCacheBehavior [ RunTime:0.000445s ]
INFO: [ app_begin ] --END-- [ RunTime:0.000474s ]
SQL: SHOW COLUMNS FROM `db_store` [ RunTime:0.0017s ]
SQL: show  FULL columns from db_store [ RunTime:0.0013s ]
SQL: SELECT `id`,`shop_name`,`class_id`,`grade_id`,`store_address`,`user_id`,`store_state`,`store_sort`,`start_time`,`end_time`,`status`,`theme_id`,`store_collect`,`store_sales`,`free_price`,`decoration_switch`,`decoration_only`,`image_count`,`is_own`,`build_all`,`bar_type`,`is_distribution`,`create_time`,`update_time`,`type`,`store_logo`,`commission`,`description`,`wx_accout`,`alipay_account`,`bank_account`,`credibility`,`mobile`,`person_name` FROM `db_store` WHERE `id` = 2 LIMIT 1   [ RunTime:0.0011s ]
SQL: SHOW COLUMNS FROM `db_store_address` [ RunTime:0.0011s ]
SQL: show  FULL columns from db_store_address [ RunTime:0.0011s ]
SQL: SELECT `prov_id`,`city`,`dist`,`store_zip`,`address` FROM `db_store_address` WHERE `store_id` = 2 LIMIT 1   [ RunTime:0.0010s ]
SQL: SHOW COLUMNS FROM `db_region` [ RunTime:0.0010s ]
SQL: show  FULL columns from db_region [ RunTime:0.0010s ]
SQL: SELECT `name` FROM `db_region` WHERE `id` = 11 LIMIT 1   [ RunTime:0.0009s ]
SQL: SELECT `name` FROM `db_region` WHERE `id` = 177 LIMIT 1   [ RunTime:0.0009s ]
SQL: SELECT `name` FROM `db_region` WHERE `id` = 2164 LIMIT 1   [ RunTime:0.0009s ]

[ 2018-11-16T20:29:11+08:00 ] 123.185.17.248 /Region/lowerlevelArea
INFO: [ app_init ] --START--
INFO: Run Behavior\BuildLiteBehavior [ RunTime:0.000006s ]
INFO: [ app_init ] --END-- [ RunTime:0.000252s ]
INFO: [ app_begin ] --START--
INFO: Run Behavior\ReadHtmlCacheBehavior [ RunTime:0.000377s ]
INFO: [ app_begin ] --END-- [ RunTime:0.000403s ]
SQL: SHOW COLUMNS FROM `db_region` [ RunTime:0.0013s ]
SQL: show  FULL columns from db_region [ RunTime:0.0011s ]
SQL: SELECT `id`,`name`,`parentid` FROM `db_region` WHERE ( parentid= 11 )  [ RunTime:0.0010s ]

[ 2018-11-16T20:29:11+08:00 ] 123.185.17.248 /Region/lowerlevelArea
INFO: [ app_init ] --START--
INFO: Run Behavior\BuildLiteBehavior [ RunTime:0.000008s ]
INFO: [ app_init ] --END-- [ RunTime:0.000290s ]
INFO: [ app_begin ] --START--
INFO: Run Behavior\ReadHtmlCacheBehavior [ RunTime:0.000378s ]
INFO: [ app_begin ] --END-- [ RunTime:0.000407s ]
SQL: SHOW COLUMNS FROM `db_region` [ RunTime:0.0011s ]
SQL: show  FULL columns from db_region [ RunTime:0.0011s ]
SQL: SELECT `id`,`name`,`parentid` FROM `db_region` WHERE ( parentid= 177 )  [ RunTime:0.0011s ]

[ 2018-11-16T20:29:13+08:00 ] 123.185.17.248 /Service/typeList
INFO: [ app_init ] --START--
INFO: Run Behavior\BuildLiteBehavior [ RunTime:0.000007s ]
INFO: [ app_init ] --END-- [ RunTime:0.000245s ]
INFO: [ app_begin ] --START--
INFO: Run Behavior\ReadHtmlCacheBehavior [ RunTime:0.000606s ]
INFO: [ app_begin ] --END-- [ RunTime:0.000634s ]
SQL: SHOW COLUMNS FROM `db_service` [ RunTime:0.0013s ]
SQL: show  FULL columns from db_service [ RunTime:0.0011s ]
SQL: SHOW COLUMNS FROM `db_service_type` [ RunTime:0.0010s ]
SQL: show  FULL columns from db_service_type [ RunTime:0.0010s ]
SQL: SELECT * FROM `db_service_type` WHERE `store_id` = 2  [ RunTime:0.0018s ]

[ 2018-11-16T20:29:17+08:00 ] 123.185.17.248 /Account/accountList
INFO: [ app_init ] --START--
INFO: Run Behavior\BuildLiteBehavior [ RunTime:0.000007s ]
INFO: [ app_init ] --END-- [ RunTime:0.000240s ]
INFO: [ app_begin ] --START--
INFO: Run Behavior\ReadHtmlCacheBehavior [ RunTime:0.000343s ]
INFO: [ app_begin ] --END-- [ RunTime:0.000369s ]
SQL: SHOW COLUMNS FROM `db_store_seller` [ RunTime:0.0013s ]
SQL: show  FULL columns from db_store_seller [ RunTime:0.0011s ]
SQL: SELECT `id`,`user_id`,`seller_name`,`group_id`,`last_login_time`,`last_login_ip`,`login_num`,`create_time`,`status` FROM `db_store_seller` WHERE `store_id` = 2 ORDER BY create_time DESC LIMIT 0,10   [ RunTime:0.0010s ]
SQL: SHOW COLUMNS FROM `db_store_auth_group` [ RunTime:0.0010s ]
SQL: SELECT `title` FROM `db_store_auth_group` WHERE `id` = 73 LIMIT 1   [ RunTime:0.0009s ]
SQL: SELECT `title` FROM `db_store_auth_group` WHERE `id` = 73 LIMIT 1   [ RunTime:0.0009s ]
SQL: SELECT `title` FROM `db_store_auth_group` WHERE `id` = 71 LIMIT 1   [ RunTime:0.0024s ]
SQL: SELECT `title` FROM `db_store_auth_group` WHERE `id` = 71 LIMIT 1   [ RunTime:0.0040s ]
SQL: SELECT `title` FROM `db_store_auth_group` WHERE `id` = null LIMIT 1   [ RunTime:0.0009s ]
SQL: SELECT COUNT(*) AS tp_count FROM `db_store_seller` WHERE `store_id` = 2 LIMIT 1   [ RunTime:0.0017s ]
NOTIC: [8] Undefined index: header /www/wwwroot/sapi.yizehuitong.com/Core/Library/Think/Page.class.php 第 141 行.

[ 2018-11-16T20:29:18+08:00 ] 123.185.17.248 /Settlement/listBySettlement
INFO: [ app_init ] --START--
INFO: Run Behavior\BuildLiteBehavior [ RunTime:0.000007s ]
INFO: [ app_init ] --END-- [ RunTime:0.000241s ]
INFO: [ app_begin ] --START--
INFO: Run Behavior\ReadHtmlCacheBehavior [ RunTime:0.000345s ]
INFO: [ app_begin ] --END-- [ RunTime:0.000373s ]
SQL: SHOW COLUMNS FROM `db_store_bill` [ RunTime:0.0013s ]
SQL: show  FULL columns from db_store_bill [ RunTime:0.0012s ]
NOTIC: [8] Undefined index:  /www/wwwroot/sapi.yizehuitong.com/Application/Common/Logic/AbstractGetDataLogic.class.php 第 173 行.
SQL: SELECT COUNT(*) AS tp_count FROM `db_store_bill` WHERE `store_id` = 2 LIMIT 1   [ RunTime:0.0010s ]
INFO: [ Search ] --START--
INFO: Run Common\Behavior\SearParamBehavior [ RunTime:0.000360s ]
INFO: [ Search ] --END-- [ RunTime:0.000388s ]
SQL: SELECT `id`,`stment_sn`,`start_time`,`end_time`,`status`,`order_price`,`pay_remarks`,`platform_percentage`,`total_shipping`,`pay_time` FROM `db_store_bill` WHERE `store_id` = 2 ORDER BY id DESC  LIMIT 0,10   [ RunTime:0.0010s ]

[ 2018-11-16T20:29:20+08:00 ] 123.185.17.248 /StoreAdv/adSearch
INFO: [ app_init ] --START--
INFO: Run Behavior\BuildLiteBehavior [ RunTime:0.000007s ]
INFO: [ app_init ] --END-- [ RunTime:0.000253s ]
INFO: [ app_begin ] --START--
INFO: Run Behavior\ReadHtmlCacheBehavior [ RunTime:0.000390s ]
INFO: [ app_begin ] --END-- [ RunTime:0.000421s ]
SQL: SHOW COLUMNS FROM `db_store_adv` [ RunTime:0.0014s ]
SQL: show  FULL columns from db_store_adv [ RunTime:0.0012s ]
SQL: SHOW COLUMNS FROM `db_store_adv_postion` [ RunTime:0.0011s ]
SQL: show  FULL columns from db_store_adv_postion [ RunTime:0.0011s ]
SQL: SELECT `id`,`ap_id`,`adv_title`,`adv_content`,`ad_url`,`slide_sort`,`status` FROM `db_store_adv` WHERE `store_id` = 2 ORDER BY slide_sort LIMIT 0,10   [ RunTime:0.0010s ]
SQL: SELECT COUNT(*) AS tp_count FROM `db_store_adv` WHERE `store_id` = 2 LIMIT 1   [ RunTime:0.0009s ]
NOTIC: [8] Undefined index: header /www/wwwroot/sapi.yizehuitong.com/Core/Library/Think/Page.class.php 第 141 行.
SQL: SELECT `ap_name`,`ap_class` FROM `db_store_adv_postion` WHERE `id` = 9 LIMIT 1   [ RunTime:0.0009s ]

[ 2018-11-16T20:29:20+08:00 ] 123.185.17.248 /StoreAdvPostion/adPostion
INFO: [ app_init ] --START--
INFO: Run Behavior\BuildLiteBehavior [ RunTime:0.000007s ]
INFO: [ app_init ] --END-- [ RunTime:0.000254s ]
INFO: [ app_begin ] --START--
INFO: Run Behavior\ReadHtmlCacheBehavior [ RunTime:0.000403s ]
INFO: [ app_begin ] --END-- [ RunTime:0.000430s ]
SQL: SHOW COLUMNS FROM `db_store_adv_postion` [ RunTime:0.0013s ]
SQL: show  FULL columns from db_store_adv_postion [ RunTime:0.0011s ]
SQL: SELECT `id`,`ap_name`,`is_use`,`ap_width`,`ap_height`,`max_height`,`max_width` FROM `db_store_adv_postion` WHERE `is_use` = 1 ORDER BY create_time DESC  [ RunTime:0.0011s ]

[ 2018-11-16T20:29:23+08:00 ] 123.185.17.248 /Settlement/listBySettlement
INFO: [ app_init ] --START--
INFO: Run Behavior\BuildLiteBehavior [ RunTime:0.000008s ]
INFO: [ app_init ] --END-- [ RunTime:0.000245s ]
INFO: [ app_begin ] --START--
INFO: Run Behavior\ReadHtmlCacheBehavior [ RunTime:0.000358s ]
INFO: [ app_begin ] --END-- [ RunTime:0.000386s ]
SQL: SHOW COLUMNS FROM `db_store_bill` [ RunTime:0.0015s ]
SQL: show  FULL columns from db_store_bill [ RunTime:0.0012s ]
NOTIC: [8] Undefined index:  /www/wwwroot/sapi.yizehuitong.com/Application/Common/Logic/AbstractGetDataLogic.class.php 第 173 行.
SQL: SELECT COUNT(*) AS tp_count FROM `db_store_bill` WHERE `store_id` = 2 LIMIT 1   [ RunTime:0.0010s ]
INFO: [ Search ] --START--
INFO: Run Common\Behavior\SearParamBehavior [ RunTime:0.000399s ]
INFO: [ Search ] --END-- [ RunTime:0.000430s ]
SQL: SELECT `id`,`stment_sn`,`start_time`,`end_time`,`status`,`order_price`,`pay_remarks`,`platform_percentage`,`total_shipping`,`pay_time` FROM `db_store_bill` WHERE `store_id` = 2 ORDER BY id DESC  LIMIT 0,10   [ RunTime:0.0010s ]

[ 2018-11-16T20:29:24+08:00 ] 123.185.17.248 /Promotion/FullGift
INFO: [ app_init ] --START--
INFO: Run Behavior\BuildLiteBehavior [ RunTime:0.000007s ]
INFO: [ app_init ] --END-- [ RunTime:0.000265s ]
INFO: [ app_begin ] --START--
INFO: Run Behavior\ReadHtmlCacheBehavior [ RunTime:0.000369s ]
INFO: [ app_begin ] --END-- [ RunTime:0.000397s ]
SQL: SHOW COLUMNS FROM `db_prom_goods` [ RunTime:0.0015s ]
SQL: show  FULL columns from db_prom_goods [ RunTime:0.0012s ]
SQL: SHOW COLUMNS FROM `db_promotion_type` [ RunTime:0.0011s ]
SQL: SELECT `id` FROM `db_promotion_type` WHERE `promation_name` = '满赠' LIMIT 1   [ RunTime:0.0010s ]
SQL: SELECT `id`,`name`,`type`,`group`,`start_time`,`end_time` FROM `db_prom_goods` WHERE `store_id` = 2 AND `type` = 5 LIMIT 0,10   [ RunTime:0.0010s ]
SQL: SELECT COUNT(*) AS tp_count FROM `db_prom_goods` WHERE `store_id` = 2 AND `type` = 5 LIMIT 1   [ RunTime:0.0009s ]
SQL: SHOW COLUMNS FROM `db_store_level_by_platform` [ RunTime:0.0011s ]
SQL: SELECT `level_name` FROM `db_store_level_by_platform` WHERE `id` = 1 LIMIT 1   [ RunTime:0.0009s ]
SQL: SHOW COLUMNS FROM `db_promotion_goods` [ RunTime:0.0011s ]
SQL: SELECT b.id,`title`,`price_market`,`stock` FROM db_promotion_goods as a INNER JOIN db_goods as b on b.id=a.goods_id  WHERE `prom_id` = '3' LIMIT 1   [ RunTime:0.0010s ]
SQL: SELECT `level_name` FROM `db_store_level_by_platform` WHERE `id` = 1 LIMIT 1   [ RunTime:0.0009s ]
SQL: SELECT b.id,`title`,`price_market`,`stock` FROM db_promotion_goods as a INNER JOIN db_goods as b on b.id=a.goods_id  WHERE `prom_id` = '4' LIMIT 1   [ RunTime:0.0010s ]
SQL: SELECT `level_name` FROM `db_store_level_by_platform` WHERE `id` = 2 LIMIT 1   [ RunTime:0.0009s ]
SQL: SELECT b.id,`title`,`price_market`,`stock` FROM db_promotion_goods as a INNER JOIN db_goods as b on b.id=a.goods_id  WHERE `prom_id` = '5' LIMIT 1   [ RunTime:0.0010s ]

[ 2018-11-16T20:29:27+08:00 ] 123.185.17.248 /Logistics/shippingAddressList
INFO: [ app_init ] --START--
INFO: Run Behavior\BuildLiteBehavior [ RunTime:0.000007s ]
INFO: [ app_init ] --END-- [ RunTime:0.000249s ]
INFO: [ app_begin ] --START--
INFO: Run Behavior\ReadHtmlCacheBehavior [ RunTime:0.000387s ]
INFO: [ app_begin ] --END-- [ RunTime:0.000415s ]
SQL: SHOW COLUMNS FROM `db_send_address` [ RunTime:0.0015s ]
SQL: show  FULL columns from db_send_address [ RunTime:0.0012s ]
SQL: SELECT * FROM `db_send_address` WHERE `store_id` = 2  [ RunTime:0.0010s ]
SQL: SHOW COLUMNS FROM `db_region` [ RunTime:0.0010s ]
SQL: show  FULL columns from db_region [ RunTime:0.0010s ]
SQL: SELECT `name` FROM `db_region` WHERE `id` = 30 LIMIT 1   [ RunTime:0.0009s ]
SQL: SELECT `name` FROM `db_region` WHERE `id` = 470 LIMIT 1   [ RunTime:0.0010s ]
SQL: SELECT `name` FROM `db_region` WHERE `id` = 4906 LIMIT 1   [ RunTime:0.0009s ]
SQL: SELECT `name` FROM `db_region` WHERE `id` = 11 LIMIT 1   [ RunTime:0.0009s ]
SQL: SELECT `name` FROM `db_region` WHERE `id` = 175 LIMIT 1   [ RunTime:0.0010s ]
SQL: SELECT `name` FROM `db_region` WHERE `id` = 2134 LIMIT 1   [ RunTime:0.0009s ]
SQL: SELECT `name` FROM `db_region` WHERE `id` = 13 LIMIT 1   [ RunTime:0.0008s ]
SQL: SELECT `name` FROM `db_region` WHERE `id` = 204 LIMIT 1   [ RunTime:0.0009s ]
SQL: SELECT `name` FROM `db_region` WHERE `id` = 2342 LIMIT 1   [ RunTime:0.0008s ]
SQL: SELECT `name` FROM `db_region` WHERE `id` = 11 LIMIT 1   [ RunTime:0.0009s ]
SQL: SELECT `name` FROM `db_region` WHERE `id` = 176 LIMIT 1   [ RunTime:0.0008s ]
SQL: SELECT `name` FROM `db_region` WHERE `id` = 2148 LIMIT 1   [ RunTime:0.0008s ]
SQL: SELECT `name` FROM `db_region` WHERE `id` = 11 LIMIT 1   [ RunTime:0.0008s ]
SQL: SELECT `name` FROM `db_region` WHERE `id` = 175 LIMIT 1   [ RunTime:0.0009s ]
SQL: SELECT `name` FROM `db_region` WHERE `id` = 2136 LIMIT 1   [ RunTime:0.0009s ]
SQL: SELECT `name` FROM `db_region` WHERE `id` = 11 LIMIT 1   [ RunTime:0.0009s ]
SQL: SELECT `name` FROM `db_region` WHERE `id` = 176 LIMIT 1   [ RunTime:0.0009s ]
SQL: SELECT `name` FROM `db_region` WHERE `id` = 2147 LIMIT 1   [ RunTime:0.0009s ]
SQL: SELECT `name` FROM `db_region` WHERE `id` = 11 LIMIT 1   [ RunTime:0.0009s ]
SQL: SELECT `name` FROM `db_region` WHERE `id` = 175 LIMIT 1   [ RunTime:0.0008s ]
SQL: SELECT `name` FROM `db_region` WHERE `id` = 2134 LIMIT 1   [ RunTime:0.0009s ]

[ 2018-11-16T20:29:32+08:00 ] 123.185.17.248 /Goods/topGoodsList/p/1
INFO: [ app_init ] --START--
INFO: Run Behavior\BuildLiteBehavior [ RunTime:0.000008s ]
INFO: [ app_init ] --END-- [ RunTime:0.000250s ]
INFO: [ app_begin ] --START--
INFO: Run Behavior\ReadHtmlCacheBehavior [ RunTime:0.000432s ]
INFO: [ app_begin ] --END-- [ RunTime:0.000461s ]
SQL: SHOW COLUMNS FROM `db_goods` [ RunTime:0.0017s ]
SQL: show  FULL columns from db_goods [ RunTime:0.0014s ]
NOTIC: [8] Undefined index: title /www/wwwroot/sapi.yizehuitong.com/Application/Common/Logic/AbstractGetDataLogic.class.php 第 173 行.
SQL: SELECT COUNT(*) AS tp_count FROM `db_goods` WHERE `store_id` = 2 AND `p_id` = 0 LIMIT 1   [ RunTime:0.0037s ]
INFO: [ Search ] --START--
INFO: Run Common\Behavior\SearParamBehavior [ RunTime:0.000350s ]
INFO: [ Search ] --END-- [ RunTime:0.000380s ]
SQL: SELECT `id`,`title`,`create_time`,`approval_status`,`price_market`,`price_member`,`shelves`,`class_id`,`description`,`brand_id`,`advance_date`,`weight`,`stock`,`class_two`,`class_three`,`express_id`,`recommend` FROM `db_goods` WHERE `store_id` = 2 AND `p_id` = 0 ORDER BY id DESC  LIMIT 0,10   [ RunTime:0.0011s ]
SQL: SHOW COLUMNS FROM `db_goods_images` [ RunTime:0.0012s ]
SQL: show  FULL columns from db_goods_images [ RunTime:0.0011s ]
SQL: SELECT `goods_id`,`pic_url` FROM `db_goods_images` WHERE ( goods_id in (115,113,106,105,103,24,8,3,1) and is_thumb = 1 )  [ RunTime:0.0010s ]

[ 2018-11-16T20:29:35+08:00 ] 123.185.17.248 /Index/index
INFO: [ app_init ] --START--
INFO: Run Behavior\BuildLiteBehavior [ RunTime:0.000009s ]
INFO: [ app_init ] --END-- [ RunTime:0.000265s ]
INFO: [ app_begin ] --START--
INFO: Run Behavior\ReadHtmlCacheBehavior [ RunTime:0.000367s ]
INFO: [ app_begin ] --END-- [ RunTime:0.000400s ]
SQL: SHOW COLUMNS FROM `db_store` [ RunTime:0.0014s ]
SQL: show  FULL columns from db_store [ RunTime:0.0012s ]
SQL: SHOW COLUMNS FROM `db_store_evaluate` [ RunTime:0.0011s ]
SQL: show  FULL columns from db_store_evaluate [ RunTime:0.0010s ]
SQL: SELECT AVG(desccredit) AS tp_avg FROM `db_store_evaluate` WHERE `store_id` = 2 LIMIT 1   [ RunTime:0.0009s ]
SQL: SELECT AVG(servicecredit) AS tp_avg FROM `db_store_evaluate` WHERE `store_id` = 2 LIMIT 1   [ RunTime:0.0009s ]
SQL: SELECT AVG(deliverycredit) AS tp_avg FROM `db_store_evaluate` WHERE `store_id` = 2 LIMIT 1   [ RunTime:0.0009s ]
SQL: SELECT `id`,`shop_name`,`store_logo`,`user_id`,`create_time` FROM `db_store` WHERE `id` = 2 LIMIT 1   [ RunTime:0.0010s ]
SQL: SHOW COLUMNS FROM `db_store_information` [ RunTime:0.0011s ]
SQL: show  FULL columns from db_store_information [ RunTime:0.0011s ]
SQL: SELECT `shop_long` FROM `db_store_information` WHERE `shop_name` = '一家店' LIMIT 1   [ RunTime:0.0009s ]
NOTIC: [2] Illegal string offset 'shop_long' /www/wwwroot/sapi.yizehuitong.com/Application/Common/Logic/StoreLogic.class.php 第 242 行.
NOTIC: [8] Uninitialized string offset: 0 /www/wwwroot/sapi.yizehuitong.com/Application/Common/Logic/StoreLogic.class.php 第 242 行.
NOTIC: [2] Illegal string offset 'shop_long' /www/wwwroot/sapi.yizehuitong.com/Application/Common/Logic/StoreLogic.class.php 第 244 行.
NOTIC: [8] Uninitialized string offset: 0 /www/wwwroot/sapi.yizehuitong.com/Application/Common/Logic/StoreLogic.class.php 第 244 行.
SQL: SHOW COLUMNS FROM `db_user` [ RunTime:0.0011s ]
SQL: SELECT `user_name` FROM `db_user` WHERE `id` = 1 LIMIT 1   [ RunTime:0.0009s ]
SQL: SHOW COLUMNS FROM `db_order` [ RunTime:0.0011s ]
SQL: show  FULL columns from db_order [ RunTime:0.0012s ]
SQL: SELECT COUNT(*) AS tp_count FROM `db_order` WHERE `store_id` = 2 AND `order_status` = 0 LIMIT 1   [ RunTime:0.0011s ]
SQL: SELECT COUNT(*) AS tp_count FROM `db_order` WHERE `store_id` = 2 AND `order_status` = 1 LIMIT 1   [ RunTime:0.0011s ]
SQL: SELECT COUNT(*) AS tp_count FROM `db_order` WHERE `store_id` = 2 AND `order_status` = 4 AND `comment_status` = 0 LIMIT 1   [ RunTime:0.0010s ]
SQL: SELECT COUNT(*) AS tp_count FROM `db_order` WHERE `store_id` = 2 AND `order_status` = 8 LIMIT 1   [ RunTime:0.0010s ]
SQL: SHOW COLUMNS FROM `db_goods` [ RunTime:0.0014s ]
SQL: show  FULL columns from db_goods [ RunTime:0.0014s ]
SQL: SELECT COUNT(*) AS tp_count FROM `db_goods` WHERE `store_id` = 2 AND `shelves` = 1 LIMIT 1   [ RunTime:0.0010s ]
SQL: SELECT COUNT(*) AS tp_count FROM `db_goods` WHERE `store_id` = 2 LIMIT 1   [ RunTime:0.0009s ]
SQL: SELECT COUNT(*) AS tp_count FROM `db_goods` WHERE `store_id` = 2 AND `approval_status` = 0 LIMIT 1   [ RunTime:0.0009s ]
SQL: SELECT COUNT(*) AS tp_count FROM `db_goods` WHERE `store_id` = 2 AND `shelves` = 0 LIMIT 1   [ RunTime:0.0009s ]
SQL: SHOW COLUMNS FROM `db_complain` [ RunTime:0.0013s ]
SQL: show  FULL columns from db_complain [ RunTime:0.0013s ]
SQL: SELECT COUNT(*) AS tp_count FROM `db_complain` WHERE `accused_id` = 2 AND `complain_state` = 0 LIMIT 1   [ RunTime:0.0009s ]
SQL: SELECT COUNT(*) AS tp_count FROM `db_order` WHERE `store_id` = 2 AND `create_time` BETWEEN 1542297600 AND 1542383999 LIMIT 1   [ RunTime:0.0011s ]
SQL: SHOW COLUMNS FROM `db_user` [ RunTime:0.0012s ]
SQL: show  FULL columns from db_user [ RunTime:0.0011s ]
SQL: SELECT COUNT(*) AS tp_count FROM `db_user` WHERE `create_time` BETWEEN 1542297600 AND 1542383999 LIMIT 1   [ RunTime:0.0009s ]
SQL: SELECT SUM(price_sum) AS tp_sum FROM `db_order` WHERE `order_status` > 1 AND `store_id` = 2 AND `pay_time` BETWEEN 1542297600 AND 1542383999 LIMIT 1   [ RunTime:0.0010s ]
SQL: SHOW COLUMNS FROM `db_system_config` [ RunTime:0.0010s ]
SQL: show  FULL columns from db_system_config [ RunTime:0.0011s ]
SQL: SELECT `id`,`key`,`config_value` FROM `db_system_config` WHERE `class_id` = 66  [ RunTime:0.0010s ]
SQL: SHOW COLUMNS FROM `db_announcement` [ RunTime:0.0011s ]
SQL: SELECT `id`,`title`,`create_time` FROM `db_announcement` WHERE `status` = 1 ORDER BY create_time DESC LIMIT 5   [ RunTime:0.0010s ]
SQL: SELECT SUM(price_sum) AS tp_sum FROM `db_order` WHERE `order_status` > 1 AND `store_id` = 2 AND `pay_time` BETWEEN 1542297600 AND 1542383999 LIMIT 1   [ RunTime:0.0010s ]
SQL: SELECT SUM(price_sum) AS tp_sum FROM `db_order` WHERE `order_status` > 1 AND `store_id` = 2 AND `pay_time` BETWEEN 1542211200 AND 1542297599 LIMIT 1   [ RunTime:0.0010s ]
SQL: SELECT SUM(price_sum) AS tp_sum FROM `db_order` WHERE `order_status` > 1 AND `store_id` = 2 AND `pay_time` BETWEEN 1542124800 AND 1542211199 LIMIT 1   [ RunTime:0.0010s ]
SQL: SELECT SUM(price_sum) AS tp_sum FROM `db_order` WHERE `order_status` > 1 AND `store_id` = 2 AND `pay_time` BETWEEN 1542038400 AND 1542124799 LIMIT 1   [ RunTime:0.0010s ]
SQL: SELECT SUM(price_sum) AS tp_sum FROM `db_order` WHERE `order_status` > 1 AND `store_id` = 2 AND `pay_time` BETWEEN 1541952000 AND 1542038399 LIMIT 1   [ RunTime:0.0010s ]
SQL: SELECT SUM(price_sum) AS tp_sum FROM `db_order` WHERE `order_status` > 1 AND `store_id` = 2 AND `pay_time` BETWEEN 1541865600 AND 1541951999 LIMIT 1   [ RunTime:0.0009s ]
SQL: SELECT SUM(price_sum) AS tp_sum FROM `db_order` WHERE `order_status` > 1 AND `store_id` = 2 AND `pay_time` BETWEEN 1541779200 AND 1541865599 LIMIT 1   [ RunTime:0.0010s ]
SQL: SELECT SUM(price_sum) AS tp_sum FROM `db_order` WHERE `order_status` > 1 AND `store_id` = 2 AND `pay_time` BETWEEN 1541692800 AND 1541779199 LIMIT 1   [ RunTime:0.0010s ]
SQL: SELECT SUM(price_sum) AS tp_sum FROM `db_order` WHERE `order_status` > 1 AND `store_id` = 2 AND `pay_time` BETWEEN 1541606400 AND 1541692799 LIMIT 1   [ RunTime:0.0010s ]
SQL: SELECT SUM(price_sum) AS tp_sum FROM `db_order` WHERE `order_status` > 1 AND `store_id` = 2 AND `pay_time` BETWEEN 1541520000 AND 1541606399 LIMIT 1   [ RunTime:0.0010s ]
SQL: SELECT SUM(price_sum) AS tp_sum FROM `db_order` WHERE `order_status` > 1 AND `store_id` = 2 AND `pay_time` BETWEEN 1541433600 AND 1541519999 LIMIT 1   [ RunTime:0.0010s ]
SQL: SHOW COLUMNS FROM `db_store_member` [ RunTime:0.0011s ]
SQL: show  FULL columns from db_store_member [ RunTime:0.0011s ]
SQL: SHOW COLUMNS FROM `db_store_member_level` [ RunTime:0.0014s ]
SQL: SELECT `id`,`level_id`,`money_big`,`money_small`,`condition_num` FROM `db_store_member_level` WHERE `store_id` = 2  [ RunTime:0.0010s ]
SQL: SHOW COLUMNS FROM `db_store_level_by_platform` [ RunTime:0.0011s ]
SQL: SELECT `level_name` FROM `db_store_level_by_platform` WHERE `id` = 1 LIMIT 1   [ RunTime:0.0009s ]
SQL: SHOW COLUMNS FROM `db_store_member` [ RunTime:0.0012s ]
SQL: SELECT COUNT(*) AS tp_count FROM `db_store_member` WHERE `store_id` = 2 AND `total_transaction` BETWEEN '0' AND '0' LIMIT 1   [ RunTime:0.0009s ]

[ 2018-11-16T20:29:55+08:00 ] 123.185.17.248 /Store/StoreInfo
INFO: [ app_init ] --START--
INFO: Run Behavior\BuildLiteBehavior [ RunTime:0.000008s ]
INFO: [ app_init ] --END-- [ RunTime:0.000250s ]
INFO: [ app_begin ] --START--
INFO: Run Behavior\ReadHtmlCacheBehavior [ RunTime:0.000416s ]
INFO: [ app_begin ] --END-- [ RunTime:0.000461s ]
SQL: SHOW COLUMNS FROM `db_store` [ RunTime:0.0014s ]
SQL: show  FULL columns from db_store [ RunTime:0.0014s ]
SQL: SELECT `id`,`shop_name`,`class_id`,`grade_id`,`store_address`,`user_id`,`store_state`,`store_sort`,`start_time`,`end_time`,`status`,`theme_id`,`store_collect`,`store_sales`,`free_price`,`decoration_switch`,`decoration_only`,`image_count`,`is_own`,`build_all`,`bar_type`,`is_distribution`,`create_time`,`update_time`,`type`,`store_logo`,`commission`,`description`,`wx_accout`,`alipay_account`,`bank_account`,`credibility`,`mobile`,`person_name` FROM `db_store` WHERE `id` = 2 LIMIT 1   [ RunTime:0.0011s ]
SQL: SHOW COLUMNS FROM `db_store_address` [ RunTime:0.0011s ]
SQL: show  FULL columns from db_store_address [ RunTime:0.0011s ]
SQL: SELECT `prov_id`,`city`,`dist`,`store_zip`,`address` FROM `db_store_address` WHERE `store_id` = 2 LIMIT 1   [ RunTime:0.0011s ]
SQL: SHOW COLUMNS FROM `db_region` [ RunTime:0.0011s ]
SQL: show  FULL columns from db_region [ RunTime:0.0011s ]
SQL: SELECT `name` FROM `db_region` WHERE `id` = 11 LIMIT 1   [ RunTime:0.0034s ]
SQL: SELECT `name` FROM `db_region` WHERE `id` = 177 LIMIT 1   [ RunTime:0.0009s ]
SQL: SELECT `name` FROM `db_region` WHERE `id` = 2164 LIMIT 1   [ RunTime:0.0009s ]

[ 2018-11-16T20:29:55+08:00 ] 123.185.17.248 /PersonalAdmission/getProv
INFO: [ app_init ] --START--
INFO: Run Behavior\BuildLiteBehavior [ RunTime:0.000008s ]
INFO: [ app_init ] --END-- [ RunTime:0.000272s ]
INFO: [ app_begin ] --START--
INFO: Run Behavior\ReadHtmlCacheBehavior [ RunTime:0.000438s ]
INFO: [ app_begin ] --END-- [ RunTime:0.000482s ]
SQL: SHOW COLUMNS FROM `db_region` [ RunTime:0.0013s ]
SQL: show  FULL columns from db_region [ RunTime:0.0010s ]
SQL: SELECT `id`,`parentid`,`name` FROM `db_region` WHERE `parentid` = 0 ORDER BY displayorder  [ RunTime:0.0013s ]

[ 2018-11-16T20:29:55+08:00 ] 123.185.17.248 /Region/lowerlevelArea
INFO: [ app_init ] --START--
INFO: Run Behavior\BuildLiteBehavior [ RunTime:0.000009s ]
INFO: [ app_init ] --END-- [ RunTime:0.000247s ]
INFO: [ app_begin ] --START--
INFO: Run Behavior\ReadHtmlCacheBehavior [ RunTime:0.000412s ]
INFO: [ app_begin ] --END-- [ RunTime:0.000450s ]
SQL: SHOW COLUMNS FROM `db_region` [ RunTime:0.0014s ]
SQL: show  FULL columns from db_region [ RunTime:0.0012s ]
SQL: SELECT `id`,`name`,`parentid` FROM `db_region` WHERE ( parentid= 11 )  [ RunTime:0.0012s ]

[ 2018-11-16T20:29:55+08:00 ] 123.185.17.248 /Region/lowerlevelArea
INFO: [ app_init ] --START--
INFO: Run Behavior\BuildLiteBehavior [ RunTime:0.000010s ]
INFO: [ app_init ] --END-- [ RunTime:0.000282s ]
INFO: [ app_begin ] --START--
INFO: Run Behavior\ReadHtmlCacheBehavior [ RunTime:0.011485s ]
INFO: [ app_begin ] --END-- [ RunTime:0.011532s ]
SQL: SHOW COLUMNS FROM `db_region` [ RunTime:0.0012s ]
SQL: show  FULL columns from db_region [ RunTime:0.0011s ]
SQL: SELECT `id`,`name`,`parentid` FROM `db_region` WHERE ( parentid= 177 )  [ RunTime:0.0011s ]

[ 2018-11-16T20:30:02+08:00 ] 123.185.17.248 /Service/typeList
INFO: [ app_init ] --START--
INFO: Run Behavior\BuildLiteBehavior [ RunTime:0.000009s ]
INFO: [ app_init ] --END-- [ RunTime:0.000266s ]
INFO: [ app_begin ] --START--
INFO: Run Behavior\ReadHtmlCacheBehavior [ RunTime:0.000358s ]
INFO: [ app_begin ] --END-- [ RunTime:0.000389s ]
SQL: SHOW COLUMNS FROM `db_service` [ RunTime:0.0013s ]
SQL: show  FULL columns from db_service [ RunTime:0.0011s ]
SQL: SHOW COLUMNS FROM `db_service_type` [ RunTime:0.0011s ]
SQL: show  FULL columns from db_service_type [ RunTime:0.0011s ]
SQL: SELECT * FROM `db_service_type` WHERE `store_id` = 2  [ RunTime:0.0011s ]

[ 2018-11-16T20:30:08+08:00 ] 123.185.17.248 /Index/index
INFO: [ app_init ] --START--
INFO: Run Behavior\BuildLiteBehavior [ RunTime:0.000008s ]
INFO: [ app_init ] --END-- [ RunTime:0.000251s ]
INFO: [ app_begin ] --START--
INFO: Run Behavior\ReadHtmlCacheBehavior [ RunTime:0.000370s ]
INFO: [ app_begin ] --END-- [ RunTime:0.000405s ]
SQL: SHOW COLUMNS FROM `db_store` [ RunTime:0.0015s ]
SQL: show  FULL columns from db_store [ RunTime:0.0015s ]
SQL: SHOW COLUMNS FROM `db_store_evaluate` [ RunTime:0.0011s ]
SQL: show  FULL columns from db_store_evaluate [ RunTime:0.0012s ]
SQL: SELECT AVG(desccredit) AS tp_avg FROM `db_store_evaluate` WHERE `store_id` = 2 LIMIT 1   [ RunTime:0.0010s ]
SQL: SELECT AVG(servicecredit) AS tp_avg FROM `db_store_evaluate` WHERE `store_id` = 2 LIMIT 1   [ RunTime:0.0009s ]
SQL: SELECT AVG(deliverycredit) AS tp_avg FROM `db_store_evaluate` WHERE `store_id` = 2 LIMIT 1   [ RunTime:0.0009s ]
SQL: SELECT `id`,`shop_name`,`store_logo`,`user_id`,`create_time` FROM `db_store` WHERE `id` = 2 LIMIT 1   [ RunTime:0.0009s ]
SQL: SHOW COLUMNS FROM `db_store_information` [ RunTime:0.0011s ]
SQL: show  FULL columns from db_store_information [ RunTime:0.0011s ]
SQL: SELECT `shop_long` FROM `db_store_information` WHERE `shop_name` = '一家店' LIMIT 1   [ RunTime:0.0009s ]
NOTIC: [2] Illegal string offset 'shop_long' /www/wwwroot/sapi.yizehuitong.com/Application/Common/Logic/StoreLogic.class.php 第 242 行.
NOTIC: [8] Uninitialized string offset: 0 /www/wwwroot/sapi.yizehuitong.com/Application/Common/Logic/StoreLogic.class.php 第 242 行.
NOTIC: [2] Illegal string offset 'shop_long' /www/wwwroot/sapi.yizehuitong.com/Application/Common/Logic/StoreLogic.class.php 第 244 行.
NOTIC: [8] Uninitialized string offset: 0 /www/wwwroot/sapi.yizehuitong.com/Application/Common/Logic/StoreLogic.class.php 第 244 行.
SQL: SHOW COLUMNS FROM `db_user` [ RunTime:0.0025s ]
SQL: SELECT `user_name` FROM `db_user` WHERE `id` = 1 LIMIT 1   [ RunTime:0.0018s ]
SQL: SHOW COLUMNS FROM `db_order` [ RunTime:0.0026s ]
SQL: show  FULL columns from db_order [ RunTime:0.0041s ]
SQL: SELECT COUNT(*) AS tp_count FROM `db_order` WHERE `store_id` = 2 AND `order_status` = 0 LIMIT 1   [ RunTime:0.0029s ]
SQL: SELECT COUNT(*) AS tp_count FROM `db_order` WHERE `store_id` = 2 AND `order_status` = 1 LIMIT 1   [ RunTime:0.0039s ]
SQL: SELECT COUNT(*) AS tp_count FROM `db_order` WHERE `store_id` = 2 AND `order_status` = 4 AND `comment_status` = 0 LIMIT 1   [ RunTime:0.0079s ]
SQL: SELECT COUNT(*) AS tp_count FROM `db_order` WHERE `store_id` = 2 AND `order_status` = 8 LIMIT 1   [ RunTime:0.0038s ]
SQL: SHOW COLUMNS FROM `db_goods` [ RunTime:0.0022s ]
SQL: show  FULL columns from db_goods [ RunTime:0.0039s ]
SQL: SELECT COUNT(*) AS tp_count FROM `db_goods` WHERE `store_id` = 2 AND `shelves` = 1 LIMIT 1   [ RunTime:0.0037s ]
SQL: SELECT COUNT(*) AS tp_count FROM `db_goods` WHERE `store_id` = 2 LIMIT 1   [ RunTime:0.0039s ]
SQL: SELECT COUNT(*) AS tp_count FROM `db_goods` WHERE `store_id` = 2 AND `approval_status` = 0 LIMIT 1   [ RunTime:0.0039s ]
SQL: SELECT COUNT(*) AS tp_count FROM `db_goods` WHERE `store_id` = 2 AND `shelves` = 0 LIMIT 1   [ RunTime:0.0014s ]
SQL: SHOW COLUMNS FROM `db_complain` [ RunTime:0.0013s ]
SQL: show  FULL columns from db_complain [ RunTime:0.0013s ]
SQL: SELECT COUNT(*) AS tp_count FROM `db_complain` WHERE `accused_id` = 2 AND `complain_state` = 0 LIMIT 1   [ RunTime:0.0009s ]
SQL: SELECT COUNT(*) AS tp_count FROM `db_order` WHERE `store_id` = 2 AND `create_time` BETWEEN 1542297600 AND 1542383999 LIMIT 1   [ RunTime:0.0032s ]
SQL: SHOW COLUMNS FROM `db_user` [ RunTime:0.0019s ]
SQL: show  FULL columns from db_user [ RunTime:0.0034s ]
SQL: SELECT COUNT(*) AS tp_count FROM `db_user` WHERE `create_time` BETWEEN 1542297600 AND 1542383999 LIMIT 1   [ RunTime:0.0011s ]
SQL: SELECT SUM(price_sum) AS tp_sum FROM `db_order` WHERE `order_status` > 1 AND `store_id` = 2 AND `pay_time` BETWEEN 1542297600 AND 1542383999 LIMIT 1   [ RunTime:0.0012s ]
SQL: SHOW COLUMNS FROM `db_system_config` [ RunTime:0.0012s ]
SQL: show  FULL columns from db_system_config [ RunTime:0.0011s ]
SQL: SELECT `id`,`key`,`config_value` FROM `db_system_config` WHERE `class_id` = 66  [ RunTime:0.0014s ]
SQL: SHOW COLUMNS FROM `db_announcement` [ RunTime:0.0015s ]
SQL: SELECT `id`,`title`,`create_time` FROM `db_announcement` WHERE `status` = 1 ORDER BY create_time DESC LIMIT 5   [ RunTime:0.0014s ]
SQL: SELECT SUM(price_sum) AS tp_sum FROM `db_order` WHERE `order_status` > 1 AND `store_id` = 2 AND `pay_time` BETWEEN 1542297600 AND 1542383999 LIMIT 1   [ RunTime:0.0021s ]
SQL: SELECT SUM(price_sum) AS tp_sum FROM `db_order` WHERE `order_status` > 1 AND `store_id` = 2 AND `pay_time` BETWEEN 1542211200 AND 1542297599 LIMIT 1   [ RunTime:0.0011s ]
SQL: SELECT SUM(price_sum) AS tp_sum FROM `db_order` WHERE `order_status` > 1 AND `store_id` = 2 AND `pay_time` BETWEEN 1542124800 AND 1542211199 LIMIT 1   [ RunTime:0.0026s ]
SQL: SELECT SUM(price_sum) AS tp_sum FROM `db_order` WHERE `order_status` > 1 AND `store_id` = 2 AND `pay_time` BETWEEN 1542038400 AND 1542124799 LIMIT 1   [ RunTime:0.0012s ]
SQL: SELECT SUM(price_sum) AS tp_sum FROM `db_order` WHERE `order_status` > 1 AND `store_id` = 2 AND `pay_time` BETWEEN 1541952000 AND 1542038399 LIMIT 1   [ RunTime:0.0011s ]
SQL: SELECT SUM(price_sum) AS tp_sum FROM `db_order` WHERE `order_status` > 1 AND `store_id` = 2 AND `pay_time` BETWEEN 1541865600 AND 1541951999 LIMIT 1   [ RunTime:0.0012s ]
SQL: SELECT SUM(price_sum) AS tp_sum FROM `db_order` WHERE `order_status` > 1 AND `store_id` = 2 AND `pay_time` BETWEEN 1541779200 AND 1541865599 LIMIT 1   [ RunTime:0.0011s ]
SQL: SELECT SUM(price_sum) AS tp_sum FROM `db_order` WHERE `order_status` > 1 AND `store_id` = 2 AND `pay_time` BETWEEN 1541692800 AND 1541779199 LIMIT 1   [ RunTime:0.0011s ]
SQL: SELECT SUM(price_sum) AS tp_sum FROM `db_order` WHERE `order_status` > 1 AND `store_id` = 2 AND `pay_time` BETWEEN 1541606400 AND 1541692799 LIMIT 1   [ RunTime:0.0011s ]
SQL: SELECT SUM(price_sum) AS tp_sum FROM `db_order` WHERE `order_status` > 1 AND `store_id` = 2 AND `pay_time` BETWEEN 1541520000 AND 1541606399 LIMIT 1   [ RunTime:0.0011s ]
SQL: SELECT SUM(price_sum) AS tp_sum FROM `db_order` WHERE `order_status` > 1 AND `store_id` = 2 AND `pay_time` BETWEEN 1541433600 AND 1541519999 LIMIT 1   [ RunTime:0.0011s ]
SQL: SHOW COLUMNS FROM `db_store_member` [ RunTime:0.0013s ]
SQL: show  FULL columns from db_store_member [ RunTime:0.0012s ]
SQL: SHOW COLUMNS FROM `db_store_member_level` [ RunTime:0.0011s ]
SQL: SELECT `id`,`level_id`,`money_big`,`money_small`,`condition_num` FROM `db_store_member_level` WHERE `store_id` = 2  [ RunTime:0.0010s ]
SQL: SHOW COLUMNS FROM `db_store_level_by_platform` [ RunTime:0.0011s ]
SQL: SELECT `level_name` FROM `db_store_level_by_platform` WHERE `id` = 1 LIMIT 1   [ RunTime:0.0009s ]
SQL: SHOW COLUMNS FROM `db_store_member` [ RunTime:0.0011s ]
SQL: SELECT COUNT(*) AS tp_count FROM `db_store_member` WHERE `store_id` = 2 AND `total_transaction` BETWEEN '0' AND '0' LIMIT 1   [ RunTime:0.0009s ]

[ 2018-11-16T20:30:14+08:00 ] 123.185.17.248 /Goods/topGoodsList/p/1
INFO: [ app_init ] --START--
INFO: Run Behavior\BuildLiteBehavior [ RunTime:0.000018s ]
INFO: [ app_init ] --END-- [ RunTime:0.000419s ]
INFO: [ app_begin ] --START--
INFO: Run Behavior\ReadHtmlCacheBehavior [ RunTime:0.000565s ]
INFO: [ app_begin ] --END-- [ RunTime:0.000604s ]
SQL: SHOW COLUMNS FROM `db_goods` [ RunTime:0.0018s ]
SQL: show  FULL columns from db_goods [ RunTime:0.0015s ]
NOTIC: [8] Undefined index: title /www/wwwroot/sapi.yizehuitong.com/Application/Common/Logic/AbstractGetDataLogic.class.php 第 173 行.
SQL: SELECT COUNT(*) AS tp_count FROM `db_goods` WHERE `store_id` = 2 AND `p_id` = 0 LIMIT 1   [ RunTime:0.0011s ]
INFO: [ Search ] --START--
INFO: Run Common\Behavior\SearParamBehavior [ RunTime:0.000468s ]
INFO: [ Search ] --END-- [ RunTime:0.000507s ]
SQL: SELECT `id`,`title`,`create_time`,`approval_status`,`price_market`,`price_member`,`shelves`,`class_id`,`description`,`brand_id`,`advance_date`,`weight`,`stock`,`class_two`,`class_three`,`express_id`,`recommend` FROM `db_goods` WHERE `store_id` = 2 AND `p_id` = 0 ORDER BY id DESC  LIMIT 0,10   [ RunTime:0.0012s ]
SQL: SHOW COLUMNS FROM `db_goods_images` [ RunTime:0.0014s ]
SQL: show  FULL columns from db_goods_images [ RunTime:0.0012s ]
SQL: SELECT `goods_id`,`pic_url` FROM `db_goods_images` WHERE ( goods_id in (115,113,106,105,103,24,8,3,1) and is_thumb = 1 )  [ RunTime:0.0011s ]

[ 2018-11-16T20:30:15+08:00 ] 123.185.17.248 /Logistics/shippingAddressList
INFO: [ app_init ] --START--
INFO: Run Behavior\BuildLiteBehavior [ RunTime:0.000009s ]
INFO: [ app_init ] --END-- [ RunTime:0.000258s ]
INFO: [ app_begin ] --START--
INFO: Run Behavior\ReadHtmlCacheBehavior [ RunTime:0.000353s ]
INFO: [ app_begin ] --END-- [ RunTime:0.000380s ]
SQL: SHOW COLUMNS FROM `db_send_address` [ RunTime:0.0013s ]
SQL: show  FULL columns from db_send_address [ RunTime:0.0011s ]
SQL: SELECT * FROM `db_send_address` WHERE `store_id` = 2  [ RunTime:0.0010s ]
SQL: SHOW COLUMNS FROM `db_region` [ RunTime:0.0010s ]
SQL: show  FULL columns from db_region [ RunTime:0.0010s ]
SQL: SELECT `name` FROM `db_region` WHERE `id` = 30 LIMIT 1   [ RunTime:0.0009s ]
SQL: SELECT `name` FROM `db_region` WHERE `id` = 470 LIMIT 1   [ RunTime:0.0010s ]
SQL: SELECT `name` FROM `db_region` WHERE `id` = 4906 LIMIT 1   [ RunTime:0.0009s ]
SQL: SELECT `name` FROM `db_region` WHERE `id` = 11 LIMIT 1   [ RunTime:0.0009s ]
SQL: SELECT `name` FROM `db_region` WHERE `id` = 175 LIMIT 1   [ RunTime:0.0009s ]
SQL: SELECT `name` FROM `db_region` WHERE `id` = 2134 LIMIT 1   [ RunTime:0.0009s ]
SQL: SELECT `name` FROM `db_region` WHERE `id` = 13 LIMIT 1   [ RunTime:0.0009s ]
SQL: SELECT `name` FROM `db_region` WHERE `id` = 204 LIMIT 1   [ RunTime:0.0009s ]
SQL: SELECT `name` FROM `db_region` WHERE `id` = 2342 LIMIT 1   [ RunTime:0.0009s ]
SQL: SELECT `name` FROM `db_region` WHERE `id` = 11 LIMIT 1   [ RunTime:0.0009s ]
SQL: SELECT `name` FROM `db_region` WHERE `id` = 176 LIMIT 1   [ RunTime:0.0009s ]
SQL: SELECT `name` FROM `db_region` WHERE `id` = 2148 LIMIT 1   [ RunTime:0.0009s ]
SQL: SELECT `name` FROM `db_region` WHERE `id` = 11 LIMIT 1   [ RunTime:0.0009s ]
SQL: SELECT `name` FROM `db_region` WHERE `id` = 175 LIMIT 1   [ RunTime:0.0009s ]
SQL: SELECT `name` FROM `db_region` WHERE `id` = 2136 LIMIT 1   [ RunTime:0.0009s ]
SQL: SELECT `name` FROM `db_region` WHERE `id` = 11 LIMIT 1   [ RunTime:0.0009s ]
SQL: SELECT `name` FROM `db_region` WHERE `id` = 176 LIMIT 1   [ RunTime:0.0009s ]
SQL: SELECT `name` FROM `db_region` WHERE `id` = 2147 LIMIT 1   [ RunTime:0.0009s ]
SQL: SELECT `name` FROM `db_region` WHERE `id` = 11 LIMIT 1   [ RunTime:0.0009s ]
SQL: SELECT `name` FROM `db_region` WHERE `id` = 175 LIMIT 1   [ RunTime:0.0009s ]
SQL: SELECT `name` FROM `db_region` WHERE `id` = 2134 LIMIT 1   [ RunTime:0.0009s ]

[ 2018-11-16T20:30:17+08:00 ] 123.185.17.248 /Promotion/FullGift
INFO: [ app_init ] --START--
INFO: Run Behavior\BuildLiteBehavior [ RunTime:0.000011s ]
INFO: [ app_init ] --END-- [ RunTime:0.000354s ]
INFO: [ app_begin ] --START--
INFO: Run Behavior\ReadHtmlCacheBehavior [ RunTime:0.000495s ]
INFO: [ app_begin ] --END-- [ RunTime:0.000529s ]
SQL: SHOW COLUMNS FROM `db_prom_goods` [ RunTime:0.0015s ]
SQL: show  FULL columns from db_prom_goods [ RunTime:0.0014s ]
SQL: SHOW COLUMNS FROM `db_promotion_type` [ RunTime:0.0012s ]
SQL: SELECT `id` FROM `db_promotion_type` WHERE `promation_name` = '满赠' LIMIT 1   [ RunTime:0.0010s ]
SQL: SELECT `id`,`name`,`type`,`group`,`start_time`,`end_time` FROM `db_prom_goods` WHERE `store_id` = 2 AND `type` = 5 LIMIT 0,10   [ RunTime:0.0010s ]
SQL: SELECT COUNT(*) AS tp_count FROM `db_prom_goods` WHERE `store_id` = 2 AND `type` = 5 LIMIT 1   [ RunTime:0.0010s ]
SQL: SHOW COLUMNS FROM `db_store_level_by_platform` [ RunTime:0.0011s ]
SQL: SELECT `level_name` FROM `db_store_level_by_platform` WHERE `id` = 1 LIMIT 1   [ RunTime:0.0009s ]
SQL: SHOW COLUMNS FROM `db_promotion_goods` [ RunTime:0.0011s ]
SQL: SELECT b.id,`title`,`price_market`,`stock` FROM db_promotion_goods as a INNER JOIN db_goods as b on b.id=a.goods_id  WHERE `prom_id` = '3' LIMIT 1   [ RunTime:0.0011s ]
SQL: SELECT `level_name` FROM `db_store_level_by_platform` WHERE `id` = 1 LIMIT 1   [ RunTime:0.0009s ]
SQL: SELECT b.id,`title`,`price_market`,`stock` FROM db_promotion_goods as a INNER JOIN db_goods as b on b.id=a.goods_id  WHERE `prom_id` = '4' LIMIT 1   [ RunTime:0.0011s ]
SQL: SELECT `level_name` FROM `db_store_level_by_platform` WHERE `id` = 2 LIMIT 1   [ RunTime:0.0009s ]
SQL: SELECT b.id,`title`,`price_market`,`stock` FROM db_promotion_goods as a INNER JOIN db_goods as b on b.id=a.goods_id  WHERE `prom_id` = '5' LIMIT 1   [ RunTime:0.0010s ]

[ 2018-11-16T20:30:18+08:00 ] 123.185.17.248 /StoreMemberLevel/levelList
INFO: [ app_init ] --START--
INFO: Run Behavior\BuildLiteBehavior [ RunTime:0.000007s ]
INFO: [ app_init ] --END-- [ RunTime:0.000257s ]
INFO: [ app_begin ] --START--
INFO: Run Behavior\ReadHtmlCacheBehavior [ RunTime:0.000358s ]
INFO: [ app_begin ] --END-- [ RunTime:0.000386s ]
SQL: SHOW COLUMNS FROM `db_store_member_level` [ RunTime:0.0014s ]
SQL: show  FULL columns from db_store_member_level [ RunTime:0.0012s ]
SQL: SHOW COLUMNS FROM `db_store_level_by_platform` [ RunTime:0.0011s ]
SQL: show  FULL columns from db_store_level_by_platform [ RunTime:0.0011s ]
NOTIC: [8] Undefined index:  /www/wwwroot/sapi.yizehuitong.com/Application/Common/Logic/AbstractGetDataLogic.class.php 第 173 行.
NOTIC: [8] Undefined index: level_id /www/wwwroot/sapi.yizehuitong.com/Application/Common/Logic/AbstractGetDataLogic.class.php 第 173 行.
SQL: SELECT COUNT(*) AS tp_count FROM `db_store_member_level` WHERE `store_id` = 2 LIMIT 1   [ RunTime:0.0011s ]
INFO: [ Search ] --START--
INFO: Run Common\Behavior\SearParamBehavior [ RunTime:0.000345s ]
INFO: [ Search ] --END-- [ RunTime:0.000372s ]
SQL: SELECT `id`,`level_id`,`discount`,`condition_money`,`condition_num` FROM `db_store_member_level` WHERE `store_id` = 2 ORDER BY id DESC  LIMIT 0,10   [ RunTime:0.0011s ]
SQL: SELECT `id`,`level_name` FROM `db_store_level_by_platform` WHERE ( id in (1) ) ORDER BY SUBSTRING_INDEX("1",id, 1)  [ RunTime:0.0009s ]

[ 2018-11-16T20:30:19+08:00 ] 123.185.17.248 /Store/StoreInfo
INFO: [ app_init ] --START--
INFO: Run Behavior\BuildLiteBehavior [ RunTime:0.000007s ]
INFO: [ app_init ] --END-- [ RunTime:0.000251s ]
INFO: [ app_begin ] --START--
INFO: Run Behavior\ReadHtmlCacheBehavior [ RunTime:0.000394s ]
INFO: [ app_begin ] --END-- [ RunTime:0.000422s ]
SQL: SHOW COLUMNS FROM `db_store` [ RunTime:0.0029s ]
SQL: show  FULL columns from db_store [ RunTime:0.0015s ]
SQL: SELECT `id`,`shop_name`,`class_id`,`grade_id`,`store_address`,`user_id`,`store_state`,`store_sort`,`start_time`,`end_time`,`status`,`theme_id`,`store_collect`,`store_sales`,`free_price`,`decoration_switch`,`decoration_only`,`image_count`,`is_own`,`build_all`,`bar_type`,`is_distribution`,`create_time`,`update_time`,`type`,`store_logo`,`commission`,`description`,`wx_accout`,`alipay_account`,`bank_account`,`credibility`,`mobile`,`person_name` FROM `db_store` WHERE `id` = 2 LIMIT 1   [ RunTime:0.0012s ]
SQL: SHOW COLUMNS FROM `db_store_address` [ RunTime:0.0011s ]
SQL: show  FULL columns from db_store_address [ RunTime:0.0011s ]
SQL: SELECT `prov_id`,`city`,`dist`,`store_zip`,`address` FROM `db_store_address` WHERE `store_id` = 2 LIMIT 1   [ RunTime:0.0010s ]
SQL: SHOW COLUMNS FROM `db_region` [ RunTime:0.0011s ]
SQL: show  FULL columns from db_region [ RunTime:0.0012s ]
SQL: SELECT `name` FROM `db_region` WHERE `id` = 11 LIMIT 1   [ RunTime:0.0009s ]
SQL: SELECT `name` FROM `db_region` WHERE `id` = 177 LIMIT 1   [ RunTime:0.0009s ]
SQL: SELECT `name` FROM `db_region` WHERE `id` = 2164 LIMIT 1   [ RunTime:0.0009s ]

[ 2018-11-16T20:30:19+08:00 ] 123.185.17.248 /PersonalAdmission/getProv
INFO: [ app_init ] --START--
INFO: Run Behavior\BuildLiteBehavior [ RunTime:0.000008s ]
INFO: [ app_init ] --END-- [ RunTime:0.000293s ]
INFO: [ app_begin ] --START--
INFO: Run Behavior\ReadHtmlCacheBehavior [ RunTime:0.000376s ]
INFO: [ app_begin ] --END-- [ RunTime:0.000412s ]
SQL: SHOW COLUMNS FROM `db_region` [ RunTime:0.0012s ]
SQL: show  FULL columns from db_region [ RunTime:0.0011s ]
SQL: SELECT `id`,`parentid`,`name` FROM `db_region` WHERE `parentid` = 0 ORDER BY displayorder  [ RunTime:0.0011s ]

[ 2018-11-16T20:30:19+08:00 ] 123.185.17.248 /Region/lowerlevelArea
INFO: [ app_init ] --START--
INFO: Run Behavior\BuildLiteBehavior [ RunTime:0.000007s ]
INFO: [ app_init ] --END-- [ RunTime:0.000242s ]
INFO: [ app_begin ] --START--
INFO: Run Behavior\ReadHtmlCacheBehavior [ RunTime:0.000348s ]
INFO: [ app_begin ] --END-- [ RunTime:0.000376s ]
SQL: SHOW COLUMNS FROM `db_region` [ RunTime:0.0014s ]
SQL: show  FULL columns from db_region [ RunTime:0.0012s ]
SQL: SELECT `id`,`name`,`parentid` FROM `db_region` WHERE ( parentid= 11 )  [ RunTime:0.0011s ]

[ 2018-11-16T20:30:19+08:00 ] 123.185.17.248 /Region/lowerlevelArea
INFO: [ app_init ] --START--
INFO: Run Behavior\BuildLiteBehavior [ RunTime:0.000006s ]
INFO: [ app_init ] --END-- [ RunTime:0.000245s ]
INFO: [ app_begin ] --START--
INFO: Run Behavior\ReadHtmlCacheBehavior [ RunTime:0.000353s ]
INFO: [ app_begin ] --END-- [ RunTime:0.000380s ]
SQL: SHOW COLUMNS FROM `db_region` [ RunTime:0.0015s ]
SQL: show  FULL columns from db_region [ RunTime:0.0011s ]
SQL: SELECT `id`,`name`,`parentid` FROM `db_region` WHERE ( parentid= 177 )  [ RunTime:0.0011s ]

[ 2018-11-16T20:30:21+08:00 ] 123.185.17.248 /Service/typeList
INFO: [ app_init ] --START--
INFO: Run Behavior\BuildLiteBehavior [ RunTime:0.000008s ]
INFO: [ app_init ] --END-- [ RunTime:0.000244s ]
INFO: [ app_begin ] --START--
INFO: Run Behavior\ReadHtmlCacheBehavior [ RunTime:0.000439s ]
INFO: [ app_begin ] --END-- [ RunTime:0.000467s ]
SQL: SHOW COLUMNS FROM `db_service` [ RunTime:0.0013s ]
SQL: show  FULL columns from db_service [ RunTime:0.0011s ]
SQL: SHOW COLUMNS FROM `db_service_type` [ RunTime:0.0010s ]
SQL: show  FULL columns from db_service_type [ RunTime:0.0011s ]
SQL: SELECT * FROM `db_service_type` WHERE `store_id` = 2  [ RunTime:0.0010s ]

[ 2018-11-16T20:30:22+08:00 ] 123.185.17.248 /Account/accountList
INFO: [ app_init ] --START--
INFO: Run Behavior\BuildLiteBehavior [ RunTime:0.000008s ]
INFO: [ app_init ] --END-- [ RunTime:0.000250s ]
INFO: [ app_begin ] --START--
INFO: Run Behavior\ReadHtmlCacheBehavior [ RunTime:0.000373s ]
INFO: [ app_begin ] --END-- [ RunTime:0.000402s ]
SQL: SHOW COLUMNS FROM `db_store_seller` [ RunTime:0.0014s ]
SQL: show  FULL columns from db_store_seller [ RunTime:0.0012s ]
SQL: SELECT `id`,`user_id`,`seller_name`,`group_id`,`last_login_time`,`last_login_ip`,`login_num`,`create_time`,`status` FROM `db_store_seller` WHERE `store_id` = 2 ORDER BY create_time DESC LIMIT 0,10   [ RunTime:0.0011s ]
SQL: SHOW COLUMNS FROM `db_store_auth_group` [ RunTime:0.0011s ]
SQL: SELECT `title` FROM `db_store_auth_group` WHERE `id` = 73 LIMIT 1   [ RunTime:0.0009s ]
SQL: SELECT `title` FROM `db_store_auth_group` WHERE `id` = 73 LIMIT 1   [ RunTime:0.0009s ]
SQL: SELECT `title` FROM `db_store_auth_group` WHERE `id` = 71 LIMIT 1   [ RunTime:0.0009s ]
SQL: SELECT `title` FROM `db_store_auth_group` WHERE `id` = 71 LIMIT 1   [ RunTime:0.0009s ]
SQL: SELECT `title` FROM `db_store_auth_group` WHERE `id` = null LIMIT 1   [ RunTime:0.0009s ]
SQL: SELECT COUNT(*) AS tp_count FROM `db_store_seller` WHERE `store_id` = 2 LIMIT 1   [ RunTime:0.0009s ]
NOTIC: [8] Undefined index: header /www/wwwroot/sapi.yizehuitong.com/Core/Library/Think/Page.class.php 第 141 行.

[ 2018-11-16T20:30:23+08:00 ] 123.185.17.248 /Settlement/listBySettlement
INFO: [ app_init ] --START--
INFO: Run Behavior\BuildLiteBehavior [ RunTime:0.000007s ]
INFO: [ app_init ] --END-- [ RunTime:0.000257s ]
INFO: [ app_begin ] --START--
INFO: Run Behavior\ReadHtmlCacheBehavior [ RunTime:0.000357s ]
INFO: [ app_begin ] --END-- [ RunTime:0.000384s ]
SQL: SHOW COLUMNS FROM `db_store_bill` [ RunTime:0.0013s ]
SQL: show  FULL columns from db_store_bill [ RunTime:0.0012s ]
NOTIC: [8] Undefined index:  /www/wwwroot/sapi.yizehuitong.com/Application/Common/Logic/AbstractGetDataLogic.class.php 第 173 行.
SQL: SELECT COUNT(*) AS tp_count FROM `db_store_bill` WHERE `store_id` = 2 LIMIT 1   [ RunTime:0.0011s ]
INFO: [ Search ] --START--
INFO: Run Common\Behavior\SearParamBehavior [ RunTime:0.000350s ]
INFO: [ Search ] --END-- [ RunTime:0.000378s ]
SQL: SELECT `id`,`stment_sn`,`start_time`,`end_time`,`status`,`order_price`,`pay_remarks`,`platform_percentage`,`total_shipping`,`pay_time` FROM `db_store_bill` WHERE `store_id` = 2 ORDER BY id DESC  LIMIT 0,10   [ RunTime:0.0010s ]

[ 2018-11-16T20:30:24+08:00 ] 123.185.17.248 /StoreAdvPostion/adPostion
INFO: [ app_init ] --START--
INFO: Run Behavior\BuildLiteBehavior [ RunTime:0.000007s ]
INFO: [ app_init ] --END-- [ RunTime:0.000272s ]
INFO: [ app_begin ] --START--
INFO: Run Behavior\ReadHtmlCacheBehavior [ RunTime:0.000371s ]
INFO: [ app_begin ] --END-- [ RunTime:0.000401s ]
SQL: SHOW COLUMNS FROM `db_store_adv_postion` [ RunTime:0.0014s ]
SQL: show  FULL columns from db_store_adv_postion [ RunTime:0.0012s ]
SQL: SELECT `id`,`ap_name`,`is_use`,`ap_width`,`ap_height`,`max_height`,`max_width` FROM `db_store_adv_postion` WHERE `is_use` = 1 ORDER BY create_time DESC  [ RunTime:0.0012s ]

[ 2018-11-16T20:30:24+08:00 ] 123.185.17.248 /StoreAdv/adSearch
INFO: [ app_init ] --START--
INFO: Run Behavior\BuildLiteBehavior [ RunTime:0.000007s ]
INFO: [ app_init ] --END-- [ RunTime:0.000295s ]
INFO: [ app_begin ] --START--
INFO: Run Behavior\ReadHtmlCacheBehavior [ RunTime:0.000354s ]
INFO: [ app_begin ] --END-- [ RunTime:0.000382s ]
SQL: SHOW COLUMNS FROM `db_store_adv` [ RunTime:0.0013s ]
SQL: show  FULL columns from db_store_adv [ RunTime:0.0012s ]
SQL: SHOW COLUMNS FROM `db_store_adv_postion` [ RunTime:0.0012s ]
SQL: show  FULL columns from db_store_adv_postion [ RunTime:0.0012s ]
SQL: SELECT `id`,`ap_id`,`adv_title`,`adv_content`,`ad_url`,`slide_sort`,`status` FROM `db_store_adv` WHERE `store_id` = 2 ORDER BY slide_sort LIMIT 0,10   [ RunTime:0.0010s ]
SQL: SELECT COUNT(*) AS tp_count FROM `db_store_adv` WHERE `store_id` = 2 LIMIT 1   [ RunTime:0.0009s ]
NOTIC: [8] Undefined index: header /www/wwwroot/sapi.yizehuitong.com/Core/Library/Think/Page.class.php 第 141 行.
SQL: SELECT `ap_name`,`ap_class` FROM `db_store_adv_postion` WHERE `id` = 9 LIMIT 1   [ RunTime:0.0009s ]

