[ 2018-11-14T13:54:52+08:00 ] 222.209.9.167 /Public/login
INFO: [ app_init ] --START--
INFO: Run Behavior\BuildLiteBehavior [ RunTime:0.000018s ]
INFO: [ app_init ] --END-- [ RunTime:0.001019s ]
INFO: [ app_begin ] --START--
INFO: Run Behavior\ReadHtmlCacheBehavior [ RunTime:0.001133s ]
INFO: [ app_begin ] --END-- [ RunTime:0.001171s ]
SQL: SHOW COLUMNS FROM `db_store_seller` [ RunTime:0.0015s ]
SQL: show  FULL columns from db_store_seller [ RunTime:0.0012s ]
SQL: SELECT `id`,`user_id`,`store_id`,`login_num`,`password`,`last_login_time`,`last_login_ip`,`group_id` FROM `db_store_seller` WHERE `seller_name` = 'firefly' LIMIT 1   [ RunTime:0.0011s ]
NOTIC: [8] Undefined index: HTTP_VIA /www/wwwroot/sapi.yizehuitong.com/Application/Common/Logic/StoreSellerLogic.class.php 第 174 行.
SQL: UPDATE `db_store_seller` SET `last_login_time`='1542174892',`login_num`='482',`last_login_ip`='222.209.9.167' WHERE `id` = 2 [ RunTime:0.0021s ]

[ 2018-11-14T13:54:52+08:00 ] 222.209.9.167 /Approval/getApproval
INFO: [ app_init ] --START--
INFO: Run Behavior\BuildLiteBehavior [ RunTime:0.000011s ]
INFO: [ app_init ] --END-- [ RunTime:0.000344s ]
INFO: [ app_begin ] --START--
INFO: Run Behavior\ReadHtmlCacheBehavior [ RunTime:0.000370s ]
INFO: [ app_begin ] --END-- [ RunTime:0.000400s ]
SQL: SHOW COLUMNS FROM `db_store_auth_group_access` [ RunTime:0.0013s ]
SQL: show  FULL columns from db_store_auth_group_access [ RunTime:0.0011s ]
SQL: SELECT `uid`,`group_id` FROM `db_store_auth_group_access` WHERE ( uid = '2' )  [ RunTime:0.0011s ]
SQL: SHOW COLUMNS FROM `db_store_auth_group` [ RunTime:0.0012s ]
SQL: show  FULL columns from db_store_auth_group [ RunTime:0.0011s ]
SQL: SELECT `id`,`rules` FROM `db_store_auth_group` WHERE ( id in(30) and status = 1 )  [ RunTime:0.0009s ]
SQL: SHOW COLUMNS FROM `db_store_auth_menu` [ RunTime:0.0012s ]
SQL: show  FULL columns from db_store_auth_menu [ RunTime:0.0011s ]
SQL: SELECT `id`,`redirect`,`remark`,`name`,`path`,`condition`,`component`,`fid` FROM `db_store_auth_menu` WHERE ( id in(1,3,4,18,27,32,46,51,62,68,71,91,5,6,7,8,9,10,12,13,14,15,16,17,19,20,21,22,23,24,25,26,28,29,30,31,33,34,35,36,37,38,39,47,48,49,50,52,53,59,60,61,63,64,65,66,67,69,70,72,73,74,75,76,77,78,79,81,82,83,84,85,86,87,88,89,90,91,92,93,94,95,96,97,98,99,100) and status = 1 )  [ RunTime:0.0013s ]

[ 2018-11-14T13:54:55+08:00 ] 222.209.9.167 /Index/index
INFO: [ app_init ] --START--
INFO: Run Behavior\BuildLiteBehavior [ RunTime:0.000010s ]
INFO: [ app_init ] --END-- [ RunTime:0.000304s ]
INFO: [ app_begin ] --START--
INFO: Run Behavior\ReadHtmlCacheBehavior [ RunTime:0.000400s ]
INFO: [ app_begin ] --END-- [ RunTime:0.000428s ]
SQL: SHOW COLUMNS FROM `db_store` [ RunTime:0.0017s ]
SQL: show  FULL columns from db_store [ RunTime:0.0014s ]
SQL: SHOW COLUMNS FROM `db_store_evaluate` [ RunTime:0.0012s ]
SQL: show  FULL columns from db_store_evaluate [ RunTime:0.0011s ]
SQL: SELECT AVG(desccredit) AS tp_avg FROM `db_store_evaluate` WHERE `store_id` = 2 LIMIT 1   [ RunTime:0.0010s ]
SQL: SELECT AVG(servicecredit) AS tp_avg FROM `db_store_evaluate` WHERE `store_id` = 2 LIMIT 1   [ RunTime:0.0011s ]
SQL: SELECT AVG(deliverycredit) AS tp_avg FROM `db_store_evaluate` WHERE `store_id` = 2 LIMIT 1   [ RunTime:0.0036s ]
SQL: SELECT `id`,`shop_name`,`store_logo`,`user_id`,`create_time` FROM `db_store` WHERE `id` = 2 LIMIT 1   [ RunTime:0.0010s ]
SQL: SHOW COLUMNS FROM `db_store_information` [ RunTime:0.0013s ]
SQL: show  FULL columns from db_store_information [ RunTime:0.0045s ]
SQL: SELECT `shop_long` FROM `db_store_information` WHERE `shop_name` = '一家店' LIMIT 1   [ RunTime:0.0009s ]
NOTIC: [2] Illegal string offset 'shop_long' /www/wwwroot/sapi.yizehuitong.com/Application/Common/Logic/StoreLogic.class.php 第 242 行.
NOTIC: [8] Uninitialized string offset: 0 /www/wwwroot/sapi.yizehuitong.com/Application/Common/Logic/StoreLogic.class.php 第 242 行.
NOTIC: [2] Illegal string offset 'shop_long' /www/wwwroot/sapi.yizehuitong.com/Application/Common/Logic/StoreLogic.class.php 第 244 行.
NOTIC: [8] Uninitialized string offset: 0 /www/wwwroot/sapi.yizehuitong.com/Application/Common/Logic/StoreLogic.class.php 第 244 行.
SQL: SHOW COLUMNS FROM `db_user` [ RunTime:0.0011s ]
SQL: SELECT `user_name` FROM `db_user` WHERE `id` = 1 LIMIT 1   [ RunTime:0.0009s ]
SQL: SHOW COLUMNS FROM `db_order` [ RunTime:0.0012s ]
SQL: show  FULL columns from db_order [ RunTime:0.0012s ]
SQL: SELECT COUNT(*) AS tp_count FROM `db_order` WHERE `store_id` = 2 AND `order_status` = 0 LIMIT 1   [ RunTime:0.0011s ]
SQL: SELECT COUNT(*) AS tp_count FROM `db_order` WHERE `store_id` = 2 AND `order_status` = 1 LIMIT 1   [ RunTime:0.0010s ]
SQL: SELECT COUNT(*) AS tp_count FROM `db_order` WHERE `store_id` = 2 AND `order_status` = 4 AND `comment_status` = 0 LIMIT 1   [ RunTime:0.0010s ]
SQL: SELECT COUNT(*) AS tp_count FROM `db_order` WHERE `store_id` = 2 AND `order_status` = 8 LIMIT 1   [ RunTime:0.0010s ]
SQL: SHOW COLUMNS FROM `db_goods` [ RunTime:0.0014s ]
SQL: show  FULL columns from db_goods [ RunTime:0.0014s ]
SQL: SELECT COUNT(*) AS tp_count FROM `db_goods` WHERE `store_id` = 2 AND `shelves` = 1 LIMIT 1   [ RunTime:0.0010s ]
SQL: SELECT COUNT(*) AS tp_count FROM `db_goods` WHERE `store_id` = 2 LIMIT 1   [ RunTime:0.0009s ]
SQL: SELECT COUNT(*) AS tp_count FROM `db_goods` WHERE `store_id` = 2 AND `approval_status` = 0 LIMIT 1   [ RunTime:0.0009s ]
SQL: SELECT COUNT(*) AS tp_count FROM `db_goods` WHERE `store_id` = 2 AND `shelves` = 0 LIMIT 1   [ RunTime:0.0009s ]
SQL: SHOW COLUMNS FROM `db_complain` [ RunTime:0.0013s ]
SQL: show  FULL columns from db_complain [ RunTime:0.0053s ]
SQL: SELECT COUNT(*) AS tp_count FROM `db_complain` WHERE `accused_id` = 2 AND `complain_state` = 0 LIMIT 1   [ RunTime:0.0051s ]
SQL: SELECT COUNT(*) AS tp_count FROM `db_order` WHERE `store_id` = 2 AND `create_time` BETWEEN 1542124800 AND 1542211199 LIMIT 1   [ RunTime:0.0011s ]
SQL: SHOW COLUMNS FROM `db_user` [ RunTime:0.0014s ]
SQL: show  FULL columns from db_user [ RunTime:0.0013s ]
SQL: SELECT COUNT(*) AS tp_count FROM `db_user` WHERE `create_time` BETWEEN 1542124800 AND 1542211199 LIMIT 1   [ RunTime:0.0010s ]
SQL: SELECT SUM(price_sum) AS tp_sum FROM `db_order` WHERE `order_status` > 1 AND `store_id` = 2 AND `pay_time` BETWEEN 1542124800 AND 1542211199 LIMIT 1   [ RunTime:0.0011s ]
SQL: SHOW COLUMNS FROM `db_system_config` [ RunTime:0.0011s ]
SQL: show  FULL columns from db_system_config [ RunTime:0.0011s ]
SQL: SELECT `id`,`key`,`config_value` FROM `db_system_config` WHERE `class_id` = 66  [ RunTime:0.0010s ]
SQL: SHOW COLUMNS FROM `db_announcement` [ RunTime:0.0011s ]
SQL: SELECT `id`,`title`,`create_time` FROM `db_announcement` WHERE `status` = 1 ORDER BY create_time DESC LIMIT 5   [ RunTime:0.0009s ]
SQL: SELECT SUM(price_sum) AS tp_sum FROM `db_order` WHERE `order_status` > 1 AND `store_id` = 2 AND `pay_time` BETWEEN 1542124800 AND 1542211199 LIMIT 1   [ RunTime:0.0010s ]
SQL: SELECT SUM(price_sum) AS tp_sum FROM `db_order` WHERE `order_status` > 1 AND `store_id` = 2 AND `pay_time` BETWEEN 1542038400 AND 1542124799 LIMIT 1   [ RunTime:0.0010s ]
SQL: SELECT SUM(price_sum) AS tp_sum FROM `db_order` WHERE `order_status` > 1 AND `store_id` = 2 AND `pay_time` BETWEEN 1541952000 AND 1542038399 LIMIT 1   [ RunTime:0.0013s ]
SQL: SELECT SUM(price_sum) AS tp_sum FROM `db_order` WHERE `order_status` > 1 AND `store_id` = 2 AND `pay_time` BETWEEN 1541865600 AND 1541951999 LIMIT 1   [ RunTime:0.0010s ]
SQL: SELECT SUM(price_sum) AS tp_sum FROM `db_order` WHERE `order_status` > 1 AND `store_id` = 2 AND `pay_time` BETWEEN 1541779200 AND 1541865599 LIMIT 1   [ RunTime:0.0012s ]
SQL: SELECT SUM(price_sum) AS tp_sum FROM `db_order` WHERE `order_status` > 1 AND `store_id` = 2 AND `pay_time` BETWEEN 1541692800 AND 1541779199 LIMIT 1   [ RunTime:0.0011s ]
SQL: SELECT SUM(price_sum) AS tp_sum FROM `db_order` WHERE `order_status` > 1 AND `store_id` = 2 AND `pay_time` BETWEEN 1541606400 AND 1541692799 LIMIT 1   [ RunTime:0.0009s ]
SQL: SELECT SUM(price_sum) AS tp_sum FROM `db_order` WHERE `order_status` > 1 AND `store_id` = 2 AND `pay_time` BETWEEN 1541520000 AND 1541606399 LIMIT 1   [ RunTime:0.0010s ]
SQL: SELECT SUM(price_sum) AS tp_sum FROM `db_order` WHERE `order_status` > 1 AND `store_id` = 2 AND `pay_time` BETWEEN 1541433600 AND 1541519999 LIMIT 1   [ RunTime:0.0010s ]
SQL: SELECT SUM(price_sum) AS tp_sum FROM `db_order` WHERE `order_status` > 1 AND `store_id` = 2 AND `pay_time` BETWEEN 1541347200 AND 1541433599 LIMIT 1   [ RunTime:0.0009s ]
SQL: SELECT SUM(price_sum) AS tp_sum FROM `db_order` WHERE `order_status` > 1 AND `store_id` = 2 AND `pay_time` BETWEEN 1541260800 AND 1541347199 LIMIT 1   [ RunTime:0.0009s ]
SQL: SHOW COLUMNS FROM `db_store_member` [ RunTime:0.0016s ]
SQL: show  FULL columns from db_store_member [ RunTime:0.0012s ]
SQL: SHOW COLUMNS FROM `db_store_member_level` [ RunTime:0.0011s ]
SQL: SELECT `id`,`level_id`,`money_big`,`money_small`,`condition_num` FROM `db_store_member_level` WHERE `store_id` = 2  [ RunTime:0.0010s ]
SQL: SHOW COLUMNS FROM `db_store_level_by_platform` [ RunTime:0.0011s ]
SQL: SELECT `level_name` FROM `db_store_level_by_platform` WHERE `id` = 1 LIMIT 1   [ RunTime:0.0009s ]
SQL: SHOW COLUMNS FROM `db_store_member` [ RunTime:0.0011s ]
SQL: SELECT COUNT(*) AS tp_count FROM `db_store_member` WHERE `store_id` = 2 AND `total_transaction` BETWEEN '0' AND '0' LIMIT 1   [ RunTime:0.0010s ]

[ 2018-11-14T13:55:11+08:00 ] 222.209.9.167 /Logistics/shippingAddressList
INFO: [ app_init ] --START--
INFO: Run Behavior\BuildLiteBehavior [ RunTime:0.000011s ]
INFO: [ app_init ] --END-- [ RunTime:0.000278s ]
INFO: [ app_begin ] --START--
INFO: Run Behavior\ReadHtmlCacheBehavior [ RunTime:0.000364s ]
INFO: [ app_begin ] --END-- [ RunTime:0.000391s ]
SQL: SHOW COLUMNS FROM `db_send_address` [ RunTime:0.0091s ]
SQL: show  FULL columns from db_send_address [ RunTime:0.0016s ]
SQL: SELECT * FROM `db_send_address` WHERE `store_id` = 2  [ RunTime:0.0011s ]
SQL: SHOW COLUMNS FROM `db_region` [ RunTime:0.0012s ]
SQL: show  FULL columns from db_region [ RunTime:0.0011s ]
SQL: SELECT `name` FROM `db_region` WHERE `id` = 30 LIMIT 1   [ RunTime:0.0009s ]
SQL: SELECT `name` FROM `db_region` WHERE `id` = 470 LIMIT 1   [ RunTime:0.0009s ]
SQL: SELECT `name` FROM `db_region` WHERE `id` = 4906 LIMIT 1   [ RunTime:0.0009s ]
SQL: SELECT `name` FROM `db_region` WHERE `id` = 11 LIMIT 1   [ RunTime:0.0009s ]
SQL: SELECT `name` FROM `db_region` WHERE `id` = 175 LIMIT 1   [ RunTime:0.0009s ]
SQL: SELECT `name` FROM `db_region` WHERE `id` = 2134 LIMIT 1   [ RunTime:0.0009s ]
SQL: SELECT `name` FROM `db_region` WHERE `id` = 13 LIMIT 1   [ RunTime:0.0009s ]
SQL: SELECT `name` FROM `db_region` WHERE `id` = 204 LIMIT 1   [ RunTime:0.0009s ]
SQL: SELECT `name` FROM `db_region` WHERE `id` = 2342 LIMIT 1   [ RunTime:0.0009s ]
SQL: SELECT `name` FROM `db_region` WHERE `id` = 11 LIMIT 1   [ RunTime:0.0009s ]
SQL: SELECT `name` FROM `db_region` WHERE `id` = 176 LIMIT 1   [ RunTime:0.0009s ]
SQL: SELECT `name` FROM `db_region` WHERE `id` = 2148 LIMIT 1   [ RunTime:0.0009s ]
SQL: SELECT `name` FROM `db_region` WHERE `id` = 11 LIMIT 1   [ RunTime:0.0009s ]
SQL: SELECT `name` FROM `db_region` WHERE `id` = 175 LIMIT 1   [ RunTime:0.0009s ]
SQL: SELECT `name` FROM `db_region` WHERE `id` = 2136 LIMIT 1   [ RunTime:0.0009s ]
SQL: SELECT `name` FROM `db_region` WHERE `id` = 11 LIMIT 1   [ RunTime:0.0009s ]
SQL: SELECT `name` FROM `db_region` WHERE `id` = 176 LIMIT 1   [ RunTime:0.0009s ]
SQL: SELECT `name` FROM `db_region` WHERE `id` = 2147 LIMIT 1   [ RunTime:0.0009s ]
SQL: SELECT `name` FROM `db_region` WHERE `id` = 11 LIMIT 1   [ RunTime:0.0009s ]
SQL: SELECT `name` FROM `db_region` WHERE `id` = 175 LIMIT 1   [ RunTime:0.0010s ]
SQL: SELECT `name` FROM `db_region` WHERE `id` = 2134 LIMIT 1   [ RunTime:0.0009s ]

[ 2018-11-14T13:55:16+08:00 ] 222.209.9.167 /OrderStatus/getOrderAllStatus
INFO: [ app_init ] --START--
INFO: Run Behavior\BuildLiteBehavior [ RunTime:0.000016s ]
INFO: [ app_init ] --END-- [ RunTime:0.000353s ]
INFO: [ app_begin ] --START--
INFO: Run Behavior\ReadHtmlCacheBehavior [ RunTime:0.000388s ]
INFO: [ app_begin ] --END-- [ RunTime:0.000418s ]

[ 2018-11-14T13:55:16+08:00 ] 222.209.9.167 /Order/orderList/p/1
INFO: [ app_init ] --START--
INFO: Run Behavior\BuildLiteBehavior [ RunTime:0.000013s ]
INFO: [ app_init ] --END-- [ RunTime:0.000304s ]
INFO: [ app_begin ] --START--
INFO: Run Behavior\ReadHtmlCacheBehavior [ RunTime:0.000384s ]
INFO: [ app_begin ] --END-- [ RunTime:0.000415s ]
SQL: SHOW COLUMNS FROM `db_order` [ RunTime:0.0017s ]
SQL: show  FULL columns from db_order [ RunTime:0.0014s ]
SQL: SHOW COLUMNS FROM `db_user` [ RunTime:0.0013s ]
SQL: show  FULL columns from db_user [ RunTime:0.0013s ]
ERR: Return value of Admin\Controller\OrderController::parseWhere() must be an instance of Common\TraitClass\void, none returned

[ 2018-11-14T13:55:29+08:00 ] 222.209.9.167 /Order/orderList/p/1
INFO: [ app_init ] --START--
INFO: Run Behavior\BuildLiteBehavior [ RunTime:0.000007s ]
INFO: [ app_init ] --END-- [ RunTime:0.000232s ]
INFO: [ app_begin ] --START--
INFO: Run Behavior\ReadHtmlCacheBehavior [ RunTime:0.000392s ]
INFO: [ app_begin ] --END-- [ RunTime:0.000680s ]
SQL: SHOW COLUMNS FROM `db_order` [ RunTime:0.0014s ]
SQL: show  FULL columns from db_order [ RunTime:0.0014s ]
SQL: SHOW COLUMNS FROM `db_user` [ RunTime:0.0013s ]
SQL: show  FULL columns from db_user [ RunTime:0.0012s ]
ERR: Return value of Admin\Controller\OrderController::parseWhere() must be an instance of Common\TraitClass\void, none returned

[ 2018-11-14T13:55:29+08:00 ] 222.209.9.167 /OrderStatus/getOrderAllStatus
INFO: [ app_init ] --START--
INFO: Run Behavior\BuildLiteBehavior [ RunTime:0.000008s ]
INFO: [ app_init ] --END-- [ RunTime:0.000239s ]
INFO: [ app_begin ] --START--
INFO: Run Behavior\ReadHtmlCacheBehavior [ RunTime:0.000423s ]
INFO: [ app_begin ] --END-- [ RunTime:0.000459s ]

[ 2018-11-14T13:55:47+08:00 ] 222.209.9.167 /OrderStatus/getOrderAllStatus
INFO: [ app_init ] --START--
INFO: Run Behavior\BuildLiteBehavior [ RunTime:0.000008s ]
INFO: [ app_init ] --END-- [ RunTime:0.011387s ]
INFO: [ app_begin ] --START--
INFO: Run Behavior\ReadHtmlCacheBehavior [ RunTime:0.000360s ]
INFO: [ app_begin ] --END-- [ RunTime:0.000398s ]

[ 2018-11-14T13:55:48+08:00 ] 222.209.9.167 /Order/orderList/p/1
INFO: [ app_init ] --START--
INFO: Run Behavior\BuildLiteBehavior [ RunTime:0.000007s ]
INFO: [ app_init ] --END-- [ RunTime:0.000238s ]
INFO: [ app_begin ] --START--
INFO: Run Behavior\ReadHtmlCacheBehavior [ RunTime:0.000375s ]
INFO: [ app_begin ] --END-- [ RunTime:0.000406s ]
SQL: SHOW COLUMNS FROM `db_order` [ RunTime:0.0016s ]
SQL: show  FULL columns from db_order [ RunTime:0.0014s ]
SQL: SHOW COLUMNS FROM `db_user` [ RunTime:0.0014s ]
SQL: show  FULL columns from db_user [ RunTime:0.0011s ]
ERR: Return value of Admin\Controller\OrderController::parseWhere() must be an instance of Common\TraitClass\void, none returned

[ 2018-11-14T13:59:14+08:00 ] 222.209.9.167 /Order/orderList/p/1
INFO: [ app_init ] --START--
INFO: Run Behavior\BuildLiteBehavior [ RunTime:0.000007s ]
INFO: [ app_init ] --END-- [ RunTime:0.000245s ]
INFO: [ app_begin ] --START--
INFO: Run Behavior\ReadHtmlCacheBehavior [ RunTime:0.000469s ]
INFO: [ app_begin ] --END-- [ RunTime:0.000497s ]
SQL: SHOW COLUMNS FROM `db_order` [ RunTime:0.0015s ]
SQL: show  FULL columns from db_order [ RunTime:0.0012s ]
SQL: SHOW COLUMNS FROM `db_user` [ RunTime:0.0012s ]
SQL: show  FULL columns from db_user [ RunTime:0.0013s ]
ERR: Return value of Admin\Controller\OrderController::parseWhere() must be an instance of Common\TraitClass\void, none returned

[ 2018-11-14T13:59:14+08:00 ] 222.209.9.167 /OrderStatus/getOrderAllStatus
INFO: [ app_init ] --START--
INFO: Run Behavior\BuildLiteBehavior [ RunTime:0.000007s ]
INFO: [ app_init ] --END-- [ RunTime:0.000240s ]
INFO: [ app_begin ] --START--
INFO: Run Behavior\ReadHtmlCacheBehavior [ RunTime:0.022390s ]
INFO: [ app_begin ] --END-- [ RunTime:0.022431s ]

